
                  X               _temp_91    

                0.                 1.24703E+03
                1.E+06             1.24703E+03
                2.E+06             1.24703E+03
                3.E+06             1.24703E+03
                5.E+06             1.24703E+03
                9.E+06             1.24703E+03
               17.E+06             1.24703E+03
               33.E+06             1.24703E+03
               65.E+06             1.24703E+03
              129.E+06             1.24703E+03
              257.E+06             1.24703E+03
              513.E+06             1.24703E+03
                1.025E+09          1.24704E+03
                2.049E+09          1.24704E+03
                4.097E+09          1.24705E+03
                8.193E+09          1.24707E+03
               15.8595E+09         1.2471E+03 
               23.526E+09          1.24713E+03
               31.1925E+09         1.24717E+03
               40.9144E+09         1.24721E+03
               50.6363E+09         1.24724E+03
               60.3582E+09         1.24728E+03
               70.0801E+09         1.24732E+03
               82.0782E+09         1.24736E+03
               94.0763E+09         1.2474E+03 
              106.074E+09          1.24745E+03
              118.072E+09          1.24749E+03
              133.295E+09          1.24754E+03
              148.518E+09          1.24759E+03
              163.74E+09           1.24763E+03
              182.23E+09           1.24769E+03
              200.72E+09           1.24775E+03
              219.21E+09           1.2478E+03 
              241.693E+09          1.24786E+03
              264.176E+09          1.24793E+03
              286.66E+09           1.24799E+03
              313.835E+09          1.24806E+03
              341.011E+09          1.24813E+03
              368.187E+09          1.2482E+03 
              395.363E+09          1.24827E+03
              429.305E+09          1.24836E+03
              463.246E+09          1.24844E+03
              497.187E+09          1.24852E+03
              531.128E+09          1.2486E+03 
              573.909E+09          1.2487E+03 
              616.69E+09           1.24879E+03
              659.471E+09          1.24889E+03
              702.252E+09          1.24898E+03
              755.746E+09          1.24909E+03
              809.24E+09           1.24921E+03
              862.733E+09          1.24932E+03
              916.227E+09          1.24943E+03
              983.871E+09          1.24956E+03
                1.05152E+12        1.24969E+03
                1.11916E+12        1.24982E+03
                1.20133E+12        1.24997E+03
                1.28349E+12        1.25012E+03
                1.36566E+12        1.25027E+03
                1.4664E+12         1.25044E+03
                1.56713E+12        1.25061E+03
                1.66787E+12        1.25078E+03
                1.76861E+12        1.25094E+03
                1.89431E+12        1.25113E+03
                2.02001E+12        1.25132E+03
                2.14572E+12        1.25151E+03
                2.27142E+12        1.25169E+03
                2.39712E+12        1.25186E+03
                2.52283E+12        1.25203E+03
                2.64853E+12        1.25219E+03
                2.80435E+12        1.25239E+03
                2.96017E+12        1.25258E+03
                2.99912E+12        1.25263E+03
                3.05755E+12        1.2527E+03 
                3.1452E+12         1.2528E+03 
                3.27667E+12        1.25295E+03
                3.44793E+12        1.25313E+03
                3.61919E+12        1.25331E+03
                3.79045E+12        1.25349E+03
                4.01216E+12        1.2537E+03 
                4.23387E+12        1.2539E+03 
                4.45558E+12        1.2541E+03 
                4.7704E+12         1.25435E+03
                5.08522E+12        1.25459E+03
                5.40003E+12        1.25482E+03
                5.51512E+12        1.2549E+03 
                5.74531E+12        1.25505E+03
                6.09058E+12        1.25525E+03
                6.22006E+12        1.25533E+03
                6.47902E+12        1.25547E+03
                6.86745E+12        1.25566E+03
                7.01311E+12        1.25573E+03
                7.30444E+12        1.25586E+03
                7.74143E+12        1.25603E+03
                8.39691E+12        1.25624E+03
                8.6062E+12         1.25631E+03
                9.02478E+12        1.25642E+03
                9.65265E+12        1.25655E+03
                9.88407E+12        1.2566E+03 
               10.3469E+12         1.25668E+03
               11.0412E+12         1.25676E+03
               11.2899E+12         1.25678E+03
               11.4142E+12         1.25679E+03
               11.663E+12          1.25681E+03
               11.7562E+12         1.25682E+03
               11.8961E+12         1.25683E+03
               12.106E+12          1.25684E+03
               12.4207E+12         1.25685E+03
               12.8929E+12         1.25685E+03
               13.0699E+12         1.25685E+03
               13.4241E+12         1.25684E+03
               13.9552E+12         1.25682E+03
               14.1544E+12         1.25681E+03
               14.5528E+12         1.25679E+03
               15.3495E+12         1.25671E+03
               15.6425E+12         1.25668E+03
               16.2285E+12         1.25661E+03
               17.1074E+12         1.25648E+03
               17.3271E+12         1.25644E+03
               17.5468E+12         1.25641E+03
               17.8764E+12         1.25635E+03
               18.206E+12          1.25629E+03
               18.2884E+12         1.25628E+03
               18.4532E+12         1.25625E+03
               18.7828E+12         1.25618E+03
               19.2772E+12         1.25608E+03
               19.7716E+12         1.25597E+03
               20.266E+12          1.25586E+03
               20.4514E+12         1.25582E+03
               20.8222E+12         1.25573E+03
               21.3783E+12         1.2556E+03 
               21.5869E+12         1.25554E+03
               22.0041E+12         1.25544E+03
               22.1605E+12         1.2554E+03 
               22.4733E+12         1.25531E+03
               23.099E+12          1.25514E+03
               23.3337E+12         1.25508E+03
               23.803E+12          1.25495E+03
               24.7415E+12         1.25467E+03
               25.0935E+12         1.25457E+03
               25.7974E+12         1.25435E+03
               26.0614E+12         1.25427E+03
               26.5893E+12         1.2541E+03 
               26.7873E+12         1.25404E+03
               27.1833E+12         1.25391E+03
               27.3813E+12         1.25385E+03
               27.7772E+12         1.25372E+03
               28.3711E+12         1.25352E+03
               28.5939E+12         1.25345E+03
               29.0393E+12         1.2533E+03 
               29.9302E+12         1.25299E+03
               30.2643E+12         1.25288E+03
               30.9325E+12         1.25265E+03
               31.9348E+12         1.2523E+03 
               32.3106E+12         1.25217E+03
               33.0623E+12         1.25191E+03
               33.3442E+12         1.25181E+03
               33.908E+12          1.25162E+03
               34.1899E+12         1.25152E+03
               34.7536E+12         1.25134E+03
               35.0355E+12         1.25125E+03
               35.5993E+12         1.25108E+03
               35.8812E+12         1.251E+03  
               36.445E+12          1.25084E+03
               36.7269E+12         1.25077E+03
               37.2906E+12         1.25063E+03
               37.5725E+12         1.25056E+03
               38.1363E+12         1.25044E+03
               38.982E+12          1.25029E+03
               39.2991E+12         1.25023E+03
               39.9333E+12         1.25014E+03
               40.8847E+12         1.25004E+03
               41.2415E+12         1.25002E+03
               41.955E+12          1.24998E+03
               43.0253E+12         1.24996E+03
               44.0956E+12         1.24998E+03
               44.3631E+12         1.25E+03   
               44.8983E+12         1.25004E+03
               45.1659E+12         1.25007E+03
               45.701E+12          1.25012E+03
               45.9017E+12         1.25015E+03
               46.303E+12          1.2502E+03 
               46.5037E+12         1.25023E+03
               46.9051E+12         1.25028E+03
               47.0556E+12         1.25031E+03
               47.3566E+12         1.25035E+03
               47.5071E+12         1.25038E+03
               47.8081E+12         1.25043E+03
               48.2597E+12         1.25051E+03
               48.7112E+12         1.2506E+03 
               49.1627E+12         1.25069E+03
               50.0658E+12         1.25087E+03
               50.4044E+12         1.25096E+03
               51.0817E+12         1.25112E+03
               52.0977E+12         1.25138E+03
               52.4787E+12         1.25149E+03
               53.2406E+12         1.25171E+03
               54.3835E+12         1.25204E+03
               54.8121E+12         1.25218E+03
               55.6693E+12         1.25246E+03
               55.9908E+12         1.25258E+03
               56.6337E+12         1.2528E+03 
               57.598E+12          1.25313E+03
               58.5624E+12         1.25346E+03
               58.8035E+12         1.25356E+03
               59.2857E+12         1.25374E+03
               59.5268E+12         1.25384E+03
               60.0089E+12         1.25402E+03
               60.7322E+12         1.25429E+03
               61.0034E+12         1.2544E+03 
               61.4102E+12         1.25456E+03
               62.0205E+12         1.25479E+03
               62.2493E+12         1.25489E+03
               62.5926E+12         1.25502E+03
               63.1075E+12         1.25522E+03
               63.8799E+12         1.25552E+03
               64.1695E+12         1.25563E+03
               64.604E+12          1.2558E+03 
               65.2556E+12         1.25605E+03
               66.2331E+12         1.25641E+03
               67.6994E+12         1.25693E+03
               68.2492E+12         1.25714E+03
               69.3489E+12         1.25753E+03
               69.7613E+12         1.25768E+03
               70.5861E+12         1.25797E+03
               71.8232E+12         1.25839E+03
               73.0604E+12         1.25879E+03
               74.2976E+12         1.25918E+03
               75.5347E+12         1.25957E+03
               76.7719E+12         1.25995E+03
               77.2358E+12         1.2601E+03 
               77.4678E+12         1.26017E+03
               77.9317E+12         1.26032E+03
               78.1637E+12         1.26039E+03
               78.2797E+12         1.26043E+03
               78.5116E+12         1.2605E+03 
               78.8596E+12         1.26061E+03
               79.3815E+12         1.26077E+03
               79.9034E+12         1.26093E+03
               80.4254E+12         1.26108E+03
               81.2083E+12         1.2613E+03 
               82.3826E+12         1.26163E+03
               84.1441E+12         1.26208E+03
               84.8046E+12         1.26227E+03
               86.1258E+12         1.26262E+03
               86.6212E+12         1.26276E+03
               87.612E+12          1.26302E+03
               87.9836E+12         1.26313E+03
               88.541E+12          1.26328E+03
               88.75E+12           1.26334E+03
               89.0635E+12         1.26342E+03
               89.5337E+12         1.26355E+03
               89.7101E+12         1.2636E+03 
               90.0628E+12         1.2637E+03 
               90.2391E+12         1.26374E+03
               90.3273E+12         1.26377E+03
               90.5036E+12         1.26382E+03
               90.5698E+12         1.26384E+03
               90.669E+12          1.26386E+03
               90.8178E+12         1.2639E+03 
               91.041E+12          1.26397E+03
               91.3757E+12         1.26406E+03
               91.8779E+12         1.2642E+03 
               92.6312E+12         1.2644E+03 
               93.7611E+12         1.26469E+03
               95.456E+12          1.2651E+03 
               97.1508E+12         1.26551E+03
               98.8457E+12         1.26591E+03
               99.4813E+12         1.26607E+03
              100.435E+12          1.26629E+03
              102.341E+12          1.26667E+03
              103.056E+12          1.26683E+03
              104.486E+12          1.26711E+03
              105.201E+12          1.26725E+03
              106.631E+12          1.2675E+03 
              107.346E+12          1.26763E+03
              108.777E+12          1.26784E+03
              110.922E+12          1.26812E+03
              111.726E+12          1.26824E+03
              113.335E+12          1.26843E+03
              115.748E+12          1.26865E+03
              116.653E+12          1.26875E+03
              118.463E+12          1.2689E+03 
              119.142E+12          1.26897E+03
              120.499E+12          1.26907E+03
              121.178E+12          1.26912E+03
              122.535E+12          1.26919E+03
              125.25E+12           1.26926E+03
              126.268E+12          1.26931E+03
              128.304E+12          1.26934E+03
              131.358E+12          1.26932E+03
              134.412E+12          1.26926E+03
              135.176E+12          1.26927E+03
              136.703E+12          1.26924E+03
              137.467E+12          1.26923E+03
              138.994E+12          1.26918E+03
              139.757E+12          1.26915E+03
              141.284E+12          1.26908E+03
              142.048E+12          1.26905E+03
              143.575E+12          1.26896E+03
              144.148E+12          1.26892E+03
              145.293E+12          1.26885E+03
              147.011E+12          1.26872E+03
              149.588E+12          1.26848E+03
              150.554E+12          1.2684E+03 
              152.487E+12          1.26821E+03
              153.212E+12          1.26815E+03
              154.299E+12          1.26804E+03
              155.93E+12           1.26786E+03
              156.541E+12          1.26779E+03
              157.459E+12          1.26768E+03
              158.835E+12          1.26751E+03
              160.898E+12          1.26723E+03
              161.672E+12          1.26713E+03
              162.833E+12          1.26698E+03
              163.269E+12          1.26692E+03
              164.139E+12          1.2668E+03 
              164.466E+12          1.26675E+03
              165.119E+12          1.26666E+03
              165.446E+12          1.26661E+03
              166.099E+12          1.26651E+03
              166.343E+12          1.26648E+03
              166.833E+12          1.26641E+03
              167.568E+12          1.26629E+03
              168.67E+12           1.26612E+03
              170.323E+12          1.26584E+03
              172.802E+12          1.26539E+03
              176.522E+12          1.26468E+03
              177.916E+12          1.26443E+03
              180.706E+12          1.26387E+03
              181.752E+12          1.26367E+03
              183.844E+12          1.26324E+03
              184.89E+12           1.26303E+03
              186.982E+12          1.26258E+03
              190.12E+12           1.26188E+03
              191.297E+12          1.26162E+03
              193.65E+12           1.26109E+03
              197.181E+12          1.26024E+03
              198.505E+12          1.25994E+03
              201.152E+12          1.25929E+03
              205.124E+12          1.25828E+03
              206.613E+12          1.25792E+03
              209.592E+12          1.25715E+03
              214.06E+12           1.25596E+03
              215.736E+12          1.25552E+03
              219.087E+12          1.25461E+03
              224.114E+12          1.25322E+03
              231.654E+12          1.25106E+03
              233.539E+12          1.25054E+03
              235.423E+12          1.25001E+03
              239.193E+12          1.24892E+03
              244.848E+12          1.24726E+03
              246.969E+12          1.24665E+03
              251.21E+12           1.24539E+03
              257.572E+12          1.24349E+03
              259.958E+12          1.24278E+03
              261.151E+12          1.24243E+03
              263.536E+12          1.24172E+03
              264.729E+12          1.24136E+03
              267.115E+12          1.24064E+03
              270.693E+12          1.23956E+03
              272.035E+12          1.23915E+03
              274.048E+12          1.23855E+03
              277.068E+12          1.23763E+03
              281.597E+12          1.23625E+03
              283.295E+12          1.23573E+03
              286.692E+12          1.2347E+03 
              288.39E+12           1.23418E+03
              291.787E+12          1.23314E+03
              298.581E+12          1.23106E+03
              301.128E+12          1.23028E+03
              306.224E+12          1.22873E+03
              308.134E+12          1.22815E+03
              311.956E+12          1.22698E+03
              319.599E+12          1.22464E+03
              322.465E+12          1.22377E+03
              328.197E+12          1.22203E+03
              330.346E+12          1.22138E+03
              334.645E+12          1.22008E+03
              341.094E+12          1.21812E+03
              343.512E+12          1.2174E+03 
              348.349E+12          1.21594E+03
              355.603E+12          1.21376E+03
              358.324E+12          1.21295E+03
              363.765E+12          1.21133E+03
              371.926E+12          1.20891E+03
              384.169E+12          1.20532E+03
              388.76E+12           1.20398E+03
              395.646E+12          1.20199E+03
              405.975E+12          1.19902E+03
              421.47E+12           1.19465E+03
              436.964E+12          1.19034E+03
              452.458E+12          1.18611E+03
              475.699E+12          1.17991E+03
              481.509E+12          1.17838E+03
              487.32E+12           1.17686E+03
              498.94E+12           1.17384E+03
              516.371E+12          1.16938E+03
              522.908E+12          1.16772E+03
              535.981E+12          1.16444E+03
              555.591E+12          1.1596E+03 
              562.945E+12          1.1578E+03 
              577.652E+12          1.15424E+03
              599.713E+12          1.14899E+03
              632.805E+12          1.14132E+03
              645.214E+12          1.13848E+03
              670.033E+12          1.13291E+03
              707.261E+12          1.1248E+03 
              744.489E+12          1.11694E+03
              781.717E+12          1.10931E+03
              837.559E+12          1.09838E+03
              851.519E+12          1.09567E+03
              865.48E+12           1.093E+03  
              893.401E+12          1.08778E+03
              935.282E+12          1.08019E+03
              939.209E+12          1.07948E+03
              945.099E+12          1.07842E+03
              948.043E+12          1.0779E+03 
              953.933E+12          1.07684E+03
              956.878E+12          1.07632E+03
              958.35E+12           1.07606E+03
              961.295E+12          1.07554E+03
              962.399E+12          1.07534E+03
              964.608E+12          1.07495E+03
              965.436E+12          1.0748E+03 
              967.092E+12          1.07451E+03
              969.577E+12          1.07407E+03
              973.304E+12          1.07342E+03
              975.168E+12          1.07309E+03
              977.963E+12          1.0726E+03 
              982.156E+12          1.07187E+03
              988.445E+12          1.07078E+03
              997.879E+12          1.06915E+03
                1.01203E+15        1.06674E+03
                1.03326E+15        1.06318E+03
                1.0651E+15         1.05797E+03
                1.12878E+15        1.04802E+03
                1.22429E+15        1.03405E+03
                1.32429E+15        1.02037E+03
                1.42429E+15        1.00754E+03
                1.52429E+15      995.479      
                1.62429E+15      984.119      
                1.72429E+15      973.398      
                1.82429E+15      963.259      
                1.92429E+15      953.654      
                2.02429E+15      944.538      
                2.12429E+15      935.873      
                2.22429E+15      927.623      
                2.32429E+15      919.757      
                2.42429E+15      912.248      
                2.52429E+15      905.068      
                2.62429E+15      898.195      
                2.72429E+15      891.61       
                2.82429E+15      885.292      
                2.92429E+15      879.225      
                3.02429E+15      873.391      
                3.12429E+15      867.778      
                3.22429E+15      862.371      
                3.32429E+15      857.16       
                3.42429E+15      852.133      
                3.52429E+15      847.278      
                3.62429E+15      842.586      
                3.72429E+15      838.049      
                3.82429E+15      833.66       
                3.92429E+15      829.409      
                4.E+15           826.268      





                  X               _temp_91    

                0.                 1.24703E+03
                1.E+06             1.24703E+03
                2.E+06             1.24703E+03
                3.E+06             1.24703E+03
                5.E+06             1.24703E+03
                9.E+06             1.24703E+03
               17.E+06             1.24703E+03
               33.E+06             1.24703E+03
               65.E+06             1.24703E+03
              129.E+06             1.24703E+03
              257.E+06             1.24703E+03
              513.E+06             1.24703E+03
                1.025E+09          1.24704E+03
                2.049E+09          1.24704E+03
                4.097E+09          1.24705E+03
                8.193E+09          1.24707E+03
               15.8595E+09         1.2471E+03 
               23.526E+09          1.24713E+03
               31.1925E+09         1.24717E+03
               40.9144E+09         1.24721E+03
               50.6363E+09         1.24724E+03
               60.3582E+09         1.24728E+03
               70.0801E+09         1.24732E+03
               82.0782E+09         1.24736E+03
               94.0763E+09         1.2474E+03 
              106.074E+09          1.24745E+03
              118.072E+09          1.24749E+03
              133.295E+09          1.24754E+03
              148.518E+09          1.24759E+03
              163.74E+09           1.24763E+03
              182.23E+09           1.24769E+03
              200.72E+09           1.24775E+03
              219.21E+09           1.2478E+03 
              241.693E+09          1.24786E+03
              264.176E+09          1.24793E+03
              286.66E+09           1.24799E+03
              313.835E+09          1.24806E+03
              341.011E+09          1.24813E+03
              368.187E+09          1.2482E+03 
              395.363E+09          1.24827E+03
              429.305E+09          1.24836E+03
              463.246E+09          1.24844E+03
              497.187E+09          1.24852E+03
              531.128E+09          1.2486E+03 
              573.909E+09          1.2487E+03 
              616.69E+09           1.24879E+03
              659.471E+09          1.24889E+03
              702.252E+09          1.24898E+03
              755.746E+09          1.24909E+03
              809.24E+09           1.24921E+03
              862.733E+09          1.24932E+03
              916.227E+09          1.24943E+03
              983.871E+09          1.24956E+03
                1.05152E+12        1.24969E+03
                1.11916E+12        1.24982E+03
                1.20133E+12        1.24997E+03
                1.28349E+12        1.25012E+03
                1.36566E+12        1.25027E+03
                1.4664E+12         1.25044E+03
                1.56713E+12        1.25061E+03
                1.66787E+12        1.25078E+03
                1.76861E+12        1.25094E+03
                1.89431E+12        1.25113E+03
                2.02001E+12        1.25132E+03
                2.14572E+12        1.25151E+03
                2.27142E+12        1.25169E+03
                2.39712E+12        1.25186E+03
                2.52283E+12        1.25203E+03
                2.64853E+12        1.25219E+03
                2.80435E+12        1.25239E+03
                2.96017E+12        1.25258E+03
                2.99912E+12        1.25263E+03
                3.05755E+12        1.2527E+03 
                3.1452E+12         1.2528E+03 
                3.27667E+12        1.25295E+03
                3.44793E+12        1.25313E+03
                3.61919E+12        1.25331E+03
                3.79045E+12        1.25349E+03
                4.01216E+12        1.2537E+03 
                4.23387E+12        1.2539E+03 
                4.45558E+12        1.2541E+03 
                4.7704E+12         1.25435E+03
                5.08522E+12        1.25459E+03
                5.40003E+12        1.25482E+03
                5.51512E+12        1.2549E+03 
                5.74531E+12        1.25505E+03
                6.09058E+12        1.25525E+03
                6.22006E+12        1.25533E+03
                6.47902E+12        1.25547E+03
                6.86745E+12        1.25566E+03
                7.01311E+12        1.25573E+03
                7.30444E+12        1.25586E+03
                7.74143E+12        1.25603E+03
                8.39691E+12        1.25624E+03
                8.6062E+12         1.25631E+03
                9.02478E+12        1.25642E+03
                9.65265E+12        1.25655E+03
                9.88407E+12        1.2566E+03 
               10.3469E+12         1.25668E+03
               11.0412E+12         1.25676E+03
               11.2899E+12         1.25678E+03
               11.4142E+12         1.25679E+03
               11.663E+12          1.25681E+03
               11.7562E+12         1.25682E+03
               11.8961E+12         1.25683E+03
               12.106E+12          1.25684E+03
               12.4207E+12         1.25685E+03
               12.8929E+12         1.25685E+03
               13.0699E+12         1.25685E+03
               13.4241E+12         1.25684E+03
               13.9552E+12         1.25682E+03
               14.1544E+12         1.25681E+03
               14.5528E+12         1.25679E+03
               15.3495E+12         1.25671E+03
               15.6425E+12         1.25668E+03
               16.2285E+12         1.25661E+03
               17.1074E+12         1.25648E+03
               17.3271E+12         1.25644E+03
               17.5468E+12         1.25641E+03
               17.8764E+12         1.25635E+03
               18.206E+12          1.25629E+03
               18.2884E+12         1.25628E+03
               18.4532E+12         1.25625E+03
               18.7828E+12         1.25618E+03
               19.2772E+12         1.25608E+03
               19.7716E+12         1.25597E+03
               20.266E+12          1.25586E+03
               20.4514E+12         1.25582E+03
               20.8222E+12         1.25573E+03
               21.3783E+12         1.2556E+03 
               21.5869E+12         1.25554E+03
               22.0041E+12         1.25544E+03
               22.1605E+12         1.2554E+03 
               22.4733E+12         1.25531E+03
               23.099E+12          1.25514E+03
               23.3337E+12         1.25508E+03
               23.803E+12          1.25495E+03
               24.7415E+12         1.25467E+03
               25.0935E+12         1.25457E+03
               25.7974E+12         1.25435E+03
               26.0614E+12         1.25427E+03
               26.5893E+12         1.2541E+03 
               26.7873E+12         1.25404E+03
               27.1833E+12         1.25391E+03
               27.3813E+12         1.25385E+03
               27.7772E+12         1.25372E+03
               28.3711E+12         1.25352E+03
               28.5939E+12         1.25345E+03
               29.0393E+12         1.2533E+03 
               29.9302E+12         1.25299E+03
               30.2643E+12         1.25288E+03
               30.9325E+12         1.25265E+03
               31.9348E+12         1.2523E+03 
               32.3106E+12         1.25217E+03
               33.0623E+12         1.25191E+03
               33.3442E+12         1.25181E+03
               33.908E+12          1.25162E+03
               34.1899E+12         1.25152E+03
               34.7536E+12         1.25134E+03
               35.0355E+12         1.25125E+03
               35.5993E+12         1.25108E+03
               35.8812E+12         1.251E+03  
               36.445E+12          1.25084E+03
               36.7269E+12         1.25077E+03
               37.2906E+12         1.25063E+03
               37.5725E+12         1.25056E+03
               38.1363E+12         1.25044E+03
               38.982E+12          1.25029E+03
               39.2991E+12         1.25023E+03
               39.9333E+12         1.25014E+03
               40.8847E+12         1.25004E+03
               41.2415E+12         1.25002E+03
               41.955E+12          1.24998E+03
               43.0253E+12         1.24996E+03
               44.0956E+12         1.24998E+03
               44.3631E+12         1.25E+03   
               44.8983E+12         1.25004E+03
               45.1659E+12         1.25007E+03
               45.701E+12          1.25012E+03
               45.9017E+12         1.25015E+03
               46.303E+12          1.2502E+03 
               46.5037E+12         1.25023E+03
               46.9051E+12         1.25028E+03
               47.0556E+12         1.25031E+03
               47.3566E+12         1.25035E+03
               47.5071E+12         1.25038E+03
               47.8081E+12         1.25043E+03
               48.2597E+12         1.25051E+03
               48.7112E+12         1.2506E+03 
               49.1627E+12         1.25069E+03
               50.0658E+12         1.25087E+03
               50.4044E+12         1.25096E+03
               51.0817E+12         1.25112E+03
               52.0977E+12         1.25138E+03
               52.4787E+12         1.25149E+03
               53.2406E+12         1.25171E+03
               54.3835E+12         1.25204E+03
               54.8121E+12         1.25218E+03
               55.6693E+12         1.25246E+03
               55.9908E+12         1.25258E+03
               56.6337E+12         1.2528E+03 
               57.598E+12          1.25313E+03
               58.5624E+12         1.25346E+03
               58.8035E+12         1.25356E+03
               59.2857E+12         1.25374E+03
               59.5268E+12         1.25384E+03
               60.0089E+12         1.25402E+03
               60.7322E+12         1.25429E+03
               61.0034E+12         1.2544E+03 
               61.4102E+12         1.25456E+03
               62.0205E+12         1.25479E+03
               62.2493E+12         1.25489E+03
               62.5926E+12         1.25502E+03
               63.1075E+12         1.25522E+03
               63.8799E+12         1.25552E+03
               64.1695E+12         1.25563E+03
               64.604E+12          1.2558E+03 
               65.2556E+12         1.25605E+03
               66.2331E+12         1.25641E+03
               67.6994E+12         1.25693E+03
               68.2492E+12         1.25714E+03
               69.3489E+12         1.25753E+03
               69.7613E+12         1.25768E+03
               70.5861E+12         1.25797E+03
               71.8232E+12         1.25839E+03
               73.0604E+12         1.25879E+03
               74.2976E+12         1.25918E+03
               75.5347E+12         1.25957E+03
               76.7719E+12         1.25995E+03
               77.2358E+12         1.2601E+03 
               77.4678E+12         1.26017E+03
               77.9317E+12         1.26032E+03
               78.1637E+12         1.26039E+03
               78.2797E+12         1.26043E+03
               78.5116E+12         1.2605E+03 
               78.8596E+12         1.26061E+03
               79.3815E+12         1.26077E+03
               79.9034E+12         1.26093E+03
               80.4254E+12         1.26108E+03
               81.2083E+12         1.2613E+03 
               82.3826E+12         1.26163E+03
               84.1441E+12         1.26208E+03
               84.8046E+12         1.26227E+03
               86.1258E+12         1.26262E+03
               86.6212E+12         1.26276E+03
               87.612E+12          1.26302E+03
               87.9836E+12         1.26313E+03
               88.541E+12          1.26328E+03
               88.75E+12           1.26334E+03
               89.0635E+12         1.26342E+03
               89.5337E+12         1.26355E+03
               89.7101E+12         1.2636E+03 
               90.0628E+12         1.2637E+03 
               90.2391E+12         1.26374E+03
               90.3273E+12         1.26377E+03
               90.5036E+12         1.26382E+03
               90.5698E+12         1.26384E+03
               90.669E+12          1.26386E+03
               90.8178E+12         1.2639E+03 
               91.041E+12          1.26397E+03
               91.3757E+12         1.26406E+03
               91.8779E+12         1.2642E+03 
               92.6312E+12         1.2644E+03 
               93.7611E+12         1.26469E+03
               95.456E+12          1.2651E+03 
               97.1508E+12         1.26551E+03
               98.8457E+12         1.26591E+03
               99.4813E+12         1.26607E+03
              100.435E+12          1.26629E+03
              102.341E+12          1.26667E+03
              103.056E+12          1.26683E+03
              104.486E+12          1.26711E+03
              105.201E+12          1.26725E+03
              106.631E+12          1.2675E+03 
              107.346E+12          1.26763E+03
              108.777E+12          1.26784E+03
              110.922E+12          1.26812E+03
              111.726E+12          1.26824E+03
              113.335E+12          1.26843E+03
              115.748E+12          1.26865E+03
              116.653E+12          1.26875E+03
              118.463E+12          1.2689E+03 
              119.142E+12          1.26897E+03
              120.499E+12          1.26907E+03
              121.178E+12          1.26912E+03
              122.535E+12          1.26919E+03
              125.25E+12           1.26926E+03
              126.268E+12          1.26931E+03
              128.304E+12          1.26934E+03
              131.358E+12          1.26932E+03
              134.412E+12          1.26926E+03
              135.176E+12          1.26927E+03
              136.703E+12          1.26924E+03
              137.467E+12          1.26923E+03
              138.994E+12          1.26918E+03
              139.757E+12          1.26915E+03
              141.284E+12          1.26908E+03
              142.048E+12          1.26905E+03
              143.575E+12          1.26896E+03
              144.148E+12          1.26892E+03
              145.293E+12          1.26885E+03
              147.011E+12          1.26872E+03
              149.588E+12          1.26848E+03
              150.554E+12          1.2684E+03 
              152.487E+12          1.26821E+03
              153.212E+12          1.26815E+03
              154.299E+12          1.26804E+03
              155.93E+12           1.26786E+03
              156.541E+12          1.26779E+03
              157.459E+12          1.26768E+03
              158.835E+12          1.26751E+03
              160.898E+12          1.26723E+03
              161.672E+12          1.26713E+03
              162.833E+12          1.26698E+03
              163.269E+12          1.26692E+03
              164.139E+12          1.2668E+03 
              164.466E+12          1.26675E+03
              165.119E+12          1.26666E+03
              165.446E+12          1.26661E+03
              166.099E+12          1.26651E+03
              166.343E+12          1.26648E+03
              166.833E+12          1.26641E+03
              167.568E+12          1.26629E+03
              168.67E+12           1.26612E+03
              170.323E+12          1.26584E+03
              172.802E+12          1.26539E+03
              176.522E+12          1.26468E+03
              177.916E+12          1.26443E+03
              180.706E+12          1.26387E+03
              181.752E+12          1.26367E+03
              183.844E+12          1.26324E+03
              184.89E+12           1.26303E+03
              186.982E+12          1.26258E+03
              190.12E+12           1.26188E+03
              191.297E+12          1.26162E+03
              193.65E+12           1.26109E+03
              197.181E+12          1.26024E+03
              198.505E+12          1.25994E+03
              201.152E+12          1.25929E+03
              205.124E+12          1.25828E+03
              206.613E+12          1.25792E+03
              209.592E+12          1.25715E+03
              214.06E+12           1.25596E+03
              215.736E+12          1.25552E+03
              219.087E+12          1.25461E+03
              224.114E+12          1.25322E+03
              231.654E+12          1.25106E+03
              233.539E+12          1.25054E+03
              235.423E+12          1.25001E+03
              239.193E+12          1.24892E+03
              244.848E+12          1.24726E+03
              246.969E+12          1.24665E+03
              251.21E+12           1.24539E+03
              257.572E+12          1.24349E+03
              259.958E+12          1.24278E+03
              261.151E+12          1.24243E+03
              263.536E+12          1.24172E+03
              264.729E+12          1.24136E+03
              267.115E+12          1.24064E+03
              270.693E+12          1.23956E+03
              272.035E+12          1.23915E+03
              274.048E+12          1.23855E+03
              277.068E+12          1.23763E+03
              281.597E+12          1.23625E+03
              283.295E+12          1.23573E+03
              286.692E+12          1.2347E+03 
              288.39E+12           1.23418E+03
              291.787E+12          1.23314E+03
              298.581E+12          1.23106E+03
              301.128E+12          1.23028E+03
              306.224E+12          1.22873E+03
              308.134E+12          1.22815E+03
              311.956E+12          1.22698E+03
              319.599E+12          1.22464E+03
              322.465E+12          1.22377E+03
              328.197E+12          1.22203E+03
              330.346E+12          1.22138E+03
              334.645E+12          1.22008E+03
              341.094E+12          1.21812E+03
              343.512E+12          1.2174E+03 
              348.349E+12          1.21594E+03
              355.603E+12          1.21376E+03
              358.324E+12          1.21295E+03
              363.765E+12          1.21133E+03
              371.926E+12          1.20891E+03
              384.169E+12          1.20532E+03
              388.76E+12           1.20398E+03
              395.646E+12          1.20199E+03
              405.975E+12          1.19902E+03
              421.47E+12           1.19465E+03
              436.964E+12          1.19034E+03
              452.458E+12          1.18611E+03
              475.699E+12          1.17991E+03
              481.509E+12          1.17838E+03
              487.32E+12           1.17686E+03
              498.94E+12           1.17384E+03
              516.371E+12          1.16938E+03
              522.908E+12          1.16772E+03
              535.981E+12          1.16444E+03
              555.591E+12          1.1596E+03 
              562.945E+12          1.1578E+03 
              577.652E+12          1.15424E+03
              599.713E+12          1.14899E+03
              632.805E+12          1.14132E+03
              645.214E+12          1.13848E+03
              670.033E+12          1.13291E+03
              707.261E+12          1.1248E+03 
              744.489E+12          1.11694E+03
              781.717E+12          1.10931E+03
              837.559E+12          1.09838E+03
              851.519E+12          1.09567E+03
              865.48E+12           1.093E+03  
              893.401E+12          1.08778E+03
              935.282E+12          1.08019E+03
              939.209E+12          1.07948E+03
              945.099E+12          1.07842E+03
              948.043E+12          1.0779E+03 
              953.933E+12          1.07684E+03
              956.878E+12          1.07632E+03
              958.35E+12           1.07606E+03
              961.295E+12          1.07554E+03
              962.399E+12          1.07534E+03
              964.608E+12          1.07495E+03
              965.436E+12          1.0748E+03 
              967.092E+12          1.07451E+03
              969.577E+12          1.07407E+03
              973.304E+12          1.07342E+03
              975.168E+12          1.07309E+03
              977.963E+12          1.0726E+03 
              982.156E+12          1.07187E+03
              988.445E+12          1.07078E+03
              997.879E+12          1.06915E+03
                1.01203E+15        1.06674E+03
                1.03326E+15        1.06318E+03
                1.0651E+15         1.05797E+03
                1.12878E+15        1.04802E+03
                1.22429E+15        1.03405E+03
                1.32429E+15        1.02037E+03
                1.42429E+15        1.00754E+03
                1.52429E+15      995.479      
                1.62429E+15      984.119      
                1.72429E+15      973.398      
                1.82429E+15      963.259      
                1.92429E+15      953.654      
                2.02429E+15      944.538      
                2.12429E+15      935.873      
                2.22429E+15      927.623      
                2.32429E+15      919.757      
                2.42429E+15      912.248      
                2.52429E+15      905.068      
                2.62429E+15      898.195      
                2.72429E+15      891.61       
                2.82429E+15      885.292      
                2.92429E+15      879.225      
                3.02429E+15      873.391      
                3.12429E+15      867.778      
                3.22429E+15      862.371      
                3.32429E+15      857.16       
                3.42429E+15      852.133      
                3.52429E+15      847.278      
                3.62429E+15      842.586      
                3.72429E+15      838.049      
                3.82429E+15      833.66       
                3.92429E+15      829.409      
                4.E+15           826.268      




