
                  X              _temp_1576   

                0.               -38.946E+03  
                1.E+06           -42.107E+03  
                2.E+06           -42.1162E+03 
                3.E+06           -42.1252E+03 
                5.E+06           -42.1434E+03 
                9.E+06           -42.1791E+03 
               17.E+06           -42.2486E+03 
               33.E+06           -42.3815E+03 
               65.E+06           -42.6248E+03 
              129.E+06           -43.0332E+03 
              257.E+06           -43.6092E+03 
              513.E+06           -44.1888E+03 
                1.025E+09        -44.509E+03  
                2.049E+09        -44.5814E+03 
                4.097E+09        -44.5751E+03 
                8.193E+09        -44.5485E+03 
               15.8595E+09       -44.5105E+03 
               23.526E+09        -44.4819E+03 
               31.1925E+09       -44.4603E+03 
               40.9144E+09       -44.4407E+03 
               50.6363E+09       -44.4266E+03 
               60.3582E+09       -44.4165E+03 
               70.0801E+09       -44.4093E+03 
               82.0782E+09       -44.4033E+03 
               94.0763E+09       -44.3993E+03 
              106.074E+09        -44.3967E+03 
              118.072E+09        -44.395E+03  
              133.295E+09        -44.3937E+03 
              148.518E+09        -44.393E+03  
              163.74E+09         -44.3926E+03 
              182.23E+09         -44.3924E+03 
              200.72E+09         -44.3923E+03 
              219.21E+09         -44.3923E+03 
              241.693E+09        -44.3923E+03 
              264.176E+09        -44.3923E+03 
              286.66E+09         -44.3923E+03 
              313.835E+09        -44.3922E+03 
              341.011E+09        -44.3921E+03 
              368.187E+09        -44.392E+03  
              395.363E+09        -44.3918E+03 
              429.305E+09        -44.3916E+03 
              463.246E+09        -44.3914E+03 
              497.187E+09        -44.3911E+03 
              531.128E+09        -44.3909E+03 
              573.909E+09        -44.3906E+03 
              616.69E+09         -44.3902E+03 
              659.471E+09        -44.3899E+03 
              702.252E+09        -44.3896E+03 
              755.746E+09        -44.3892E+03 
              809.24E+09         -44.3888E+03 
              862.733E+09        -44.3885E+03 
              916.227E+09        -44.3882E+03 
              983.871E+09        -44.3878E+03 
                1.05152E+12      -44.3874E+03 
                1.11916E+12      -44.3871E+03 
                1.20133E+12      -44.3866E+03 
                1.28349E+12      -44.3861E+03 
                1.36566E+12      -44.3855E+03 
                1.4664E+12       -44.3849E+03 
                1.56713E+12      -44.3842E+03 
                1.66787E+12      -44.3837E+03 
                1.76861E+12      -44.3831E+03 
                1.89431E+12      -44.3824E+03 
                2.02001E+12      -44.3816E+03 
                2.14572E+12      -44.3808E+03 
                2.27142E+12      -44.3798E+03 
                2.39712E+12      -44.3789E+03 
                2.52283E+12      -44.378E+03  
                2.64853E+12      -44.377E+03  
                2.80435E+12      -44.3758E+03 
                2.96017E+12      -44.3745E+03 
                2.99912E+12      -44.3742E+03 
                3.05755E+12      -44.3736E+03 
                3.1452E+12       -44.3726E+03 
                3.27667E+12      -44.371E+03  
                3.44793E+12      -44.369E+03  
                3.61919E+12      -44.3671E+03 
                3.79045E+12      -44.3655E+03 
                4.01216E+12      -44.3633E+03 
                4.23387E+12      -44.3611E+03 
                4.45558E+12      -44.3588E+03 
                4.7704E+12       -44.3555E+03 
                5.08522E+12      -44.3522E+03 
                5.40003E+12      -44.349E+03  
                5.51512E+12      -44.3478E+03 
                5.74531E+12      -44.3454E+03 
                6.09058E+12      -44.3419E+03 
                6.22006E+12      -44.3408E+03 
                6.47902E+12      -44.3383E+03 
                6.86745E+12      -44.3345E+03 
                7.01311E+12      -44.3332E+03 
                7.30444E+12      -44.3304E+03 
                7.74143E+12      -44.3265E+03 
                8.39691E+12      -44.3206E+03 
                8.6062E+12       -44.3188E+03 
                9.02478E+12      -44.3151E+03 
                9.65265E+12      -44.3098E+03 
                9.88407E+12      -44.3078E+03 
               10.3469E+12       -44.304E+03  
               11.0412E+12       -44.2983E+03 
               11.2899E+12       -44.2963E+03 
               11.4142E+12       -44.2953E+03 
               11.663E+12        -44.2933E+03 
               11.7562E+12       -44.2926E+03 
               11.8961E+12       -44.2915E+03 
               12.106E+12        -44.29E+03   
               12.4207E+12       -44.2879E+03 
               12.8929E+12       -44.2849E+03 
               13.0699E+12       -44.2837E+03 
               13.4241E+12       -44.2815E+03 
               13.9552E+12       -44.2783E+03 
               14.1544E+12       -44.2772E+03 
               14.5528E+12       -44.2748E+03 
               15.3495E+12       -44.2702E+03 
               15.6425E+12       -44.2686E+03 
               16.2285E+12       -44.2654E+03 
               17.1074E+12       -44.2608E+03 
               17.3271E+12       -44.2598E+03 
               17.5468E+12       -44.2587E+03 
               17.8764E+12       -44.2571E+03 
               18.206E+12        -44.2557E+03 
               18.2884E+12       -44.2552E+03 
               18.4532E+12       -44.2545E+03 
               18.7828E+12       -44.2531E+03 
               19.2772E+12       -44.2508E+03 
               19.7716E+12       -44.2486E+03 
               20.266E+12        -44.2464E+03 
               20.4514E+12       -44.2456E+03 
               20.8222E+12       -44.2441E+03 
               21.3783E+12       -44.2419E+03 
               21.5869E+12       -44.241E+03  
               22.0041E+12       -44.2394E+03 
               22.1605E+12       -44.2388E+03 
               22.4733E+12       -44.2376E+03 
               23.099E+12        -44.2355E+03 
               23.3337E+12       -44.2347E+03 
               23.803E+12        -44.2332E+03 
               24.7415E+12       -44.2304E+03 
               25.0935E+12       -44.2294E+03 
               25.7974E+12       -44.2276E+03 
               26.0614E+12       -44.2269E+03 
               26.5893E+12       -44.2257E+03 
               26.7873E+12       -44.2252E+03 
               27.1833E+12       -44.2243E+03 
               27.3813E+12       -44.2239E+03 
               27.7772E+12       -44.223E+03  
               28.3711E+12       -44.2219E+03 
               28.5939E+12       -44.2214E+03 
               29.0393E+12       -44.2206E+03 
               29.9302E+12       -44.2192E+03 
               30.2643E+12       -44.2187E+03 
               30.9325E+12       -44.2177E+03 
               31.9348E+12       -44.2163E+03 
               32.3106E+12       -44.2159E+03 
               33.0623E+12       -44.2147E+03 
               33.3442E+12       -44.2143E+03 
               33.908E+12        -44.2134E+03 
               34.1899E+12       -44.2129E+03 
               34.7536E+12       -44.2119E+03 
               35.0355E+12       -44.2114E+03 
               35.5993E+12       -44.2102E+03 
               35.8812E+12       -44.2096E+03 
               36.445E+12        -44.2083E+03 
               36.7269E+12       -44.2077E+03 
               37.2906E+12       -44.2063E+03 
               37.5725E+12       -44.2056E+03 
               38.1363E+12       -44.2041E+03 
               38.982E+12        -44.2016E+03 
               39.2991E+12       -44.2006E+03 
               39.9333E+12       -44.1984E+03 
               40.8847E+12       -44.1948E+03 
               41.2415E+12       -44.1933E+03 
               41.955E+12        -44.1902E+03 
               43.0253E+12       -44.1849E+03 
               44.0956E+12       -44.1791E+03 
               44.3631E+12       -44.1776E+03 
               44.8983E+12       -44.1744E+03 
               45.1659E+12       -44.1726E+03 
               45.701E+12        -44.1691E+03 
               45.9017E+12       -44.1677E+03 
               46.303E+12        -44.1649E+03 
               46.5037E+12       -44.1635E+03 
               46.9051E+12       -44.1605E+03 
               47.0556E+12       -44.1593E+03 
               47.3566E+12       -44.157E+03  
               47.5071E+12       -44.1558E+03 
               47.8081E+12       -44.1533E+03 
               48.2597E+12       -44.1496E+03 
               48.7112E+12       -44.1457E+03 
               49.1627E+12       -44.1416E+03 
               50.0658E+12       -44.1331E+03 
               50.4044E+12       -44.1298E+03 
               51.0817E+12       -44.123E+03  
               52.0977E+12       -44.1123E+03 
               52.4787E+12       -44.1081E+03 
               53.2406E+12       -44.0995E+03 
               54.3835E+12       -44.0864E+03 
               54.8121E+12       -44.0813E+03 
               55.6693E+12       -44.0712E+03 
               55.9908E+12       -44.0674E+03 
               56.6337E+12       -44.0598E+03 
               57.598E+12        -44.0483E+03 
               58.5624E+12       -44.0367E+03 
               58.8035E+12       -44.0336E+03 
               59.2857E+12       -44.0276E+03 
               59.5268E+12       -44.0245E+03 
               60.0089E+12       -44.0183E+03 
               60.7322E+12       -44.0091E+03 
               61.0034E+12       -44.0056E+03 
               61.4102E+12       -44.0003E+03 
               62.0205E+12       -43.9923E+03 
               62.2493E+12       -43.9893E+03 
               62.5926E+12       -43.9849E+03 
               63.1075E+12       -43.9784E+03 
               63.8799E+12       -43.969E+03  
               64.1695E+12       -43.9654E+03 
               64.604E+12        -43.9603E+03 
               65.2556E+12       -43.9528E+03 
               66.2331E+12       -43.9423E+03 
               67.6994E+12       -43.9276E+03 
               68.2492E+12       -43.9222E+03 
               69.3489E+12       -43.912E+03  
               69.7613E+12       -43.9082E+03 
               70.5861E+12       -43.9008E+03 
               71.8232E+12       -43.8903E+03 
               73.0604E+12       -43.8801E+03 
               74.2976E+12       -43.8701E+03 
               75.5347E+12       -43.8604E+03 
               76.7719E+12       -43.8507E+03 
               77.2358E+12       -43.847E+03  
               77.4678E+12       -43.8452E+03 
               77.9317E+12       -43.8416E+03 
               78.1637E+12       -43.8398E+03 
               78.2797E+12       -43.8389E+03 
               78.5116E+12       -43.8372E+03 
               78.8596E+12       -43.8346E+03 
               79.3815E+12       -43.8306E+03 
               79.9034E+12       -43.8266E+03 
               80.4254E+12       -43.8225E+03 
               81.2083E+12       -43.8161E+03 
               82.3826E+12       -43.8066E+03 
               84.1441E+12       -43.7921E+03 
               84.8046E+12       -43.7866E+03 
               86.1258E+12       -43.7751E+03 
               86.6212E+12       -43.7707E+03 
               87.612E+12        -43.7618E+03 
               87.9836E+12       -43.7584E+03 
               88.541E+12        -43.7532E+03 
               88.75E+12         -43.7512E+03 
               89.0635E+12       -43.7483E+03 
               89.5337E+12       -43.744E+03  
               89.7101E+12       -43.7423E+03 
               90.0628E+12       -43.7389E+03 
               90.2391E+12       -43.7372E+03 
               90.3273E+12       -43.7364E+03 
               90.5036E+12       -43.7346E+03 
               90.5698E+12       -43.7339E+03 
               90.669E+12        -43.7329E+03 
               90.8178E+12       -43.7313E+03 
               91.041E+12        -43.7288E+03 
               91.3757E+12       -43.725E+03  
               91.8779E+12       -43.7195E+03 
               92.6312E+12       -43.7111E+03 
               93.7611E+12       -43.6988E+03 
               95.456E+12        -43.6812E+03 
               97.1508E+12       -43.6641E+03 
               98.8457E+12       -43.6474E+03 
               99.4813E+12       -43.641E+03  
              100.435E+12        -43.6318E+03 
              102.341E+12        -43.6136E+03 
              103.056E+12        -43.6067E+03 
              104.486E+12        -43.5932E+03 
              105.201E+12        -43.5864E+03 
              106.631E+12        -43.5731E+03 
              107.346E+12        -43.5665E+03 
              108.777E+12        -43.5534E+03 
              110.922E+12        -43.5339E+03 
              111.726E+12        -43.5265E+03 
              113.335E+12        -43.512E+03  
              115.748E+12        -43.4903E+03 
              116.653E+12        -43.4821E+03 
              118.463E+12        -43.4658E+03 
              119.142E+12        -43.4596E+03 
              120.499E+12        -43.4473E+03 
              121.178E+12        -43.4412E+03 
              122.535E+12        -43.4289E+03 
              125.25E+12         -43.4049E+03 
              126.268E+12        -43.3958E+03 
              128.304E+12        -43.378E+03  
              131.358E+12        -43.3516E+03 
              134.412E+12        -43.3259E+03 
              135.176E+12        -43.3195E+03 
              136.703E+12        -43.3067E+03 
              137.467E+12        -43.3004E+03 
              138.994E+12        -43.2878E+03 
              139.757E+12        -43.2815E+03 
              141.284E+12        -43.2692E+03 
              142.048E+12        -43.2631E+03 
              143.575E+12        -43.2511E+03 
              144.148E+12        -43.2466E+03 
              145.293E+12        -43.2378E+03 
              147.011E+12        -43.2248E+03 
              149.588E+12        -43.2058E+03 
              150.554E+12        -43.1988E+03 
              152.487E+12        -43.1849E+03 
              153.212E+12        -43.1797E+03 
              154.299E+12        -43.1719E+03 
              155.93E+12         -43.1604E+03 
              156.541E+12        -43.156E+03  
              157.459E+12        -43.1495E+03 
              158.835E+12        -43.1399E+03 
              160.898E+12        -43.1259E+03 
              161.672E+12        -43.1207E+03 
              162.833E+12        -43.1129E+03 
              163.269E+12        -43.11E+03   
              164.139E+12        -43.1042E+03 
              164.466E+12        -43.102E+03  
              165.119E+12        -43.0978E+03 
              165.446E+12        -43.0956E+03 
              166.099E+12        -43.0914E+03 
              166.343E+12        -43.0898E+03 
              166.833E+12        -43.0866E+03 
              167.568E+12        -43.0819E+03 
              168.67E+12         -43.0748E+03 
              170.323E+12        -43.0645E+03 
              172.802E+12        -43.0496E+03 
              176.522E+12        -43.0283E+03 
              177.916E+12        -43.0204E+03 
              180.706E+12        -43.005E+03  
              181.752E+12        -42.9993E+03 
              183.844E+12        -42.9882E+03 
              184.89E+12         -42.9827E+03 
              186.982E+12        -42.972E+03  
              190.12E+12         -42.9566E+03 
              191.297E+12        -42.9509E+03 
              193.65E+12         -42.9399E+03 
              197.181E+12        -42.9239E+03 
              198.505E+12        -42.9181E+03 
              201.152E+12        -42.9068E+03 
              205.124E+12        -42.8908E+03 
              206.613E+12        -42.8849E+03 
              209.592E+12        -42.8736E+03 
              214.06E+12         -42.8576E+03 
              215.736E+12        -42.8517E+03 
              219.087E+12        -42.8405E+03 
              224.114E+12        -42.8246E+03 
              231.654E+12        -42.8028E+03 
              233.539E+12        -42.7976E+03 
              235.423E+12        -42.7924E+03 
              239.193E+12        -42.7823E+03 
              244.848E+12        -42.7682E+03 
              246.969E+12        -42.7631E+03 
              251.21E+12         -42.7533E+03 
              257.572E+12        -42.7394E+03 
              259.958E+12        -42.7343E+03 
              261.151E+12        -42.7318E+03 
              263.536E+12        -42.727E+03  
              264.729E+12        -42.7246E+03 
              267.115E+12        -42.7201E+03 
              270.693E+12        -42.7135E+03 
              272.035E+12        -42.7111E+03 
              274.048E+12        -42.7074E+03 
              277.068E+12        -42.7019E+03 
              281.597E+12        -42.694E+03  
              283.295E+12        -42.6911E+03 
              286.692E+12        -42.6855E+03 
              288.39E+12         -42.6827E+03 
              291.787E+12        -42.6774E+03 
              298.581E+12        -42.6676E+03 
              301.128E+12        -42.6641E+03 
              306.224E+12        -42.6575E+03 
              308.134E+12        -42.6551E+03 
              311.956E+12        -42.6504E+03 
              319.599E+12        -42.6418E+03 
              322.465E+12        -42.6387E+03 
              328.197E+12        -42.6331E+03 
              330.346E+12        -42.631E+03  
              334.645E+12        -42.6272E+03 
              341.094E+12        -42.6217E+03 
              343.512E+12        -42.6198E+03 
              348.349E+12        -42.6161E+03 
              355.603E+12        -42.6111E+03 
              358.324E+12        -42.6094E+03 
              363.765E+12        -42.6063E+03 
              371.926E+12        -42.6021E+03 
              384.169E+12        -42.597E+03  
              388.76E+12         -42.5956E+03 
              395.646E+12        -42.5936E+03 
              405.975E+12        -42.591E+03  
              421.47E+12         -42.5882E+03 
              436.964E+12        -42.5863E+03 
              452.458E+12        -42.585E+03  
              475.699E+12        -42.5838E+03 
              481.509E+12        -42.5836E+03 
              487.32E+12         -42.5834E+03 
              498.94E+12         -42.5831E+03 
              516.371E+12        -42.5828E+03 
              522.908E+12        -42.5827E+03 
              535.981E+12        -42.5826E+03 
              555.591E+12        -42.5824E+03 
              562.945E+12        -42.5823E+03 
              577.652E+12        -42.5823E+03 
              599.713E+12        -42.5822E+03 
              632.805E+12        -42.5821E+03 
              645.214E+12        -42.5821E+03 
              670.033E+12        -42.5821E+03 
              707.261E+12        -42.5821E+03 
              744.489E+12        -42.5821E+03 
              781.717E+12        -42.5821E+03 
              837.559E+12        -42.5821E+03 
              851.519E+12        -42.5821E+03 
              865.48E+12         -42.5821E+03 
              893.401E+12        -42.5821E+03 
              935.282E+12        -42.5821E+03 
              939.209E+12        -42.5821E+03 
              945.099E+12        -42.5821E+03 
              948.043E+12        -42.5821E+03 
              953.933E+12        -42.5821E+03 
              956.878E+12        -42.5821E+03 
              958.35E+12         -42.5821E+03 
              961.295E+12        -42.5821E+03 
              962.399E+12        -42.5821E+03 
              964.608E+12        -42.5821E+03 
              965.436E+12        -42.5821E+03 
              967.092E+12        -42.5821E+03 
              969.577E+12        -42.5821E+03 
              973.304E+12        -42.5821E+03 
              975.168E+12        -42.5821E+03 
              977.963E+12        -42.5821E+03 
              982.156E+12        -42.5821E+03 
              988.445E+12        -42.5821E+03 
              997.879E+12        -42.5821E+03 
                1.01203E+15      -42.5821E+03 
                1.03326E+15      -42.5821E+03 
                1.0651E+15       -42.5821E+03 
                1.12878E+15      -42.5821E+03 
                1.22429E+15      -42.5821E+03 
                1.32429E+15      -42.5821E+03 
                1.42429E+15      -42.5821E+03 
                1.52429E+15      -42.5821E+03 
                1.62429E+15      -42.5821E+03 
                1.72429E+15      -42.5821E+03 
                1.82429E+15      -42.5821E+03 
                1.92429E+15      -42.5821E+03 
                2.02429E+15      -42.5821E+03 
                2.12429E+15      -42.5821E+03 
                2.22429E+15      -42.5821E+03 
                2.32429E+15      -42.5821E+03 
                2.42429E+15      -42.5821E+03 
                2.52429E+15      -42.5821E+03 
                2.62429E+15      -42.5821E+03 
                2.72429E+15      -42.5821E+03 
                2.82429E+15      -42.5821E+03 
                2.92429E+15      -42.5821E+03 
                3.02429E+15      -42.5821E+03 
                3.12429E+15      -42.5821E+03 
                3.22429E+15      -42.5821E+03 
                3.32429E+15      -42.5821E+03 
                3.42429E+15      -42.5821E+03 
                3.52429E+15      -42.5821E+03 
                3.62429E+15      -42.5821E+03 
                3.72429E+15      -42.5821E+03 
                3.82429E+15      -42.5821E+03 
                3.92429E+15      -42.5821E+03 
                4.E+15           -42.5821E+03 




