
                  X               _temp_91    

                0.                27.667E-03  
                1.E+06            50.6888E-03 
                2.E+06            50.6906E-03 
                3.E+06            50.6906E-03 
                5.E+06            50.6906E-03 
                9.E+06            50.6906E-03 
               17.E+06            50.6906E-03 
               33.E+06            50.6906E-03 
               65.E+06            50.6906E-03 
              129.E+06            50.6905E-03 
              257.E+06            50.6904E-03 
              513.E+06            50.6901E-03 
                1.025E+09         50.6897E-03 
                2.049E+09         50.6888E-03 
                4.097E+09         50.6871E-03 
                8.193E+09         50.6839E-03 
               15.8595E+09        50.678E-03  
               23.526E+09         50.6722E-03 
               31.1925E+09        50.6664E-03 
               40.9144E+09        50.659E-03  
               50.6363E+09        50.6517E-03 
               60.3582E+09        50.6444E-03 
               70.0801E+09        50.6371E-03 
               82.0782E+09        50.6282E-03 
               94.0763E+09        50.6193E-03 
              106.074E+09         50.6104E-03 
              118.072E+09         50.6015E-03 
              133.295E+09         50.5903E-03 
              148.518E+09         50.5792E-03 
              163.74E+09          50.5681E-03 
              182.23E+09          50.5546E-03 
              200.72E+09          50.5413E-03 
              219.21E+09          50.5279E-03 
              241.693E+09         50.5118E-03 
              264.176E+09         50.4958E-03 
              286.66E+09          50.4799E-03 
              313.835E+09         50.4608E-03 
              341.011E+09         50.4418E-03 
              368.187E+09         50.4229E-03 
              395.363E+09         50.4042E-03 
              429.305E+09         50.381E-03  
              463.246E+09         50.3581E-03 
              497.187E+09         50.3353E-03 
              531.128E+09         50.3126E-03 
              573.909E+09         50.2845E-03 
              616.69E+09          50.2566E-03 
              659.471E+09         50.229E-03  
              702.252E+09         50.2017E-03 
              755.746E+09         50.168E-03  
              809.24E+09          50.1348E-03 
              862.733E+09         50.102E-03  
              916.227E+09         50.0696E-03 
              983.871E+09         50.0294E-03 
                1.05152E+12       49.9898E-03 
                1.11916E+12       49.9508E-03 
                1.20133E+12       49.9045E-03 
                1.28349E+12       49.859E-03  
                1.36566E+12       49.8144E-03 
                1.4664E+12        49.761E-03  
                1.56713E+12       49.7089E-03 
                1.66787E+12       49.658E-03  
                1.76861E+12       49.6082E-03 
                1.89431E+12       49.548E-03  
                2.02001E+12       49.4894E-03 
                2.14572E+12       49.4325E-03 
                2.27142E+12       49.3772E-03 
                2.39712E+12       49.3234E-03 
                2.52283E+12       49.2711E-03 
                2.64853E+12       49.2203E-03 
                2.80435E+12       49.1594E-03 
                2.96017E+12       49.1005E-03 
                2.99912E+12       49.086E-03  
                3.05755E+12       49.0644E-03 
                3.1452E+12        49.0326E-03 
                3.27667E+12       48.9862E-03 
                3.44793E+12       48.928E-03  
                3.61919E+12       48.8718E-03 
                3.79045E+12       48.8176E-03 
                4.01216E+12       48.7506E-03 
                4.23387E+12       48.6866E-03 
                4.45558E+12       48.6254E-03 
                4.7704E+12        48.5437E-03 
                5.08522E+12       48.467E-03  
                5.40003E+12       48.3948E-03 
                5.51512E+12       48.3689E-03 
                5.74531E+12       48.3196E-03 
                6.09058E+12       48.2502E-03 
                6.22006E+12       48.2248E-03 
                6.47902E+12       48.1764E-03 
                6.86745E+12       48.1089E-03 
                7.01311E+12       48.0843E-03 
                7.30444E+12       48.0375E-03 
                7.74143E+12       47.9727E-03 
                8.39691E+12       47.8858E-03 
                8.6062E+12        47.8591E-03 
                9.02478E+12       47.8095E-03 
                9.65265E+12       47.7425E-03 
                9.88407E+12       47.7187E-03 
               10.3469E+12        47.6749E-03 
               11.0412E+12        47.6162E-03 
               11.2899E+12        47.5961E-03 
               11.4142E+12        47.5862E-03 
               11.663E+12         47.5673E-03 
               11.7562E+12        47.5604E-03 
               11.8961E+12        47.5502E-03 
               12.106E+12         47.5354E-03 
               12.4207E+12        47.5144E-03 
               12.8929E+12        47.4853E-03 
               13.0699E+12        47.4747E-03 
               13.4241E+12        47.4547E-03 
               13.9552E+12        47.4273E-03 
               14.1544E+12        47.4174E-03 
               14.5528E+12        47.3989E-03 
               15.3495E+12        47.3664E-03 
               15.6425E+12        47.3551E-03 
               16.2285E+12        47.3346E-03 
               17.1074E+12        47.3082E-03 
               17.3271E+12        47.3019E-03 
               17.5468E+12        47.2958E-03 
               17.8764E+12        47.2873E-03 
               18.206E+12         47.2793E-03 
               18.2884E+12        47.2773E-03 
               18.4532E+12        47.2735E-03 
               18.7828E+12        47.2663E-03 
               19.2772E+12        47.2566E-03 
               19.7716E+12        47.2478E-03 
               20.266E+12         47.24E-03   
               20.4514E+12        47.2371E-03 
               20.8222E+12        47.2319E-03 
               21.3783E+12        47.2251E-03 
               21.5869E+12        47.2227E-03 
               22.0041E+12        47.2184E-03 
               22.1605E+12        47.2168E-03 
               22.4733E+12        47.214E-03  
               23.099E+12         47.2093E-03 
               23.3337E+12        47.2077E-03 
               23.803E+12         47.2049E-03 
               24.7415E+12        47.2013E-03 
               25.0935E+12        47.2002E-03 
               25.7974E+12        47.1989E-03 
               26.0614E+12        47.1986E-03 
               26.5893E+12        47.1983E-03 
               26.7873E+12        47.1983E-03 
               27.1833E+12        47.1985E-03 
               27.3813E+12        47.1986E-03 
               27.7772E+12        47.1991E-03 
               28.3711E+12        47.2004E-03 
               28.5939E+12        47.201E-03  
               29.0393E+12        47.2023E-03 
               29.9302E+12        47.2059E-03 
               30.2643E+12        47.2074E-03 
               30.9325E+12        47.2108E-03 
               31.9348E+12        47.2168E-03 
               32.3106E+12        47.2192E-03 
               33.0623E+12        47.2244E-03 
               33.3442E+12        47.2265E-03 
               33.908E+12         47.2307E-03 
               34.1899E+12        47.2329E-03 
               34.7536E+12        47.2376E-03 
               35.0355E+12        47.2399E-03 
               35.5993E+12        47.2449E-03 
               35.8812E+12        47.2474E-03 
               36.445E+12         47.2526E-03 
               36.7269E+12        47.2553E-03 
               37.2906E+12        47.2607E-03 
               37.5725E+12        47.2635E-03 
               38.1363E+12        47.2693E-03 
               38.982E+12         47.2782E-03 
               39.2991E+12        47.2816E-03 
               39.9333E+12        47.2885E-03 
               40.8847E+12        47.2993E-03 
               41.2415E+12        47.3033E-03 
               41.955E+12         47.3117E-03 
               43.0253E+12        47.3246E-03 
               44.0956E+12        47.3379E-03 
               44.3631E+12        47.3412E-03 
               44.8983E+12        47.348E-03  
               45.1659E+12        47.3514E-03 
               45.701E+12         47.3583E-03 
               45.9017E+12        47.3609E-03 
               46.303E+12         47.3661E-03 
               46.5037E+12        47.3687E-03 
               46.9051E+12        47.374E-03  
               47.0556E+12        47.376E-03  
               47.3566E+12        47.38E-03   
               47.5071E+12        47.382E-03  
               47.8081E+12        47.386E-03  
               48.2597E+12        47.3921E-03 
               48.7112E+12        47.3983E-03 
               49.1627E+12        47.4045E-03 
               50.0658E+12        47.417E-03  
               50.4044E+12        47.4218E-03 
               51.0817E+12        47.4314E-03 
               52.0977E+12        47.4459E-03 
               52.4787E+12        47.4514E-03 
               53.2406E+12        47.4625E-03 
               54.3835E+12        47.4795E-03 
               54.8121E+12        47.4858E-03 
               55.6693E+12        47.4987E-03 
               55.9908E+12        47.5036E-03 
               56.6337E+12        47.5133E-03 
               57.598E+12         47.5282E-03 
               58.5624E+12        47.5432E-03 
               58.8035E+12        47.5469E-03 
               59.2857E+12        47.5545E-03 
               59.5268E+12        47.5583E-03 
               60.0089E+12        47.5659E-03 
               60.7322E+12        47.5774E-03 
               61.0034E+12        47.5818E-03 
               61.4102E+12        47.5883E-03 
               62.0205E+12        47.5981E-03 
               62.2493E+12        47.6018E-03 
               62.5926E+12        47.6074E-03 
               63.1075E+12        47.6158E-03 
               63.8799E+12        47.6285E-03 
               64.1695E+12        47.6332E-03 
               64.604E+12         47.6404E-03 
               65.2556E+12        47.6513E-03 
               66.2331E+12        47.6677E-03 
               67.6994E+12        47.6926E-03 
               68.2492E+12        47.702E-03  
               69.3489E+12        47.721E-03  
               69.7613E+12        47.7281E-03 
               70.5861E+12        47.7425E-03 
               71.8232E+12        47.7642E-03 
               73.0604E+12        47.7862E-03 
               74.2976E+12        47.8083E-03 
               75.5347E+12        47.8306E-03 
               76.7719E+12        47.8531E-03 
               77.2358E+12        47.8616E-03 
               77.4678E+12        47.8659E-03 
               77.9317E+12        47.8744E-03 
               78.1637E+12        47.8786E-03 
               78.2797E+12        47.8807E-03 
               78.5116E+12        47.885E-03  
               78.8596E+12        47.8914E-03 
               79.3815E+12        47.9011E-03 
               79.9034E+12        47.9108E-03 
               80.4254E+12        47.9205E-03 
               81.2083E+12        47.9351E-03 
               82.3826E+12        47.9572E-03 
               84.1441E+12        47.9906E-03 
               84.8046E+12        48.0031E-03 
               86.1258E+12        48.0284E-03 
               86.6212E+12        48.0379E-03 
               87.612E+12         48.057E-03  
               87.9836E+12        48.0641E-03 
               88.541E+12         48.0749E-03 
               88.75E+12          48.0789E-03 
               89.0635E+12        48.085E-03  
               89.5337E+12        48.0941E-03 
               89.7101E+12        48.0975E-03 
               90.0628E+12        48.1044E-03 
               90.2391E+12        48.1078E-03 
               90.3273E+12        48.1095E-03 
               90.5036E+12        48.1129E-03 
               90.5698E+12        48.1142E-03 
               90.669E+12         48.1162E-03 
               90.8178E+12        48.1191E-03 
               91.041E+12         48.1234E-03 
               91.3757E+12        48.1299E-03 
               91.8779E+12        48.1398E-03 
               92.6312E+12        48.1545E-03 
               93.7611E+12        48.1767E-03 
               95.456E+12         48.2101E-03 
               97.1508E+12        48.2436E-03 
               98.8457E+12        48.2772E-03 
               99.4813E+12        48.2898E-03 
              100.435E+12         48.3087E-03 
              102.341E+12         48.3466E-03 
              103.056E+12         48.3609E-03 
              104.486E+12         48.3894E-03 
              105.201E+12         48.4036E-03 
              106.631E+12         48.4321E-03 
              107.346E+12         48.4463E-03 
              108.777E+12         48.4748E-03 
              110.922E+12         48.5174E-03 
              111.726E+12         48.5334E-03 
              113.335E+12         48.5652E-03 
              115.748E+12         48.6129E-03 
              116.653E+12         48.6307E-03 
              118.463E+12         48.6662E-03 
              119.142E+12         48.6795E-03 
              120.499E+12         48.706E-03  
              121.178E+12         48.7193E-03 
              122.535E+12         48.7457E-03 
              125.25E+12          48.7979E-03 
              126.268E+12         48.8175E-03 
              128.304E+12         48.8563E-03 
              131.358E+12         48.9138E-03 
              134.412E+12         48.9705E-03 
              135.176E+12         48.9846E-03 
              136.703E+12         49.0127E-03 
              137.467E+12         49.0266E-03 
              138.994E+12         49.0544E-03 
              139.757E+12         49.0682E-03 
              141.284E+12         49.0956E-03 
              142.048E+12         49.1093E-03 
              143.575E+12         49.1363E-03 
              144.148E+12         49.1465E-03 
              145.293E+12         49.1665E-03 
              147.011E+12         49.1964E-03 
              149.588E+12         49.2404E-03 
              150.554E+12         49.2568E-03 
              152.487E+12         49.2893E-03 
              153.212E+12         49.3014E-03 
              154.299E+12         49.3194E-03 
              155.93E+12          49.3461E-03 
              156.541E+12         49.3561E-03 
              157.459E+12         49.3709E-03 
              158.835E+12         49.393E-03  
              160.898E+12         49.4256E-03 
              161.672E+12         49.4377E-03 
              162.833E+12         49.4558E-03 
              163.269E+12         49.4626E-03 
              164.139E+12         49.476E-03  
              164.466E+12         49.481E-03  
              165.119E+12         49.491E-03  
              165.446E+12         49.496E-03  
              166.099E+12         49.5059E-03 
              166.343E+12         49.5096E-03 
              166.833E+12         49.517E-03  
              167.568E+12         49.528E-03  
              168.67E+12          49.5443E-03 
              170.323E+12         49.5685E-03 
              172.802E+12         49.6041E-03 
              176.522E+12         49.6556E-03 
              177.916E+12         49.6747E-03 
              180.706E+12         49.7119E-03 
              181.752E+12         49.7257E-03 
              183.844E+12         49.7528E-03 
              184.89E+12          49.7662E-03 
              186.982E+12         49.7924E-03 
              190.12E+12          49.8304E-03 
              191.297E+12         49.8446E-03 
              193.65E+12          49.8721E-03 
              197.181E+12         49.9117E-03 
              198.505E+12         49.9264E-03 
              201.152E+12         49.9549E-03 
              205.124E+12         49.9956E-03 
              206.613E+12         50.0106E-03 
              209.592E+12         50.0395E-03 
              214.06E+12          50.0805E-03 
              215.736E+12         50.0955E-03 
              219.087E+12         50.1242E-03 
              224.114E+12         50.1644E-03 
              231.654E+12         50.2183E-03 
              233.539E+12         50.2314E-03 
              235.423E+12         50.244E-03  
              239.193E+12         50.2679E-03 
              244.848E+12         50.3003E-03 
              246.969E+12         50.312E-03  
              251.21E+12          50.3335E-03 
              257.572E+12         50.3619E-03 
              259.958E+12         50.372E-03  
              261.151E+12         50.3769E-03 
              263.536E+12         50.3862E-03 
              264.729E+12         50.3907E-03 
              267.115E+12         50.3992E-03 
              270.693E+12         50.4107E-03 
              272.035E+12         50.4149E-03 
              274.048E+12         50.4209E-03 
              277.068E+12         50.4289E-03 
              281.597E+12         50.4393E-03 
              283.295E+12         50.443E-03  
              286.692E+12         50.4494E-03 
              288.39E+12          50.4523E-03 
              291.787E+12         50.4573E-03 
              298.581E+12         50.4638E-03 
              301.128E+12         50.4658E-03 
              306.224E+12         50.4679E-03 
              308.134E+12         50.4684E-03 
              311.956E+12         50.4685E-03 
              319.599E+12         50.4648E-03 
              322.465E+12         50.4629E-03 
              328.197E+12         50.4571E-03 
              330.346E+12         50.4546E-03 
              334.645E+12         50.4486E-03 
              341.094E+12         50.4373E-03 
              343.512E+12         50.4328E-03 
              348.349E+12         50.4225E-03 
              355.603E+12         50.4043E-03 
              358.324E+12         50.3972E-03 
              363.765E+12         50.3815E-03 
              371.926E+12         50.3551E-03 
              384.169E+12         50.3094E-03 
              388.76E+12          50.2915E-03 
              395.646E+12         50.2629E-03 
              405.975E+12         50.2164E-03 
              421.47E+12          50.1396E-03 
              436.964E+12         50.0565E-03 
              452.458E+12         49.9679E-03 
              475.699E+12         49.8249E-03 
              481.509E+12         49.7886E-03 
              487.32E+12          49.7516E-03 
              498.94E+12          49.6757E-03 
              516.371E+12         49.558E-03  
              522.908E+12         49.5133E-03 
              535.981E+12         49.4222E-03 
              555.591E+12         49.2821E-03 
              562.945E+12         49.2292E-03 
              577.652E+12         49.1219E-03 
              599.713E+12         48.9585E-03 
              632.805E+12         48.7102E-03 
              645.214E+12         48.6167E-03 
              670.033E+12         48.429E-03  
              707.261E+12         48.1474E-03 
              744.489E+12         47.8674E-03 
              781.717E+12         47.59E-03   
              837.559E+12         47.1819E-03 
              851.519E+12         47.0804E-03 
              865.48E+12          46.9795E-03 
              893.401E+12         46.7802E-03 
              935.282E+12         46.4871E-03 
              939.209E+12         46.4597E-03 
              945.099E+12         46.4187E-03 
              948.043E+12         46.3982E-03 
              953.933E+12         46.3574E-03 
              956.878E+12         46.337E-03  
              958.35E+12          46.3268E-03 
              961.295E+12         46.3065E-03 
              962.399E+12         46.2988E-03 
              964.608E+12         46.2836E-03 
              965.436E+12         46.2779E-03 
              967.092E+12         46.2665E-03 
              969.577E+12         46.2494E-03 
              973.304E+12         46.2238E-03 
              975.168E+12         46.211E-03  
              977.963E+12         46.1919E-03 
              982.156E+12         46.1633E-03 
              988.445E+12         46.1204E-03 
              997.879E+12         46.0565E-03 
                1.01203E+15       45.9614E-03 
                1.03326E+15       45.8203E-03 
                1.0651E+15        45.6125E-03 
                1.12878E+15       45.2117E-03 
                1.22429E+15       44.6424E-03 
                1.32429E+15       44.0794E-03 
                1.42429E+15       43.5472E-03 
                1.52429E+15       43.0434E-03 
                1.62429E+15       42.566E-03  
                1.72429E+15       42.1129E-03 
                1.82429E+15       41.6822E-03 
                1.92429E+15       41.2723E-03 
                2.02429E+15       40.8816E-03 
                2.12429E+15       40.5086E-03 
                2.22429E+15       40.1521E-03 
                2.32429E+15       39.8109E-03 
                2.42429E+15       39.484E-03  
                2.52429E+15       39.1703E-03 
                2.62429E+15       38.8691E-03 
                2.72429E+15       38.5794E-03 
                2.82429E+15       38.3007E-03 
                2.92429E+15       38.0321E-03 
                3.02429E+15       37.7731E-03 
                3.12429E+15       37.5231E-03 
                3.22429E+15       37.2817E-03 
                3.32429E+15       37.0483E-03 
                3.42429E+15       36.8224E-03 
                3.52429E+15       36.6038E-03 
                3.62429E+15       36.392E-03  
                3.72429E+15       36.1866E-03 
                3.82429E+15       35.9874E-03 
                3.92429E+15       35.794E-03  
                4.E+15            35.6508E-03 





                  X               _temp_91    

                0.                27.667E-03  
                1.E+06            50.6888E-03 
                2.E+06            50.6906E-03 
                3.E+06            50.6906E-03 
                5.E+06            50.6906E-03 
                9.E+06            50.6906E-03 
               17.E+06            50.6906E-03 
               33.E+06            50.6906E-03 
               65.E+06            50.6906E-03 
              129.E+06            50.6905E-03 
              257.E+06            50.6904E-03 
              513.E+06            50.6901E-03 
                1.025E+09         50.6897E-03 
                2.049E+09         50.6888E-03 
                4.097E+09         50.6871E-03 
                8.193E+09         50.6839E-03 
               15.8595E+09        50.678E-03  
               23.526E+09         50.6722E-03 
               31.1925E+09        50.6664E-03 
               40.9144E+09        50.659E-03  
               50.6363E+09        50.6517E-03 
               60.3582E+09        50.6444E-03 
               70.0801E+09        50.6371E-03 
               82.0782E+09        50.6282E-03 
               94.0763E+09        50.6193E-03 
              106.074E+09         50.6104E-03 
              118.072E+09         50.6015E-03 
              133.295E+09         50.5903E-03 
              148.518E+09         50.5792E-03 
              163.74E+09          50.5681E-03 
              182.23E+09          50.5546E-03 
              200.72E+09          50.5413E-03 
              219.21E+09          50.5279E-03 
              241.693E+09         50.5118E-03 
              264.176E+09         50.4958E-03 
              286.66E+09          50.4799E-03 
              313.835E+09         50.4608E-03 
              341.011E+09         50.4418E-03 
              368.187E+09         50.4229E-03 
              395.363E+09         50.4042E-03 
              429.305E+09         50.381E-03  
              463.246E+09         50.3581E-03 
              497.187E+09         50.3353E-03 
              531.128E+09         50.3126E-03 
              573.909E+09         50.2845E-03 
              616.69E+09          50.2566E-03 
              659.471E+09         50.229E-03  
              702.252E+09         50.2017E-03 
              755.746E+09         50.168E-03  
              809.24E+09          50.1348E-03 
              862.733E+09         50.102E-03  
              916.227E+09         50.0696E-03 
              983.871E+09         50.0294E-03 
                1.05152E+12       49.9898E-03 
                1.11916E+12       49.9508E-03 
                1.20133E+12       49.9045E-03 
                1.28349E+12       49.859E-03  
                1.36566E+12       49.8144E-03 
                1.4664E+12        49.761E-03  
                1.56713E+12       49.7089E-03 
                1.66787E+12       49.658E-03  
                1.76861E+12       49.6082E-03 
                1.89431E+12       49.548E-03  
                2.02001E+12       49.4894E-03 
                2.14572E+12       49.4325E-03 
                2.27142E+12       49.3772E-03 
                2.39712E+12       49.3234E-03 
                2.52283E+12       49.2711E-03 
                2.64853E+12       49.2203E-03 
                2.80435E+12       49.1594E-03 
                2.96017E+12       49.1005E-03 
                2.99912E+12       49.086E-03  
                3.05755E+12       49.0644E-03 
                3.1452E+12        49.0326E-03 
                3.27667E+12       48.9862E-03 
                3.44793E+12       48.928E-03  
                3.61919E+12       48.8718E-03 
                3.79045E+12       48.8176E-03 
                4.01216E+12       48.7506E-03 
                4.23387E+12       48.6866E-03 
                4.45558E+12       48.6254E-03 
                4.7704E+12        48.5437E-03 
                5.08522E+12       48.467E-03  
                5.40003E+12       48.3948E-03 
                5.51512E+12       48.3689E-03 
                5.74531E+12       48.3196E-03 
                6.09058E+12       48.2502E-03 
                6.22006E+12       48.2248E-03 
                6.47902E+12       48.1764E-03 
                6.86745E+12       48.1089E-03 
                7.01311E+12       48.0843E-03 
                7.30444E+12       48.0375E-03 
                7.74143E+12       47.9727E-03 
                8.39691E+12       47.8858E-03 
                8.6062E+12        47.8591E-03 
                9.02478E+12       47.8095E-03 
                9.65265E+12       47.7425E-03 
                9.88407E+12       47.7187E-03 
               10.3469E+12        47.6749E-03 
               11.0412E+12        47.6162E-03 
               11.2899E+12        47.5961E-03 
               11.4142E+12        47.5862E-03 
               11.663E+12         47.5673E-03 
               11.7562E+12        47.5604E-03 
               11.8961E+12        47.5502E-03 
               12.106E+12         47.5354E-03 
               12.4207E+12        47.5144E-03 
               12.8929E+12        47.4853E-03 
               13.0699E+12        47.4747E-03 
               13.4241E+12        47.4547E-03 
               13.9552E+12        47.4273E-03 
               14.1544E+12        47.4174E-03 
               14.5528E+12        47.3989E-03 
               15.3495E+12        47.3664E-03 
               15.6425E+12        47.3551E-03 
               16.2285E+12        47.3346E-03 
               17.1074E+12        47.3082E-03 
               17.3271E+12        47.3019E-03 
               17.5468E+12        47.2958E-03 
               17.8764E+12        47.2873E-03 
               18.206E+12         47.2793E-03 
               18.2884E+12        47.2773E-03 
               18.4532E+12        47.2735E-03 
               18.7828E+12        47.2663E-03 
               19.2772E+12        47.2566E-03 
               19.7716E+12        47.2478E-03 
               20.266E+12         47.24E-03   
               20.4514E+12        47.2371E-03 
               20.8222E+12        47.2319E-03 
               21.3783E+12        47.2251E-03 
               21.5869E+12        47.2227E-03 
               22.0041E+12        47.2184E-03 
               22.1605E+12        47.2168E-03 
               22.4733E+12        47.214E-03  
               23.099E+12         47.2093E-03 
               23.3337E+12        47.2077E-03 
               23.803E+12         47.2049E-03 
               24.7415E+12        47.2013E-03 
               25.0935E+12        47.2002E-03 
               25.7974E+12        47.1989E-03 
               26.0614E+12        47.1986E-03 
               26.5893E+12        47.1983E-03 
               26.7873E+12        47.1983E-03 
               27.1833E+12        47.1985E-03 
               27.3813E+12        47.1986E-03 
               27.7772E+12        47.1991E-03 
               28.3711E+12        47.2004E-03 
               28.5939E+12        47.201E-03  
               29.0393E+12        47.2023E-03 
               29.9302E+12        47.2059E-03 
               30.2643E+12        47.2074E-03 
               30.9325E+12        47.2108E-03 
               31.9348E+12        47.2168E-03 
               32.3106E+12        47.2192E-03 
               33.0623E+12        47.2244E-03 
               33.3442E+12        47.2265E-03 
               33.908E+12         47.2307E-03 
               34.1899E+12        47.2329E-03 
               34.7536E+12        47.2376E-03 
               35.0355E+12        47.2399E-03 
               35.5993E+12        47.2449E-03 
               35.8812E+12        47.2474E-03 
               36.445E+12         47.2526E-03 
               36.7269E+12        47.2553E-03 
               37.2906E+12        47.2607E-03 
               37.5725E+12        47.2635E-03 
               38.1363E+12        47.2693E-03 
               38.982E+12         47.2782E-03 
               39.2991E+12        47.2816E-03 
               39.9333E+12        47.2885E-03 
               40.8847E+12        47.2993E-03 
               41.2415E+12        47.3033E-03 
               41.955E+12         47.3117E-03 
               43.0253E+12        47.3246E-03 
               44.0956E+12        47.3379E-03 
               44.3631E+12        47.3412E-03 
               44.8983E+12        47.348E-03  
               45.1659E+12        47.3514E-03 
               45.701E+12         47.3583E-03 
               45.9017E+12        47.3609E-03 
               46.303E+12         47.3661E-03 
               46.5037E+12        47.3687E-03 
               46.9051E+12        47.374E-03  
               47.0556E+12        47.376E-03  
               47.3566E+12        47.38E-03   
               47.5071E+12        47.382E-03  
               47.8081E+12        47.386E-03  
               48.2597E+12        47.3921E-03 
               48.7112E+12        47.3983E-03 
               49.1627E+12        47.4045E-03 
               50.0658E+12        47.417E-03  
               50.4044E+12        47.4218E-03 
               51.0817E+12        47.4314E-03 
               52.0977E+12        47.4459E-03 
               52.4787E+12        47.4514E-03 
               53.2406E+12        47.4625E-03 
               54.3835E+12        47.4795E-03 
               54.8121E+12        47.4858E-03 
               55.6693E+12        47.4987E-03 
               55.9908E+12        47.5036E-03 
               56.6337E+12        47.5133E-03 
               57.598E+12         47.5282E-03 
               58.5624E+12        47.5432E-03 
               58.8035E+12        47.5469E-03 
               59.2857E+12        47.5545E-03 
               59.5268E+12        47.5583E-03 
               60.0089E+12        47.5659E-03 
               60.7322E+12        47.5774E-03 
               61.0034E+12        47.5818E-03 
               61.4102E+12        47.5883E-03 
               62.0205E+12        47.5981E-03 
               62.2493E+12        47.6018E-03 
               62.5926E+12        47.6074E-03 
               63.1075E+12        47.6158E-03 
               63.8799E+12        47.6285E-03 
               64.1695E+12        47.6332E-03 
               64.604E+12         47.6404E-03 
               65.2556E+12        47.6513E-03 
               66.2331E+12        47.6677E-03 
               67.6994E+12        47.6926E-03 
               68.2492E+12        47.702E-03  
               69.3489E+12        47.721E-03  
               69.7613E+12        47.7281E-03 
               70.5861E+12        47.7425E-03 
               71.8232E+12        47.7642E-03 
               73.0604E+12        47.7862E-03 
               74.2976E+12        47.8083E-03 
               75.5347E+12        47.8306E-03 
               76.7719E+12        47.8531E-03 
               77.2358E+12        47.8616E-03 
               77.4678E+12        47.8659E-03 
               77.9317E+12        47.8744E-03 
               78.1637E+12        47.8786E-03 
               78.2797E+12        47.8807E-03 
               78.5116E+12        47.885E-03  
               78.8596E+12        47.8914E-03 
               79.3815E+12        47.9011E-03 
               79.9034E+12        47.9108E-03 
               80.4254E+12        47.9205E-03 
               81.2083E+12        47.9351E-03 
               82.3826E+12        47.9572E-03 
               84.1441E+12        47.9906E-03 
               84.8046E+12        48.0031E-03 
               86.1258E+12        48.0284E-03 
               86.6212E+12        48.0379E-03 
               87.612E+12         48.057E-03  
               87.9836E+12        48.0641E-03 
               88.541E+12         48.0749E-03 
               88.75E+12          48.0789E-03 
               89.0635E+12        48.085E-03  
               89.5337E+12        48.0941E-03 
               89.7101E+12        48.0975E-03 
               90.0628E+12        48.1044E-03 
               90.2391E+12        48.1078E-03 
               90.3273E+12        48.1095E-03 
               90.5036E+12        48.1129E-03 
               90.5698E+12        48.1142E-03 
               90.669E+12         48.1162E-03 
               90.8178E+12        48.1191E-03 
               91.041E+12         48.1234E-03 
               91.3757E+12        48.1299E-03 
               91.8779E+12        48.1398E-03 
               92.6312E+12        48.1545E-03 
               93.7611E+12        48.1767E-03 
               95.456E+12         48.2101E-03 
               97.1508E+12        48.2436E-03 
               98.8457E+12        48.2772E-03 
               99.4813E+12        48.2898E-03 
              100.435E+12         48.3087E-03 
              102.341E+12         48.3466E-03 
              103.056E+12         48.3609E-03 
              104.486E+12         48.3894E-03 
              105.201E+12         48.4036E-03 
              106.631E+12         48.4321E-03 
              107.346E+12         48.4463E-03 
              108.777E+12         48.4748E-03 
              110.922E+12         48.5174E-03 
              111.726E+12         48.5334E-03 
              113.335E+12         48.5652E-03 
              115.748E+12         48.6129E-03 
              116.653E+12         48.6307E-03 
              118.463E+12         48.6662E-03 
              119.142E+12         48.6795E-03 
              120.499E+12         48.706E-03  
              121.178E+12         48.7193E-03 
              122.535E+12         48.7457E-03 
              125.25E+12          48.7979E-03 
              126.268E+12         48.8175E-03 
              128.304E+12         48.8563E-03 
              131.358E+12         48.9138E-03 
              134.412E+12         48.9705E-03 
              135.176E+12         48.9846E-03 
              136.703E+12         49.0127E-03 
              137.467E+12         49.0266E-03 
              138.994E+12         49.0544E-03 
              139.757E+12         49.0682E-03 
              141.284E+12         49.0956E-03 
              142.048E+12         49.1093E-03 
              143.575E+12         49.1363E-03 
              144.148E+12         49.1465E-03 
              145.293E+12         49.1665E-03 
              147.011E+12         49.1964E-03 
              149.588E+12         49.2404E-03 
              150.554E+12         49.2568E-03 
              152.487E+12         49.2893E-03 
              153.212E+12         49.3014E-03 
              154.299E+12         49.3194E-03 
              155.93E+12          49.3461E-03 
              156.541E+12         49.3561E-03 
              157.459E+12         49.3709E-03 
              158.835E+12         49.393E-03  
              160.898E+12         49.4256E-03 
              161.672E+12         49.4377E-03 
              162.833E+12         49.4558E-03 
              163.269E+12         49.4626E-03 
              164.139E+12         49.476E-03  
              164.466E+12         49.481E-03  
              165.119E+12         49.491E-03  
              165.446E+12         49.496E-03  
              166.099E+12         49.5059E-03 
              166.343E+12         49.5096E-03 
              166.833E+12         49.517E-03  
              167.568E+12         49.528E-03  
              168.67E+12          49.5443E-03 
              170.323E+12         49.5685E-03 
              172.802E+12         49.6041E-03 
              176.522E+12         49.6556E-03 
              177.916E+12         49.6747E-03 
              180.706E+12         49.7119E-03 
              181.752E+12         49.7257E-03 
              183.844E+12         49.7528E-03 
              184.89E+12          49.7662E-03 
              186.982E+12         49.7924E-03 
              190.12E+12          49.8304E-03 
              191.297E+12         49.8446E-03 
              193.65E+12          49.8721E-03 
              197.181E+12         49.9117E-03 
              198.505E+12         49.9264E-03 
              201.152E+12         49.9549E-03 
              205.124E+12         49.9956E-03 
              206.613E+12         50.0106E-03 
              209.592E+12         50.0395E-03 
              214.06E+12          50.0805E-03 
              215.736E+12         50.0955E-03 
              219.087E+12         50.1242E-03 
              224.114E+12         50.1644E-03 
              231.654E+12         50.2183E-03 
              233.539E+12         50.2314E-03 
              235.423E+12         50.244E-03  
              239.193E+12         50.2679E-03 
              244.848E+12         50.3003E-03 
              246.969E+12         50.312E-03  
              251.21E+12          50.3335E-03 
              257.572E+12         50.3619E-03 
              259.958E+12         50.372E-03  
              261.151E+12         50.3769E-03 
              263.536E+12         50.3862E-03 
              264.729E+12         50.3907E-03 
              267.115E+12         50.3992E-03 
              270.693E+12         50.4107E-03 
              272.035E+12         50.4149E-03 
              274.048E+12         50.4209E-03 
              277.068E+12         50.4289E-03 
              281.597E+12         50.4393E-03 
              283.295E+12         50.443E-03  
              286.692E+12         50.4494E-03 
              288.39E+12          50.4523E-03 
              291.787E+12         50.4573E-03 
              298.581E+12         50.4638E-03 
              301.128E+12         50.4658E-03 
              306.224E+12         50.4679E-03 
              308.134E+12         50.4684E-03 
              311.956E+12         50.4685E-03 
              319.599E+12         50.4648E-03 
              322.465E+12         50.4629E-03 
              328.197E+12         50.4571E-03 
              330.346E+12         50.4546E-03 
              334.645E+12         50.4486E-03 
              341.094E+12         50.4373E-03 
              343.512E+12         50.4328E-03 
              348.349E+12         50.4225E-03 
              355.603E+12         50.4043E-03 
              358.324E+12         50.3972E-03 
              363.765E+12         50.3815E-03 
              371.926E+12         50.3551E-03 
              384.169E+12         50.3094E-03 
              388.76E+12          50.2915E-03 
              395.646E+12         50.2629E-03 
              405.975E+12         50.2164E-03 
              421.47E+12          50.1396E-03 
              436.964E+12         50.0565E-03 
              452.458E+12         49.9679E-03 
              475.699E+12         49.8249E-03 
              481.509E+12         49.7886E-03 
              487.32E+12          49.7516E-03 
              498.94E+12          49.6757E-03 
              516.371E+12         49.558E-03  
              522.908E+12         49.5133E-03 
              535.981E+12         49.4222E-03 
              555.591E+12         49.2821E-03 
              562.945E+12         49.2292E-03 
              577.652E+12         49.1219E-03 
              599.713E+12         48.9585E-03 
              632.805E+12         48.7102E-03 
              645.214E+12         48.6167E-03 
              670.033E+12         48.429E-03  
              707.261E+12         48.1474E-03 
              744.489E+12         47.8674E-03 
              781.717E+12         47.59E-03   
              837.559E+12         47.1819E-03 
              851.519E+12         47.0804E-03 
              865.48E+12          46.9795E-03 
              893.401E+12         46.7802E-03 
              935.282E+12         46.4871E-03 
              939.209E+12         46.4597E-03 
              945.099E+12         46.4187E-03 
              948.043E+12         46.3982E-03 
              953.933E+12         46.3574E-03 
              956.878E+12         46.337E-03  
              958.35E+12          46.3268E-03 
              961.295E+12         46.3065E-03 
              962.399E+12         46.2988E-03 
              964.608E+12         46.2836E-03 
              965.436E+12         46.2779E-03 
              967.092E+12         46.2665E-03 
              969.577E+12         46.2494E-03 
              973.304E+12         46.2238E-03 
              975.168E+12         46.211E-03  
              977.963E+12         46.1919E-03 
              982.156E+12         46.1633E-03 
              988.445E+12         46.1204E-03 
              997.879E+12         46.0565E-03 
                1.01203E+15       45.9614E-03 
                1.03326E+15       45.8203E-03 
                1.0651E+15        45.6125E-03 
                1.12878E+15       45.2117E-03 
                1.22429E+15       44.6424E-03 
                1.32429E+15       44.0794E-03 
                1.42429E+15       43.5472E-03 
                1.52429E+15       43.0434E-03 
                1.62429E+15       42.566E-03  
                1.72429E+15       42.1129E-03 
                1.82429E+15       41.6822E-03 
                1.92429E+15       41.2723E-03 
                2.02429E+15       40.8816E-03 
                2.12429E+15       40.5086E-03 
                2.22429E+15       40.1521E-03 
                2.32429E+15       39.8109E-03 
                2.42429E+15       39.484E-03  
                2.52429E+15       39.1703E-03 
                2.62429E+15       38.8691E-03 
                2.72429E+15       38.5794E-03 
                2.82429E+15       38.3007E-03 
                2.92429E+15       38.0321E-03 
                3.02429E+15       37.7731E-03 
                3.12429E+15       37.5231E-03 
                3.22429E+15       37.2817E-03 
                3.32429E+15       37.0483E-03 
                3.42429E+15       36.8224E-03 
                3.52429E+15       36.6038E-03 
                3.62429E+15       36.392E-03  
                3.72429E+15       36.1866E-03 
                3.82429E+15       35.9874E-03 
                3.92429E+15       35.794E-03  
                4.E+15            35.6508E-03 




