
                  X              _temp_1576   

                0.               -38.946E+03  
                1.E+06           -42.1079E+03 
                2.E+06           -42.1168E+03 
                3.E+06           -42.1258E+03 
                5.E+06           -42.1437E+03 
                9.E+06           -42.179E+03  
               17.E+06           -42.248E+03  
               33.E+06           -42.3802E+03 
               65.E+06           -42.6225E+03 
              129.E+06           -43.0293E+03 
              257.E+06           -43.6035E+03 
              513.E+06           -44.1819E+03 
                1.025E+09        -44.5032E+03 
                2.049E+09        -44.579E+03  
                4.097E+09        -44.5793E+03 
                8.193E+09        -44.5649E+03 
               16.385E+09        -44.5448E+03 
               32.769E+09        -44.5223E+03 
               65.537E+09        -44.503E+03  
               98.305E+09        -44.4941E+03 
              141.397E+09        -44.489E+03  
              184.489E+09        -44.4865E+03 
              227.581E+09        -44.485E+03  
              284.761E+09        -44.4838E+03 
              341.941E+09        -44.4831E+03 
              399.121E+09        -44.4826E+03 
              482.228E+09        -44.482E+03  
              565.335E+09        -44.4815E+03 
              648.443E+09        -44.4811E+03 
              763.576E+09        -44.4807E+03 
              878.709E+09        -44.4803E+03 
              993.841E+09        -44.4799E+03 
                1.14487E+12      -44.4794E+03 
                1.2959E+12       -44.4789E+03 
                1.44693E+12      -44.4784E+03 
                1.67435E+12      -44.4776E+03 
                1.90177E+12      -44.4768E+03 
                2.12919E+12      -44.476E+03  
                2.50431E+12      -44.4746E+03 
                2.87944E+12      -44.4733E+03 
                3.25457E+12      -44.4723E+03 
                3.81726E+12      -44.4714E+03 
                4.37996E+12      -44.4709E+03 
                4.59096E+12      -44.4708E+03 
                5.01298E+12      -44.4705E+03 
                5.64601E+12      -44.4702E+03 
                5.8834E+12       -44.4703E+03 
                6.23948E+12      -44.4702E+03 
                6.7736E+12       -44.47E+03   
                7.57477E+12      -44.4696E+03 
                8.37595E+12      -44.4692E+03 
                9.17713E+12      -44.4687E+03 
               10.3789E+12       -44.4679E+03 
               10.8296E+12       -44.4677E+03 
               11.5056E+12       -44.4672E+03 
               11.759E+12        -44.467E+03  
               12.266E+12        -44.4666E+03 
               13.0265E+12       -44.4662E+03 
               13.787E+12        -44.4657E+03 
               14.5475E+12       -44.4653E+03 
               15.6883E+12       -44.4646E+03 
               16.116E+12        -44.4644E+03 
               16.9716E+12       -44.4639E+03 
               17.2924E+12       -44.4637E+03 
               17.9341E+12       -44.4633E+03 
               18.8966E+12       -44.4627E+03 
               20.3403E+12       -44.4618E+03 
               22.506E+12        -44.4607E+03 
               23.3181E+12       -44.4603E+03 
               24.5362E+12       -44.4597E+03 
               26.3635E+12       -44.4588E+03 
               27.0487E+12       -44.4585E+03 
               28.4191E+12       -44.458E+03  
               30.4748E+12       -44.4572E+03 
               33.5582E+12       -44.4561E+03 
               34.7145E+12       -44.4557E+03 
               37.0272E+12       -44.455E+03  
               40.4961E+12       -44.4539E+03 
               41.7969E+12       -44.4535E+03 
               44.3986E+12       -44.4527E+03 
               45.3742E+12       -44.4524E+03 
               46.8377E+12       -44.4519E+03 
               47.3864E+12       -44.4518E+03 
               48.484E+12        -44.4514E+03 
               50.1304E+12       -44.451E+03  
               52.6E+12          -44.4503E+03 
               56.3043E+12       -44.4495E+03 
               57.6935E+12       -44.4493E+03 
               59.7771E+12       -44.4489E+03 
               62.9027E+12       -44.4483E+03 
               67.591E+12        -44.4475E+03 
               69.3491E+12       -44.4472E+03 
               72.8653E+12       -44.4467E+03 
               74.1839E+12       -44.4465E+03 
               76.1618E+12       -44.4463E+03 
               79.1286E+12       -44.4459E+03 
               83.5789E+12       -44.4453E+03 
               85.2477E+12       -44.4452E+03 
               87.751E+12        -44.4449E+03 
               91.5059E+12       -44.4445E+03 
               97.1382E+12       -44.444E+03  
              105.587E+12        -44.4434E+03 
              108.755E+12        -44.4431E+03 
              115.091E+12        -44.4426E+03 
              124.596E+12        -44.4421E+03 
              128.16E+12         -44.4418E+03 
              135.288E+12        -44.4415E+03 
              137.962E+12        -44.4414E+03 
              143.308E+12        -44.4412E+03 
              151.327E+12        -44.4409E+03 
              163.357E+12        -44.4405E+03 
              167.867E+12        -44.4403E+03 
              174.634E+12        -44.4402E+03 
              184.784E+12        -44.44E+03   
              188.59E+12         -44.4399E+03 
              196.202E+12        -44.4398E+03 
              207.62E+12         -44.4396E+03 
              224.748E+12        -44.4393E+03 
              231.171E+12        -44.4393E+03 
              240.805E+12        -44.4391E+03 
              255.256E+12        -44.439E+03  
              260.675E+12        -44.439E+03  
              271.514E+12        -44.4388E+03 
              287.772E+12        -44.4387E+03 
              312.158E+12        -44.4385E+03 
              321.303E+12        -44.4383E+03 
              339.593E+12        -44.4382E+03 
              346.452E+12        -44.4381E+03 
              353.311E+12        -44.4381E+03 
              356.74E+12         -44.438E+03  
              358.455E+12        -44.438E+03  
              361.884E+12        -44.438E+03  
              363.599E+12        -44.438E+03  
              367.028E+12        -44.4379E+03 
              368.314E+12        -44.4379E+03 
              370.886E+12        -44.4379E+03 
              374.744E+12        -44.4379E+03 
              380.531E+12        -44.4378E+03 
              389.212E+12        -44.4378E+03 
              402.233E+12        -44.4377E+03 
              407.116E+12        -44.4376E+03 
              416.881E+12        -44.4376E+03 
              420.543E+12        -44.4376E+03 
              427.868E+12        -44.4375E+03 
              430.614E+12        -44.4375E+03 
              431.988E+12        -44.4375E+03 
              434.734E+12        -44.4375E+03 
              438.854E+12        -44.4374E+03 
              440.399E+12        -44.4374E+03 
              443.489E+12        -44.4374E+03 
              448.124E+12        -44.4374E+03 
              455.076E+12        -44.4374E+03 
              465.505E+12        -44.4373E+03 
              481.147E+12        -44.4373E+03 
              512.433E+12        -44.4372E+03 
              543.718E+12        -44.4371E+03 
              575.004E+12        -44.437E+03  
              606.289E+12        -44.437E+03  
              653.217E+12        -44.4369E+03 
              723.609E+12        -44.4369E+03 
              823.609E+12        -44.4369E+03 
              923.609E+12        -44.4369E+03 
                1.02361E+15      -44.4369E+03 
                1.12361E+15      -44.4368E+03 
                1.14861E+15      -44.4368E+03 
                1.19861E+15      -44.4368E+03 
                1.27361E+15      -44.4368E+03 
                1.37361E+15      -44.4368E+03 
                1.47361E+15      -44.4368E+03 
                1.57361E+15      -44.4368E+03 
                1.67361E+15      -44.4368E+03 
                1.77361E+15      -44.4368E+03 
                1.87361E+15      -44.4368E+03 
                1.97361E+15      -44.4368E+03 
                2.07361E+15      -44.4368E+03 
                2.17361E+15      -44.4368E+03 
                2.27361E+15      -44.4368E+03 
                2.37361E+15      -44.4367E+03 
                2.47361E+15      -44.4367E+03 
                2.57361E+15      -44.4367E+03 
                2.67361E+15      -44.4367E+03 
                2.77361E+15      -44.4367E+03 
                2.87361E+15      -44.4367E+03 
                2.97361E+15      -44.4367E+03 
                3.07361E+15      -44.4367E+03 
                3.17361E+15      -44.4367E+03 
                3.27361E+15      -44.4367E+03 
                3.37361E+15      -44.4367E+03 
                3.47361E+15      -44.4367E+03 
                3.57361E+15      -44.4366E+03 
                3.67361E+15      -44.4366E+03 
                3.77361E+15      -44.4366E+03 
                3.87361E+15      -44.4366E+03 
                3.97361E+15      -44.4366E+03 
                4.E+15           -44.4366E+03 




