
                  X               _temp_91    

                0.               976.956      
                1.E+06           976.956      
                2.E+06           976.956      
                3.E+06           976.956      
                5.E+06           976.956      
                9.E+06           976.956      
               17.E+06           976.956      
               33.E+06           976.956      
               65.E+06           976.956      
              129.E+06           976.956      
              257.E+06           976.956      
              513.E+06           976.957      
                1.025E+09        976.959      
                2.049E+09        976.962      
                4.097E+09        976.969      
                8.193E+09        976.984      
               16.385E+09        977.012      
               32.769E+09        977.066      
               65.537E+09        977.166      
               98.305E+09        977.26       
              141.397E+09        977.375      
              184.489E+09        977.482      
              227.581E+09        977.583      
              284.761E+09        977.71       
              341.941E+09        977.831      
              399.121E+09        977.948      
              482.228E+09        978.113      
              565.335E+09        978.272      
              648.443E+09        978.426      
              763.576E+09        978.634      
              878.709E+09        978.836      
              993.841E+09        979.037      
                1.14487E+12      979.291      
                1.2959E+12       979.54       
                1.44693E+12      979.785      
                1.67435E+12      980.146      
                1.90177E+12      980.498      
                2.12919E+12      980.845      
                2.50431E+12      981.401      
                2.87944E+12      981.946      
                3.25457E+12      982.477      
                3.81726E+12      983.252      
                4.37996E+12      984.002      
                4.59096E+12      984.281      
                5.01298E+12      984.826      
                5.64601E+12      985.618      
                5.8834E+12       985.911      
                6.23948E+12      986.342      
                6.7736E+12       986.972      
                7.57477E+12      987.88       
                8.37595E+12      988.751      
                9.17713E+12      989.589      
               10.3789E+12       990.769      
               10.8296E+12       991.202      
               11.5056E+12       991.827      
               11.759E+12        992.058      
               12.266E+12        992.509      
               13.0265E+12       993.161      
               13.787E+12        993.785      
               14.5475E+12       994.387      
               15.6883E+12       995.238      
               16.116E+12        995.55       
               16.9716E+12       996.148      
               17.2924E+12       996.367      
               17.9341E+12       996.794      
               18.8966E+12       997.402      
               20.3403E+12       998.253      
               22.506E+12        999.402      
               23.3181E+12       999.816      
               24.5362E+12         1.0004E+03 
               26.3635E+12         1.0012E+03 
               27.0487E+12         1.0015E+03 
               28.4191E+12         1.00204E+03
               30.4748E+12         1.00279E+03
               33.5582E+12         1.00377E+03
               34.7145E+12         1.00411E+03
               37.0272E+12         1.00474E+03
               40.4961E+12         1.00555E+03
               41.7969E+12         1.00584E+03
               44.3986E+12         1.00636E+03
               45.3742E+12         1.00654E+03
               46.8377E+12         1.0068E+03 
               47.3864E+12         1.0069E+03 
               48.484E+12          1.00708E+03
               50.1304E+12         1.00734E+03
               52.6E+12            1.00768E+03
               56.3043E+12         1.00814E+03
               57.6935E+12         1.0083E+03 
               59.7771E+12         1.00852E+03
               62.9027E+12         1.00881E+03
               67.591E+12          1.00918E+03
               69.3491E+12         1.00932E+03
               72.8653E+12         1.00955E+03
               74.1839E+12         1.00963E+03
               76.1618E+12         1.00974E+03
               79.1286E+12         1.0099E+03 
               83.5789E+12         1.0101E+03 
               85.2477E+12         1.01017E+03
               87.751E+12          1.01027E+03
               91.5059E+12         1.01039E+03
               97.1382E+12         1.01055E+03
              105.587E+12          1.01072E+03
              108.755E+12          1.01078E+03
              115.091E+12          1.01087E+03
              124.596E+12          1.01095E+03
              128.16E+12           1.01098E+03
              135.288E+12          1.01101E+03
              137.962E+12          1.01101E+03
              143.308E+12          1.01102E+03
              151.327E+12          1.01101E+03
              163.357E+12          1.01096E+03
              167.867E+12          1.01093E+03
              174.634E+12          1.01088E+03
              184.784E+12          1.01079E+03
              188.59E+12           1.01075E+03
              196.202E+12          1.01067E+03
              207.62E+12           1.01052E+03
              224.748E+12          1.01025E+03
              231.171E+12          1.01015E+03
              240.805E+12          1.00998E+03
              255.256E+12          1.00969E+03
              260.675E+12          1.00958E+03
              271.514E+12          1.00935E+03
              287.772E+12          1.00897E+03
              312.158E+12          1.00834E+03
              321.303E+12          1.00809E+03
              339.593E+12          1.00756E+03
              346.452E+12          1.00736E+03
              353.311E+12          1.00716E+03
              356.74E+12           1.00705E+03
              358.455E+12          1.007E+03  
              361.884E+12          1.00689E+03
              363.599E+12          1.00684E+03
              367.028E+12          1.00673E+03
              368.314E+12          1.00669E+03
              370.886E+12          1.00661E+03
              374.744E+12          1.00649E+03
              380.531E+12          1.0063E+03 
              389.212E+12          1.00601E+03
              402.233E+12          1.00556E+03
              407.116E+12          1.00539E+03
              416.881E+12          1.00504E+03
              420.543E+12          1.0049E+03 
              427.868E+12          1.00464E+03
              430.614E+12          1.00453E+03
              431.988E+12          1.00448E+03
              434.734E+12          1.00438E+03
              438.854E+12          1.00423E+03
              440.399E+12          1.00417E+03
              443.489E+12          1.00405E+03
              448.124E+12          1.00387E+03
              455.076E+12          1.0036E+03 
              465.505E+12          1.00319E+03
              481.147E+12          1.00255E+03
              512.433E+12          1.00122E+03
              543.718E+12        999.818      
              575.004E+12        998.371      
              606.289E+12        996.873      
              653.217E+12        994.538      
              723.609E+12        990.878      
              823.609E+12        985.473      
              923.609E+12        979.947      
                1.02361E+15      974.368      
                1.12361E+15      968.785      
                1.14861E+15      967.39       
                1.19861E+15      964.606      
                1.27361E+15      960.46       
                1.37361E+15      955.01       
                1.47361E+15      949.651      
                1.57361E+15      944.397      
                1.67361E+15      939.256      
                1.77361E+15      934.232      
                1.87361E+15      929.326      
                1.97361E+15      924.54       
                2.07361E+15      919.876      
                2.17361E+15      915.329      
                2.27361E+15      910.899      
                2.37361E+15      906.582      
                2.47361E+15      902.375      
                2.57361E+15      898.278      
                2.67361E+15      894.286      
                2.77361E+15      890.393      
                2.87361E+15      886.599      
                2.97361E+15      882.901      
                3.07361E+15      879.293      
                3.17361E+15      875.776      
                3.27361E+15      872.342      
                3.37361E+15      868.992      
                3.47361E+15      865.722      
                3.57361E+15      862.528      
                3.67361E+15      859.409      
                3.77361E+15      856.361      
                3.87361E+15      853.383      
                3.97361E+15      850.473      
                4.E+15           849.708      




