
                  X               _temp_91    

                0.                 4.20952E-03
                1.E+06            27.2306E-03 
                2.E+06            27.2316E-03 
                3.E+06            27.2316E-03 
                5.E+06            27.2316E-03 
                9.E+06            27.2315E-03 
               17.E+06            27.2315E-03 
               33.E+06            27.2315E-03 
               65.E+06            27.2315E-03 
              129.E+06            27.2315E-03 
              257.E+06            27.2314E-03 
              513.E+06            27.2312E-03 
                1.025E+09         27.2308E-03 
                2.049E+09         27.2301E-03 
                4.097E+09         27.2288E-03 
                8.193E+09         27.2262E-03 
               16.385E+09         27.2211E-03 
               32.769E+09         27.2112E-03 
               65.537E+09         27.1916E-03 
               98.305E+09         27.1723E-03 
              141.397E+09         27.1473E-03 
              184.489E+09         27.1228E-03 
              227.581E+09         27.0987E-03 
              284.761E+09         27.0674E-03 
              341.941E+09         27.0368E-03 
              399.121E+09         27.0068E-03 
              482.228E+09         26.9647E-03 
              565.335E+09         26.9238E-03 
              648.443E+09         26.8842E-03 
              763.576E+09         26.8318E-03 
              878.709E+09         26.7817E-03 
              993.841E+09         26.7338E-03 
                1.14487E+12       26.6746E-03 
                1.2959E+12        26.6188E-03 
                1.44693E+12       26.5662E-03 
                1.67435E+12       26.494E-03  
                1.90177E+12       26.4283E-03 
                2.12919E+12       26.3685E-03 
                2.50431E+12       26.2844E-03 
                2.87944E+12       26.2132E-03 
                3.25457E+12       26.1537E-03 
                3.81726E+12       26.0866E-03 
                4.37996E+12       26.0384E-03 
                4.59096E+12       26.0229E-03 
                5.01298E+12       26.0007E-03 
                5.64601E+12       25.9841E-03 
                5.8834E+12        25.9802E-03 
                6.23948E+12       25.9787E-03 
                6.7736E+12        25.9852E-03 
                7.57477E+12       26.0109E-03 
                8.37595E+12       26.0495E-03 
                9.17713E+12       26.0985E-03 
               10.3789E+12        26.1894E-03 
               10.8296E+12        26.2256E-03 
               11.5056E+12        26.2839E-03 
               11.759E+12         26.3063E-03 
               12.266E+12         26.3528E-03 
               13.0265E+12        26.4259E-03 
               13.787E+12         26.5015E-03 
               14.5475E+12        26.5791E-03 
               15.6883E+12        26.6985E-03 
               16.116E+12         26.7436E-03 
               16.9716E+12        26.8347E-03 
               17.2924E+12        26.869E-03  
               17.9341E+12        26.9378E-03 
               18.8966E+12        27.0413E-03 
               20.3403E+12        27.1959E-03 
               22.506E+12         27.4242E-03 
               23.3181E+12        27.5092E-03 
               24.5362E+12        27.6351E-03 
               26.3635E+12        27.8198E-03 
               27.0487E+12        27.8884E-03 
               28.4191E+12        28.0232E-03 
               30.4748E+12        28.2193E-03 
               33.5582E+12        28.5001E-03 
               34.7145E+12        28.6035E-03 
               37.0272E+12        28.8032E-03 
               40.4961E+12        29.0873E-03 
               41.7969E+12        29.1918E-03 
               44.3986E+12        29.3928E-03 
               45.3742E+12        29.4672E-03 
               46.8377E+12        29.5763E-03 
               47.3864E+12        29.6169E-03 
               48.484E+12         29.6968E-03 
               50.1304E+12        29.8141E-03 
               52.6E+12           29.9843E-03 
               56.3043E+12        30.2282E-03 
               57.6935E+12        30.3182E-03 
               59.7771E+12        30.4499E-03 
               62.9027E+12        30.6409E-03 
               67.591E+12         30.9146E-03 
               69.3491E+12        31.0155E-03 
               72.8653E+12        31.2112E-03 
               74.1839E+12        31.2838E-03 
               76.1618E+12        31.3909E-03 
               79.1286E+12        31.5478E-03 
               83.5789E+12        31.776E-03  
               85.2477E+12        31.8606E-03 
               87.751E+12         31.9855E-03 
               91.5059E+12        32.1684E-03 
               97.1382E+12        32.4343E-03 
              105.587E+12         32.8162E-03 
              108.755E+12         32.9571E-03 
              115.091E+12         33.2304E-03 
              124.596E+12         33.6228E-03 
              128.16E+12          33.7675E-03 
              135.288E+12         34.0475E-03 
              137.962E+12         34.1512E-03 
              143.308E+12         34.3536E-03 
              151.327E+12         34.6458E-03 
              163.357E+12         35.0598E-03 
              167.867E+12         35.2116E-03 
              174.634E+12         35.4318E-03 
              184.784E+12         35.7454E-03 
              188.59E+12          35.8607E-03 
              196.202E+12         36.0822E-03 
              207.62E+12          36.3947E-03 
              224.748E+12         36.8213E-03 
              231.171E+12         36.9755E-03 
              240.805E+12         37.1943E-03 
              255.256E+12         37.4957E-03 
              260.675E+12         37.605E-03  
              271.514E+12         37.8097E-03 
              287.772E+12         38.0874E-03 
              312.158E+12         38.4451E-03 
              321.303E+12         38.5713E-03 
              339.593E+12         38.7948E-03 
              346.452E+12         38.8747E-03 
              353.311E+12         38.9507E-03 
              356.74E+12          38.9879E-03 
              358.455E+12         39.0062E-03 
              361.884E+12         39.0419E-03 
              363.599E+12         39.0596E-03 
              367.028E+12         39.094E-03  
              368.314E+12         39.1068E-03 
              370.886E+12         39.1319E-03 
              374.744E+12         39.1684E-03 
              380.531E+12         39.2209E-03 
              389.212E+12         39.2947E-03 
              402.233E+12         39.3948E-03 
              407.116E+12         39.4308E-03 
              416.881E+12         39.4976E-03 
              420.543E+12         39.5218E-03 
              427.868E+12         39.5675E-03 
              430.614E+12         39.5842E-03 
              431.988E+12         39.5924E-03 
              434.734E+12         39.6086E-03 
              438.854E+12         39.6319E-03 
              440.399E+12         39.6405E-03 
              443.489E+12         39.6573E-03 
              448.124E+12         39.6814E-03 
              455.076E+12         39.7154E-03 
              465.505E+12         39.7615E-03 
              481.147E+12         39.8209E-03 
              512.433E+12         39.9062E-03 
              543.718E+12         39.963E-03  
              575.004E+12         39.9957E-03 
              606.289E+12         40.0078E-03 
              653.217E+12         39.9896E-03 
              723.609E+12         39.904E-03  
              823.609E+12         39.7088E-03 
              923.609E+12         39.4686E-03 
                1.02361E+15       39.2022E-03 
                1.12361E+15       38.9219E-03 
                1.14861E+15       38.8511E-03 
                1.19861E+15       38.7079E-03 
                1.27361E+15       38.4918E-03 
                1.37361E+15       38.2055E-03 
                1.47361E+15       37.9236E-03 
                1.57361E+15       37.6478E-03 
                1.67361E+15       37.3791E-03 
                1.77361E+15       37.118E-03  
                1.87361E+15       36.8648E-03 
                1.97361E+15       36.6194E-03 
                2.07361E+15       36.3819E-03 
                2.17361E+15       36.152E-03  
                2.27361E+15       35.9294E-03 
                2.37361E+15       35.7141E-03 
                2.47361E+15       35.5055E-03 
                2.57361E+15       35.3036E-03 
                2.67361E+15       35.108E-03  
                2.77361E+15       34.9184E-03 
                2.87361E+15       34.7346E-03 
                2.97361E+15       34.5562E-03 
                3.07361E+15       34.3831E-03 
                3.17361E+15       34.215E-03  
                3.27361E+15       34.0517E-03 
                3.37361E+15       33.8929E-03 
                3.47361E+15       33.7385E-03 
                3.57361E+15       33.5883E-03 
                3.67361E+15       33.442E-03  
                3.77361E+15       33.2996E-03 
                3.87361E+15       33.1609E-03 
                3.97361E+15       33.0256E-03 
                4.E+15            32.9902E-03 




