
                  X               _temp_91    

                0.                 1.2428E+03 
                1.E+06             1.2428E+03 
                2.E+06             1.2428E+03 
                3.E+06             1.2428E+03 
                5.E+06             1.2428E+03 
                9.E+06             1.2428E+03 
               17.E+06             1.2428E+03 
               33.E+06             1.2428E+03 
               65.E+06             1.2428E+03 
              129.E+06             1.2428E+03 
              257.E+06             1.2428E+03 
              513.E+06             1.2428E+03 
                1.025E+09          1.2428E+03 
                2.049E+09          1.24281E+03
                4.097E+09          1.24281E+03
                8.193E+09          1.24283E+03
               13.7648E+09         1.24285E+03
               19.3367E+09         1.24288E+03
               24.9085E+09         1.2429E+03 
               33.9546E+09         1.24294E+03
               43.0006E+09         1.24297E+03
               52.0467E+09         1.24301E+03
               69.5279E+09         1.24307E+03
               87.009E+09          1.24313E+03
              104.49E+09           1.24319E+03
              131.114E+09          1.24328E+03
              157.737E+09          1.24336E+03
              184.361E+09          1.24344E+03
              222.815E+09          1.24355E+03
              261.269E+09          1.24366E+03
              299.723E+09          1.24376E+03
              361.38E+09           1.24392E+03
              423.036E+09          1.24407E+03
              484.693E+09          1.24422E+03
              576.164E+09          1.24444E+03
              667.636E+09          1.24464E+03
              759.108E+09          1.24485E+03
              885.03E+09           1.24511E+03
                1.01095E+12        1.24538E+03
                1.13688E+12        1.24563E+03
                1.32245E+12        1.24599E+03
                1.50803E+12        1.24633E+03
                1.6936E+12         1.24667E+03
                1.99314E+12        1.24718E+03
                2.29267E+12        1.24766E+03
                2.5922E+12         1.24813E+03
                2.70452E+12        1.2483E+03 
                2.92917E+12        1.24863E+03
                3.37847E+12        1.24924E+03
                4.00431E+12        1.25003E+03
                4.63016E+12        1.25075E+03
                5.256E+12          1.25141E+03
                5.49069E+12        1.25165E+03
                5.96008E+12        1.2521E+03 
                6.13609E+12        1.25227E+03
                6.2241E+12         1.25235E+03
                6.40012E+12        1.25251E+03
                6.66415E+12        1.25274E+03
                7.06019E+12        1.25307E+03
                7.65425E+12        1.25354E+03
                8.54535E+12        1.25417E+03
                8.87951E+12        1.25439E+03
                9.54783E+12        1.25481E+03
               10.5503E+12         1.25538E+03
               10.9262E+12         1.25558E+03
               11.6781E+12         1.25596E+03
               11.96E+12           1.2561E+03 
               12.5239E+12         1.25636E+03
               13.3698E+12         1.25672E+03
               13.687E+12          1.25685E+03
               14.1628E+12         1.25704E+03
               14.8764E+12         1.2573E+03 
               15.947E+12          1.25766E+03
               17.5527E+12         1.25813E+03
               18.1549E+12         1.2583E+03 
               19.0582E+12         1.25853E+03
               20.413E+12          1.25885E+03
               20.9211E+12         1.25896E+03
               21.1751E+12         1.25901E+03
               21.3022E+12         1.25904E+03
               21.5562E+12         1.2591E+03 
               21.9373E+12         1.25917E+03
               22.5089E+12         1.25928E+03
               23.3662E+12         1.25944E+03
               24.6523E+12         1.25966E+03
               25.9384E+12         1.25986E+03
               27.2245E+12         1.26004E+03
               29.1536E+12         1.26028E+03
               29.877E+12          1.26036E+03
               31.3238E+12         1.26051E+03
               31.8664E+12         1.26057E+03
               32.9515E+12         1.26067E+03
               34.5792E+12         1.26081E+03
               37.0207E+12         1.26099E+03
               39.4623E+12         1.26114E+03
               40.0726E+12         1.26118E+03
               41.2934E+12         1.26124E+03
               41.7512E+12         1.26126E+03
               42.6668E+12         1.2613E+03 
               43.0101E+12         1.26132E+03
               43.6968E+12         1.26135E+03
               45.0701E+12         1.2614E+03 
               47.1302E+12         1.26147E+03
               49.1902E+12         1.26153E+03
               49.7052E+12         1.26154E+03
               50.7353E+12         1.26156E+03
               52.2803E+12         1.26159E+03
               53.8253E+12         1.26161E+03
               55.3704E+12         1.26163E+03
               55.9497E+12         1.26163E+03
               57.1085E+12         1.26164E+03
               57.5431E+12         1.26164E+03
               58.4121E+12         1.26165E+03
               59.7158E+12         1.26166E+03
               60.2046E+12         1.26166E+03
               61.1823E+12         1.26167E+03
               62.6489E+12         1.26169E+03
               63.1989E+12         1.26169E+03
               64.0238E+12         1.2617E+03 
               65.2612E+12         1.26173E+03
               65.7253E+12         1.26173E+03
               66.6533E+12         1.26176E+03
               67.0014E+12         1.26177E+03
               67.6974E+12         1.2618E+03 
               67.9584E+12         1.2618E+03 
               68.4805E+12         1.26183E+03
               69.5245E+12         1.26188E+03
               69.9161E+12         1.2619E+03 
               70.6991E+12         1.26195E+03
               71.8737E+12         1.26204E+03
               72.3142E+12         1.26208E+03
               73.1951E+12         1.26216E+03
               73.5255E+12         1.26219E+03
               74.1862E+12         1.26226E+03
               75.5076E+12         1.26241E+03
               76.0031E+12         1.26247E+03
               76.9942E+12         1.26259E+03
               78.4807E+12         1.2628E+03 
               79.0382E+12         1.26288E+03
               80.1531E+12         1.26306E+03
               80.5713E+12         1.26313E+03
               81.4074E+12         1.26327E+03
               83.0798E+12         1.26356E+03
               83.498E+12          1.26364E+03
               83.9161E+12         1.26372E+03
               84.7523E+12         1.26388E+03
               86.0066E+12         1.26413E+03
               87.888E+12          1.26451E+03
               88.3584E+12         1.26461E+03
               88.8287E+12         1.26471E+03
               89.7695E+12         1.26491E+03
               91.1806E+12         1.26522E+03
               91.7097E+12         1.26534E+03
               91.9743E+12         1.2654E+03 
               92.5035E+12         1.26552E+03
               92.7019E+12         1.26557E+03
               93.0988E+12         1.26566E+03
               93.8925E+12         1.26584E+03
               95.0831E+12         1.26611E+03
               95.5296E+12         1.26622E+03
               96.4225E+12         1.26642E+03
               97.762E+12          1.26674E+03
               98.2643E+12         1.26685E+03
               99.2688E+12         1.26709E+03
              101.278E+12          1.26755E+03
              102.031E+12          1.26773E+03
              103.538E+12          1.26808E+03
              104.103E+12          1.26821E+03
              105.233E+12          1.26847E+03
              107.494E+12          1.26898E+03
              108.341E+12          1.26918E+03
              110.037E+12          1.26956E+03
              110.672E+12          1.26971E+03
              111.944E+12          1.27E+03   
              112.579E+12          1.27014E+03
              113.851E+12          1.27043E+03
              114.328E+12          1.27053E+03
              115.281E+12          1.27074E+03
              116.712E+12          1.27105E+03
              118.857E+12          1.2715E+03 
              119.393E+12          1.27162E+03
              119.93E+12           1.27173E+03
              121.003E+12          1.27196E+03
              123.148E+12          1.27239E+03
              123.953E+12          1.27255E+03
              125.562E+12          1.27286E+03
              126.165E+12          1.27298E+03
              127.372E+12          1.27322E+03
              127.825E+12          1.2733E+03 
              128.73E+12           1.27347E+03
              129.635E+12          1.27364E+03
              130.54E+12           1.27381E+03
              131.898E+12          1.27405E+03
              132.407E+12          1.27414E+03
              133.425E+12          1.27432E+03
              134.953E+12          1.27458E+03
              135.525E+12          1.27468E+03
              136.671E+12          1.27487E+03
              138.389E+12          1.27515E+03
              138.819E+12          1.27521E+03
              139.249E+12          1.27528E+03
              140.108E+12          1.27542E+03
              141.396E+12          1.27562E+03
              141.88E+12           1.27569E+03
              142.846E+12          1.27584E+03
              144.779E+12          1.27611E+03
              145.504E+12          1.27622E+03
              146.954E+12          1.27642E+03
              147.498E+12          1.27649E+03
              148.585E+12          1.27664E+03
              148.993E+12          1.27669E+03
              149.146E+12          1.27671E+03
              149.452E+12          1.27675E+03
              149.567E+12          1.27677E+03
              149.796E+12          1.2768E+03 
              150.14E+12           1.27684E+03
              150.656E+12          1.27691E+03
              151.43E+12           1.27701E+03
              152.591E+12          1.27715E+03
              153.027E+12          1.27721E+03
              153.68E+12           1.27729E+03
              154.66E+12           1.27741E+03
              156.129E+12          1.27759E+03
              156.68E+12           1.27765E+03
              157.783E+12          1.27778E+03
              159.436E+12          1.27797E+03
              161.916E+12          1.27823E+03
              162.846E+12          1.27833E+03
              164.706E+12          1.27851E+03
              167.496E+12          1.27876E+03
              168.542E+12          1.27886E+03
              170.635E+12          1.27904E+03
              174.82E+12           1.27933E+03
              175.866E+12          1.27941E+03
              176.912E+12          1.27948E+03
              179.005E+12          1.27962E+03
              182.144E+12          1.27978E+03
              183.321E+12          1.27985E+03
              185.675E+12          1.27996E+03
              186.558E+12          1.28E+03   
              188.323E+12          1.28007E+03
              190.971E+12          1.28016E+03
              191.965E+12          1.28019E+03
              193.951E+12          1.28024E+03
              194.944E+12          1.28026E+03
              196.93E+12           1.2803E+03 
              197.923E+12          1.28032E+03
              199.91E+12           1.28034E+03
              200.096E+12          1.28034E+03
              200.375E+12          1.28035E+03
              200.934E+12          1.28035E+03
              201.772E+12          1.28036E+03
              203.029E+12          1.28036E+03
              204.914E+12          1.28037E+03
              205.621E+12          1.28037E+03
              205.975E+12          1.28037E+03
              206.682E+12          1.28037E+03
              207.035E+12          1.28037E+03
              207.212E+12          1.28037E+03
              207.565E+12          1.28037E+03
              208.096E+12          1.28036E+03
              208.891E+12          1.28036E+03
              209.189E+12          1.28036E+03
              209.786E+12          1.28035E+03
              210.681E+12          1.28035E+03
              212.023E+12          1.28034E+03
              214.036E+12          1.28031E+03
              214.791E+12          1.2803E+03 
              216.301E+12          1.28028E+03
              219.321E+12          1.28022E+03
              220.454E+12          1.2802E+03 
              222.719E+12          1.28014E+03
              226.116E+12          1.28004E+03
              227.39E+12           1.28E+03   
              229.939E+12          1.27991E+03
              233.761E+12          1.27976E+03
              235.194E+12          1.2797E+03 
              238.061E+12          1.27957E+03
              239.136E+12          1.27952E+03
              241.286E+12          1.27942E+03
              244.511E+12          1.27926E+03
              245.72E+12           1.2792E+03 
              248.139E+12          1.27907E+03
              251.767E+12          1.27887E+03
              253.128E+12          1.2788E+03 
              255.849E+12          1.27864E+03
              256.869E+12          1.27858E+03
              258.91E+12           1.27845E+03
              262.992E+12          1.2782E+03 
              264.522E+12          1.2781E+03 
              267.583E+12          1.27791E+03
              268.731E+12          1.27783E+03
              271.027E+12          1.27768E+03
              274.471E+12          1.27744E+03
              279.637E+12          1.27708E+03
              281.574E+12          1.27694E+03
              282.301E+12          1.27689E+03
              283.754E+12          1.27679E+03
              286.659E+12          1.27657E+03
              287.749E+12          1.27649E+03
              289.928E+12          1.27633E+03
              290.746E+12          1.27627E+03
              292.38E+12           1.27615E+03
              295.649E+12          1.2759E+03 
              296.875E+12          1.2758E+03 
              299.327E+12          1.27561E+03
              300.246E+12          1.27554E+03
              302.085E+12          1.2754E+03 
              305.763E+12          1.27511E+03
              307.142E+12          1.275E+03  
              309.9E+12            1.27479E+03
              314.037E+12          1.27446E+03
              315.589E+12          1.27433E+03
              318.692E+12          1.27409E+03
              323.346E+12          1.27372E+03
              328.001E+12          1.27334E+03
              332.655E+12          1.27297E+03
              334.401E+12          1.27283E+03
              337.891E+12          1.27254E+03
              339.201E+12          1.27244E+03
              341.819E+12          1.27222E+03
              347.055E+12          1.27179E+03
              349.019E+12          1.27163E+03
              352.946E+12          1.27131E+03
              354.909E+12          1.27115E+03
              358.837E+12          1.27082E+03
              364.727E+12          1.27033E+03
              370.618E+12          1.26985E+03
              376.509E+12          1.26936E+03
              378.718E+12          1.26918E+03
              383.136E+12          1.26881E+03
              391.973E+12          1.26809E+03
              395.286E+12          1.26782E+03
              401.913E+12          1.26728E+03
              404.399E+12          1.26707E+03
              409.369E+12          1.26667E+03
              416.825E+12          1.26607E+03
              418.689E+12          1.26592E+03
              420.552E+12          1.26577E+03
              424.28E+12           1.26547E+03
              425.678E+12          1.26536E+03
              427.775E+12          1.26519E+03
              431.969E+12          1.26485E+03
              438.259E+12          1.26435E+03
              444.55E+12           1.26385E+03
              450.841E+12          1.26335E+03
              453.2E+12            1.26317E+03
              457.918E+12          1.2628E+03 
              467.354E+12          1.26206E+03
              470.892E+12          1.26178E+03
              477.969E+12          1.26123E+03
              488.585E+12          1.26041E+03
              491.239E+12          1.26021E+03
              493.892E+12          1.26001E+03
              499.2E+12            1.2596E+03 
              501.854E+12          1.2594E+03 
              503.181E+12          1.2593E+03 
              505.835E+12          1.2591E+03 
              509.816E+12          1.2588E+03 
              515.787E+12          1.25834E+03
              518.026E+12          1.25818E+03
              522.505E+12          1.25784E+03
              531.461E+12          1.25717E+03
              544.897E+12          1.25618E+03
              549.935E+12          1.25581E+03
              560.011E+12          1.25507E+03
              575.126E+12          1.25398E+03
              580.794E+12          1.25357E+03
              589.296E+12          1.25296E+03
              592.484E+12          1.25273E+03
              598.86E+12           1.25228E+03
              601.252E+12          1.25211E+03
              606.034E+12          1.25177E+03
              613.208E+12          1.25126E+03
              623.968E+12          1.2505E+03 
              628.003E+12          1.25022E+03
              630.021E+12          1.25008E+03
              634.056E+12          1.2498E+03 
              640.109E+12          1.24938E+03
              642.378E+12          1.24922E+03
              646.918E+12          1.2489E+03 
              648.62E+12           1.24879E+03
              652.025E+12          1.24855E+03
              653.727E+12          1.24843E+03
              657.132E+12          1.2482E+03 
              662.239E+12          1.24785E+03
              669.899E+12          1.24732E+03
              681.39E+12           1.24654E+03
              698.626E+12          1.24538E+03
              705.089E+12          1.24494E+03
              718.016E+12          1.24408E+03
              724.479E+12          1.24365E+03
              737.406E+12          1.2428E+03 
              743.87E+12           1.24237E+03
              756.797E+12          1.24153E+03
              776.187E+12          1.24029E+03
              783.459E+12          1.23982E+03
              798.002E+12          1.2389E+03 
              805.273E+12          1.23844E+03
              819.816E+12          1.23753E+03
              825.269E+12          1.23719E+03
              827.996E+12          1.23702E+03
              829.36E+12           1.23694E+03
              832.086E+12          1.23677E+03
              833.109E+12          1.2367E+03 
              835.154E+12          1.23658E+03
              838.222E+12          1.23639E+03
              839.372E+12          1.23632E+03
              841.097E+12          1.23621E+03
              843.686E+12          1.23605E+03
              844.656E+12          1.23599E+03
              846.598E+12          1.23587E+03
              847.568E+12          1.23581E+03
              848.054E+12          1.23578E+03
              849.024E+12          1.23572E+03
              849.51E+12           1.23569E+03
              850.48E+12           1.23563E+03
              851.451E+12          1.23557E+03
              852.421E+12          1.23551E+03
              853.877E+12          1.23542E+03
              856.061E+12          1.23529E+03
              859.337E+12          1.23509E+03
              864.251E+12          1.23479E+03
              871.621E+12          1.23435E+03
              874.385E+12          1.23418E+03
              879.913E+12          1.23385E+03
              888.205E+12          1.23336E+03
              900.643E+12          1.23263E+03
              905.307E+12          1.23235E+03
              912.304E+12          1.23194E+03
              922.798E+12          1.23133E+03
              933.293E+12          1.23073E+03
              943.787E+12          1.23013E+03
              947.723E+12          1.2299E+03 
              955.594E+12          1.22946E+03
              958.545E+12          1.22929E+03
              964.448E+12          1.22895E+03
              967.4E+12            1.22879E+03
              973.303E+12          1.22846E+03
              982.158E+12          1.22797E+03
              995.44E+12           1.22724E+03
                1.00042E+15        1.22696E+03
                1.01038E+15        1.22642E+03
                1.02532E+15        1.22562E+03
                1.04774E+15        1.22443E+03
                1.05614E+15        1.22398E+03
                1.07295E+15        1.22311E+03
                1.07926E+15        1.22278E+03
                1.09186E+15        1.22213E+03
                1.09817E+15        1.2218E+03 
                1.11078E+15        1.22116E+03
                1.1155E+15         1.22092E+03
                1.12496E+15        1.22044E+03
                1.14387E+15        1.2195E+03 
                1.15096E+15        1.21914E+03
                1.16515E+15        1.21845E+03
                1.17047E+15        1.21818E+03
                1.1811E+15         1.21767E+03
                1.18509E+15        1.21747E+03
                1.19307E+15        1.21709E+03
                1.19606E+15        1.21694E+03
                1.20205E+15        1.21665E+03
                1.21401E+15        1.21609E+03
                1.2185E+15         1.21587E+03
                1.22074E+15        1.21577E+03
                1.22523E+15        1.21555E+03
                1.23196E+15        1.21524E+03
                1.24206E+15        1.21477E+03
                1.25216E+15        1.2143E+03 
                1.26226E+15        1.21384E+03
                1.2774E+15         1.21315E+03
                1.30012E+15        1.21214E+03
                1.30864E+15        1.21176E+03
                1.32568E+15        1.21101E+03
                1.3342E+15         1.21064E+03
                1.35124E+15        1.20991E+03
                1.3768E+15         1.20883E+03
                1.38638E+15        1.20842E+03
                1.40555E+15        1.20763E+03
                1.41274E+15        1.20733E+03
                1.42712E+15        1.20674E+03
                1.44869E+15        1.20587E+03
                1.45677E+15        1.20554E+03
                1.4689E+15         1.20506E+03
                1.47497E+15        1.20482E+03
                1.4871E+15         1.20434E+03
                1.49316E+15        1.2041E+03 
                1.5053E+15         1.20363E+03
                1.52349E+15        1.20293E+03
                1.53031E+15        1.20267E+03
                1.54396E+15        1.20215E+03
                1.57126E+15        1.20114E+03
                1.58149E+15        1.20076E+03
                1.60196E+15        1.20001E+03
                1.6122E+15         1.19963E+03
                1.63267E+15        1.1989E+03 
                1.64034E+15        1.19862E+03
                1.6557E+15         1.19808E+03
                1.66337E+15        1.1978E+03 
                1.67873E+15        1.19727E+03
                1.70943E+15        1.19621E+03
                1.72095E+15        1.19582E+03
                1.74398E+15        1.19504E+03
                1.77852E+15        1.1939E+03 
                1.83034E+15        1.19224E+03
                1.84329E+15        1.19182E+03
                1.85624E+15        1.1914E+03 
                1.88215E+15        1.1906E+03 
                1.93397E+15        1.18903E+03
                1.9534E+15         1.18844E+03
                1.99226E+15        1.1873E+03 
                2.06998E+15        1.1851E+03 
                2.14771E+15        1.18299E+03
                2.16714E+15        1.18246E+03
                2.206E+15          1.18143E+03
                2.28372E+15        1.17946E+03
                2.30872E+15        1.17882E+03
                2.34623E+15        1.1779E+03 
                2.42123E+15        1.17611E+03
                2.52123E+15        1.17382E+03
                2.62123E+15        1.17163E+03
                2.72123E+15        1.16953E+03
                2.82123E+15        1.16751E+03
                2.92123E+15        1.16557E+03
                3.02123E+15        1.1637E+03 
                3.12123E+15        1.16191E+03
                3.22123E+15        1.16018E+03
                3.32123E+15        1.15851E+03
                3.34623E+15        1.1581E+03 
                3.39623E+15        1.15729E+03
                3.41498E+15        1.15698E+03
                3.42201E+15        1.15687E+03
                3.43607E+15        1.15665E+03
                3.44134E+15        1.15656E+03
                3.44925E+15        1.15644E+03
                3.46112E+15        1.15625E+03
                3.47891E+15        1.15597E+03
                3.49671E+15        1.15569E+03
                3.51451E+15        1.15541E+03
                3.54121E+15        1.155E+03  
                3.58125E+15        1.15439E+03
                3.59627E+15        1.15417E+03
                3.6263E+15         1.15372E+03
                3.67136E+15        1.15306E+03
                3.73893E+15        1.1521E+03 
                3.83893E+15        1.15071E+03
                3.93893E+15        1.14937E+03
                4.03893E+15        1.14808E+03
                4.13893E+15        1.14682E+03
                4.23893E+15        1.1456E+03 
                4.33893E+15        1.14442E+03
                4.43893E+15        1.14327E+03
                4.53893E+15        1.14215E+03
                4.63893E+15        1.14107E+03
                4.73893E+15        1.14002E+03
                4.83893E+15        1.13899E+03
                4.93893E+15        1.138E+03  
                5.03893E+15        1.13703E+03
                5.13893E+15        1.13608E+03
                5.23893E+15        1.13516E+03
                5.33893E+15        1.13427E+03
                5.43893E+15        1.1334E+03 
                5.53893E+15        1.13255E+03
                5.63893E+15        1.13172E+03
                5.73893E+15        1.13091E+03
                5.83893E+15        1.13012E+03
                5.93893E+15        1.12936E+03
                6.03893E+15        1.12861E+03
                6.13893E+15        1.12787E+03
                6.23893E+15        1.12716E+03
                6.33893E+15        1.12646E+03
                6.43893E+15        1.12578E+03
                6.53893E+15        1.12511E+03
                6.63893E+15        1.12446E+03
                6.73893E+15        1.12383E+03
                6.83893E+15        1.1232E+03 
                6.93893E+15        1.12259E+03
                7.03893E+15        1.122E+03  
                7.13893E+15        1.12142E+03
                7.23893E+15        1.12085E+03
                7.33893E+15        1.12029E+03
                7.43893E+15        1.11974E+03
                7.53893E+15        1.11921E+03
                7.63893E+15        1.11868E+03
                7.73893E+15        1.11817E+03
                7.83893E+15        1.11767E+03
                7.93893E+15        1.11718E+03
                8.03893E+15        1.11669E+03
                8.13893E+15        1.11622E+03
                8.23893E+15        1.11575E+03
                8.33893E+15        1.1153E+03 
                8.43893E+15        1.11485E+03
                8.53893E+15        1.11442E+03
                8.63893E+15        1.11399E+03
                8.73893E+15        1.11357E+03
                8.83893E+15        1.11316E+03
                8.93893E+15        1.11275E+03
                9.03893E+15        1.11235E+03
                9.13893E+15        1.11196E+03
                9.23893E+15        1.11158E+03
                9.33893E+15        1.1112E+03 
                9.43893E+15        1.11083E+03
                9.53893E+15        1.11047E+03
                9.63893E+15        1.11011E+03
                9.73893E+15        1.10976E+03
                9.83893E+15        1.10942E+03
                9.93893E+15        1.10908E+03
               10.E+15             1.10888E+03




