
                  X              _temp_1551   

                0.               -38.8085E+03 
                1.E+06           -41.9716E+03 
                2.E+06           -41.9808E+03 
                3.E+06           -41.9899E+03 
                5.E+06           -42.008E+03  
                9.E+06           -42.0437E+03 
               17.E+06           -42.1133E+03 
               33.E+06           -42.2463E+03 
               65.E+06           -42.4898E+03 
              129.E+06           -42.8986E+03 
              257.E+06           -43.4754E+03 
              513.E+06           -44.0563E+03 
                1.025E+09        -44.3788E+03 
                2.049E+09        -44.4552E+03 
                4.097E+09        -44.4568E+03 
                8.193E+09        -44.4437E+03 
               13.7648E+09       -44.4295E+03 
               19.3367E+09       -44.4182E+03 
               24.9085E+09       -44.4092E+03 
               33.9546E+09       -44.3986E+03 
               43.0006E+09       -44.3906E+03 
               52.0467E+09       -44.3845E+03 
               69.5279E+09       -44.3769E+03 
               87.009E+09        -44.3719E+03 
              104.49E+09         -44.3685E+03 
              131.114E+09        -44.3652E+03 
              157.737E+09        -44.3631E+03 
              184.361E+09        -44.3616E+03 
              222.815E+09        -44.3602E+03 
              261.269E+09        -44.3592E+03 
              299.723E+09        -44.3584E+03 
              361.38E+09         -44.3574E+03 
              423.036E+09        -44.3565E+03 
              484.693E+09        -44.3558E+03 
              576.164E+09        -44.3547E+03 
              667.636E+09        -44.3538E+03 
              759.108E+09        -44.3528E+03 
              885.03E+09         -44.3515E+03 
                1.01095E+12      -44.3504E+03 
                1.13688E+12      -44.3492E+03 
                1.32245E+12      -44.3477E+03 
                1.50803E+12      -44.3462E+03 
                1.6936E+12       -44.3447E+03 
                1.99314E+12      -44.3422E+03 
                2.29267E+12      -44.3399E+03 
                2.5922E+12       -44.3375E+03 
                2.70452E+12      -44.3367E+03 
                2.92917E+12      -44.3349E+03 
                3.37847E+12      -44.3314E+03 
                4.00431E+12      -44.3267E+03 
                4.63016E+12      -44.3221E+03 
                5.256E+12        -44.3176E+03 
                5.49069E+12      -44.316E+03  
                5.96008E+12      -44.3127E+03 
                6.13609E+12      -44.3115E+03 
                6.2241E+12       -44.3109E+03 
                6.40012E+12      -44.3097E+03 
                6.66415E+12      -44.3078E+03 
                7.06019E+12      -44.3052E+03 
                7.65425E+12      -44.3013E+03 
                8.54535E+12      -44.2957E+03 
                8.87951E+12      -44.2936E+03 
                9.54783E+12      -44.2896E+03 
               10.5503E+12       -44.2835E+03 
               10.9262E+12       -44.2813E+03 
               11.6781E+12       -44.2769E+03 
               11.96E+12         -44.2753E+03 
               12.5239E+12       -44.272E+03  
               13.3698E+12       -44.2672E+03 
               13.687E+12        -44.2655E+03 
               14.1628E+12       -44.2628E+03 
               14.8764E+12       -44.2589E+03 
               15.947E+12        -44.2531E+03 
               17.5527E+12       -44.2446E+03 
               18.1549E+12       -44.2414E+03 
               19.0582E+12       -44.2368E+03 
               20.413E+12        -44.2299E+03 
               20.9211E+12       -44.2273E+03 
               21.1751E+12       -44.226E+03  
               21.3022E+12       -44.2254E+03 
               21.5562E+12       -44.2241E+03 
               21.9373E+12       -44.2222E+03 
               22.5089E+12       -44.2194E+03 
               23.3662E+12       -44.2152E+03 
               24.6523E+12       -44.2091E+03 
               25.9384E+12       -44.2031E+03 
               27.2245E+12       -44.1972E+03 
               29.1536E+12       -44.1886E+03 
               29.877E+12        -44.1854E+03 
               31.3238E+12       -44.1792E+03 
               31.8664E+12       -44.1768E+03 
               32.9515E+12       -44.1723E+03 
               34.5792E+12       -44.1656E+03 
               37.0207E+12       -44.1561E+03 
               39.4623E+12       -44.147E+03  
               40.0726E+12       -44.1449E+03 
               41.2934E+12       -44.1407E+03 
               41.7512E+12       -44.1391E+03 
               42.6668E+12       -44.1362E+03 
               43.0101E+12       -44.1351E+03 
               43.6968E+12       -44.1331E+03 
               45.0701E+12       -44.1294E+03 
               47.1302E+12       -44.1247E+03 
               49.1902E+12       -44.121E+03  
               49.7052E+12       -44.1202E+03 
               50.7353E+12       -44.1189E+03 
               52.2803E+12       -44.1172E+03 
               53.8253E+12       -44.1159E+03 
               55.3704E+12       -44.115E+03  
               55.9497E+12       -44.1146E+03 
               57.1085E+12       -44.1141E+03 
               57.5431E+12       -44.1139E+03 
               58.4121E+12       -44.1135E+03 
               59.7158E+12       -44.1129E+03 
               60.2046E+12       -44.1127E+03 
               61.1823E+12       -44.112E+03  
               62.6489E+12       -44.1107E+03 
               63.1989E+12       -44.11E+03   
               64.0238E+12       -44.1089E+03 
               65.2612E+12       -44.1067E+03 
               65.7253E+12       -44.1057E+03 
               66.6533E+12       -44.1035E+03 
               67.0014E+12       -44.1026E+03 
               67.6974E+12       -44.1007E+03 
               67.9584E+12       -44.0998E+03 
               68.4805E+12       -44.0982E+03 
               69.5245E+12       -44.0947E+03 
               69.9161E+12       -44.0933E+03 
               70.6991E+12       -44.0902E+03 
               71.8737E+12       -44.0855E+03 
               72.3142E+12       -44.0835E+03 
               73.1951E+12       -44.0794E+03 
               73.5255E+12       -44.0779E+03 
               74.1862E+12       -44.0745E+03 
               75.5076E+12       -44.0672E+03 
               76.0031E+12       -44.0643E+03 
               76.9942E+12       -44.058E+03  
               78.4807E+12       -44.0477E+03 
               79.0382E+12       -44.0434E+03 
               80.1531E+12       -44.0346E+03 
               80.5713E+12       -44.0312E+03 
               81.4074E+12       -44.0241E+03 
               83.0798E+12       -44.0092E+03 
               83.498E+12        -44.0052E+03 
               83.9161E+12       -44.0013E+03 
               84.7523E+12       -43.9933E+03 
               86.0066E+12       -43.981E+03  
               87.888E+12        -43.9621E+03 
               88.3584E+12       -43.9572E+03 
               88.8287E+12       -43.9523E+03 
               89.7695E+12       -43.9423E+03 
               91.1806E+12       -43.9274E+03 
               91.7097E+12       -43.9216E+03 
               91.9743E+12       -43.9188E+03 
               92.5035E+12       -43.9131E+03 
               92.7019E+12       -43.9109E+03 
               93.0988E+12       -43.9065E+03 
               93.8925E+12       -43.8978E+03 
               95.0831E+12       -43.8847E+03 
               95.5296E+12       -43.8797E+03 
               96.4225E+12       -43.8699E+03 
               97.762E+12        -43.8552E+03 
               98.2643E+12       -43.8497E+03 
               99.2688E+12       -43.8386E+03 
              101.278E+12        -43.8169E+03 
              102.031E+12        -43.8087E+03 
              103.538E+12        -43.7925E+03 
              104.103E+12        -43.7863E+03 
              105.233E+12        -43.7741E+03 
              107.494E+12        -43.75E+03   
              108.341E+12        -43.7409E+03 
              110.037E+12        -43.7229E+03 
              110.672E+12        -43.7161E+03 
              111.944E+12        -43.7027E+03 
              112.579E+12        -43.696E+03  
              113.851E+12        -43.6828E+03 
              114.328E+12        -43.6778E+03 
              115.281E+12        -43.6679E+03 
              116.712E+12        -43.6532E+03 
              118.857E+12        -43.6317E+03 
              119.393E+12        -43.6263E+03 
              119.93E+12         -43.6209E+03 
              121.003E+12        -43.6103E+03 
              123.148E+12        -43.5895E+03 
              123.953E+12        -43.5817E+03 
              125.562E+12        -43.5662E+03 
              126.165E+12        -43.5604E+03 
              127.372E+12        -43.5489E+03 
              127.825E+12        -43.5446E+03 
              128.73E+12         -43.5367E+03 
              129.635E+12        -43.5281E+03 
              130.54E+12         -43.5194E+03 
              131.898E+12        -43.5067E+03 
              132.407E+12        -43.5021E+03 
              133.425E+12        -43.4929E+03 
              134.953E+12        -43.4791E+03 
              135.525E+12        -43.474E+03  
              136.671E+12        -43.4636E+03 
              138.389E+12        -43.448E+03  
              138.819E+12        -43.4441E+03 
              139.249E+12        -43.4402E+03 
              140.108E+12        -43.4325E+03 
              141.396E+12        -43.4209E+03 
              141.88E+12         -43.4166E+03 
              142.846E+12        -43.408E+03  
              144.779E+12        -43.3909E+03 
              145.504E+12        -43.3846E+03 
              146.954E+12        -43.3718E+03 
              147.498E+12        -43.3669E+03 
              148.585E+12        -43.3574E+03 
              148.993E+12        -43.3537E+03 
              149.146E+12        -43.3524E+03 
              149.452E+12        -43.3496E+03 
              149.567E+12        -43.3486E+03 
              149.796E+12        -43.3464E+03 
              150.14E+12         -43.343E+03  
              150.656E+12        -43.3377E+03 
              151.43E+12         -43.3296E+03 
              152.591E+12        -43.3178E+03 
              153.027E+12        -43.3133E+03 
              153.68E+12         -43.3066E+03 
              154.66E+12         -43.2968E+03 
              156.129E+12        -43.2823E+03 
              156.68E+12         -43.2768E+03 
              157.783E+12        -43.2661E+03 
              159.436E+12        -43.2503E+03 
              161.916E+12        -43.2273E+03 
              162.846E+12        -43.2187E+03 
              164.706E+12        -43.2018E+03 
              167.496E+12        -43.1772E+03 
              168.542E+12        -43.168E+03  
              170.635E+12        -43.1499E+03 
              174.82E+12         -43.1146E+03 
              175.866E+12        -43.1058E+03 
              176.912E+12        -43.0971E+03 
              179.005E+12        -43.0799E+03 
              182.144E+12        -43.0544E+03 
              183.321E+12        -43.0449E+03 
              185.675E+12        -43.0261E+03 
              186.558E+12        -43.0192E+03 
              188.323E+12        -43.0053E+03 
              190.971E+12        -42.985E+03  
              191.965E+12        -42.9774E+03 
              193.951E+12        -42.9625E+03 
              194.944E+12        -42.9551E+03 
              196.93E+12         -42.9405E+03 
              197.923E+12        -42.9332E+03 
              199.91E+12         -42.9189E+03 
              200.096E+12        -42.9176E+03 
              200.375E+12        -42.9156E+03 
              200.934E+12        -42.9116E+03 
              201.772E+12        -42.9054E+03 
              203.029E+12        -42.8964E+03 
              204.914E+12        -42.8829E+03 
              205.621E+12        -42.8779E+03 
              205.975E+12        -42.8754E+03 
              206.682E+12        -42.8704E+03 
              207.035E+12        -42.868E+03  
              207.212E+12        -42.8667E+03 
              207.565E+12        -42.8642E+03 
              208.096E+12        -42.8604E+03 
              208.891E+12        -42.8546E+03 
              209.189E+12        -42.8524E+03 
              209.786E+12        -42.848E+03  
              210.681E+12        -42.8413E+03 
              212.023E+12        -42.8314E+03 
              214.036E+12        -42.817E+03  
              214.791E+12        -42.8116E+03 
              216.301E+12        -42.8011E+03 
              219.321E+12        -42.7809E+03 
              220.454E+12        -42.7735E+03 
              222.719E+12        -42.759E+03  
              226.116E+12        -42.7381E+03 
              227.39E+12         -42.7304E+03 
              229.939E+12        -42.7155E+03 
              233.761E+12        -42.6938E+03 
              235.194E+12        -42.6859E+03 
              238.061E+12        -42.6704E+03 
              239.136E+12        -42.6646E+03 
              241.286E+12        -42.6532E+03 
              244.511E+12        -42.6363E+03 
              245.72E+12         -42.6301E+03 
              248.139E+12        -42.6177E+03 
              251.767E+12        -42.5996E+03 
              253.128E+12        -42.5929E+03 
              255.849E+12        -42.5799E+03 
              256.869E+12        -42.575E+03  
              258.91E+12         -42.5655E+03 
              262.992E+12        -42.5472E+03 
              264.522E+12        -42.5404E+03 
              267.583E+12        -42.5271E+03 
              268.731E+12        -42.5222E+03 
              271.027E+12        -42.5125E+03 
              274.471E+12        -42.4983E+03 
              279.637E+12        -42.478E+03  
              281.574E+12        -42.4706E+03 
              282.301E+12        -42.4678E+03 
              283.754E+12        -42.4624E+03 
              286.659E+12        -42.4518E+03 
              287.749E+12        -42.4479E+03 
              289.928E+12        -42.4401E+03 
              290.746E+12        -42.4372E+03 
              292.38E+12         -42.4315E+03 
              295.649E+12        -42.4204E+03 
              296.875E+12        -42.4163E+03 
              299.327E+12        -42.4083E+03 
              300.246E+12        -42.4053E+03 
              302.085E+12        -42.3994E+03 
              305.763E+12        -42.3879E+03 
              307.142E+12        -42.3838E+03 
              309.9E+12          -42.3755E+03 
              314.037E+12        -42.3636E+03 
              315.589E+12        -42.3592E+03 
              318.692E+12        -42.3506E+03 
              323.346E+12        -42.3381E+03 
              328.001E+12        -42.326E+03  
              332.655E+12        -42.3144E+03 
              334.401E+12        -42.3101E+03 
              337.891E+12        -42.3018E+03 
              339.201E+12        -42.2988E+03 
              341.819E+12        -42.2927E+03 
              347.055E+12        -42.281E+03  
              349.019E+12        -42.2768E+03 
              352.946E+12        -42.2686E+03 
              354.909E+12        -42.2645E+03 
              358.837E+12        -42.2567E+03 
              364.727E+12        -42.2455E+03 
              370.618E+12        -42.2349E+03 
              376.509E+12        -42.225E+03  
              378.718E+12        -42.2214E+03 
              383.136E+12        -42.2147E+03 
              391.973E+12        -42.2019E+03 
              395.286E+12        -42.1974E+03 
              401.913E+12        -42.189E+03  
              404.399E+12        -42.1859E+03 
              409.369E+12        -42.18E+03   
              416.825E+12        -42.1716E+03 
              418.689E+12        -42.1696E+03 
              420.552E+12        -42.1677E+03 
              424.28E+12         -42.1638E+03 
              425.678E+12        -42.1624E+03 
              427.775E+12        -42.1602E+03 
              431.969E+12        -42.156E+03  
              438.259E+12        -42.1502E+03 
              444.55E+12         -42.1447E+03 
              450.841E+12        -42.1396E+03 
              453.2E+12          -42.1377E+03 
              457.918E+12        -42.1342E+03 
              467.354E+12        -42.1275E+03 
              470.892E+12        -42.1252E+03 
              477.969E+12        -42.1207E+03 
              488.585E+12        -42.1145E+03 
              491.239E+12        -42.1131E+03 
              493.892E+12        -42.1116E+03 
              499.2E+12          -42.1089E+03 
              501.854E+12        -42.1076E+03 
              503.181E+12        -42.1069E+03 
              505.835E+12        -42.1056E+03 
              509.816E+12        -42.1038E+03 
              515.787E+12        -42.1011E+03 
              518.026E+12        -42.1001E+03 
              522.505E+12        -42.0983E+03 
              531.461E+12        -42.0947E+03 
              544.897E+12        -42.0899E+03 
              549.935E+12        -42.0882E+03 
              560.011E+12        -42.0852E+03 
              575.126E+12        -42.081E+03  
              580.794E+12        -42.0795E+03 
              589.296E+12        -42.0775E+03 
              592.484E+12        -42.0767E+03 
              598.86E+12         -42.0752E+03 
              601.252E+12        -42.0747E+03 
              606.034E+12        -42.0736E+03 
              613.208E+12        -42.0721E+03 
              623.968E+12        -42.07E+03   
              628.003E+12        -42.0692E+03 
              630.021E+12        -42.0688E+03 
              634.056E+12        -42.0681E+03 
              640.109E+12        -42.067E+03  
              642.378E+12        -42.0667E+03 
              646.918E+12        -42.0659E+03 
              648.62E+12         -42.0656E+03 
              652.025E+12        -42.0651E+03 
              653.727E+12        -42.0648E+03 
              657.132E+12        -42.0643E+03 
              662.239E+12        -42.0635E+03 
              669.899E+12        -42.0623E+03 
              681.39E+12         -42.0608E+03 
              698.626E+12        -42.0585E+03 
              705.089E+12        -42.0578E+03 
              718.016E+12        -42.0563E+03 
              724.479E+12        -42.0556E+03 
              737.406E+12        -42.0542E+03 
              743.87E+12         -42.0535E+03 
              756.797E+12        -42.0523E+03 
              776.187E+12        -42.0505E+03 
              783.459E+12        -42.0499E+03 
              798.002E+12        -42.0486E+03 
              805.273E+12        -42.048E+03  
              819.816E+12        -42.0469E+03 
              825.269E+12        -42.0465E+03 
              827.996E+12        -42.0463E+03 
              829.36E+12         -42.0461E+03 
              832.086E+12        -42.0459E+03 
              833.109E+12        -42.0458E+03 
              835.154E+12        -42.0457E+03 
              838.222E+12        -42.0455E+03 
              839.372E+12        -42.0454E+03 
              841.097E+12        -42.0453E+03 
              843.686E+12        -42.0451E+03 
              844.656E+12        -42.045E+03  
              846.598E+12        -42.0449E+03 
              847.568E+12        -42.0448E+03 
              848.054E+12        -42.0448E+03 
              849.024E+12        -42.0447E+03 
              849.51E+12         -42.0446E+03 
              850.48E+12         -42.0446E+03 
              851.451E+12        -42.0445E+03 
              852.421E+12        -42.0444E+03 
              853.877E+12        -42.0443E+03 
              856.061E+12        -42.0441E+03 
              859.337E+12        -42.0439E+03 
              864.251E+12        -42.0435E+03 
              871.621E+12        -42.043E+03  
              874.385E+12        -42.0429E+03 
              879.913E+12        -42.0425E+03 
              888.205E+12        -42.0419E+03 
              900.643E+12        -42.0412E+03 
              905.307E+12        -42.0408E+03 
              912.304E+12        -42.0404E+03 
              922.798E+12        -42.0398E+03 
              933.293E+12        -42.0391E+03 
              943.787E+12        -42.0384E+03 
              947.723E+12        -42.0382E+03 
              955.594E+12        -42.0377E+03 
              958.545E+12        -42.0376E+03 
              964.448E+12        -42.0372E+03 
              967.4E+12          -42.0371E+03 
              973.303E+12        -42.0367E+03 
              982.158E+12        -42.0362E+03 
              995.44E+12         -42.0354E+03 
                1.00042E+15      -42.0352E+03 
                1.01038E+15      -42.0346E+03 
                1.02532E+15      -42.0339E+03 
                1.04774E+15      -42.0328E+03 
                1.05614E+15      -42.0324E+03 
                1.07295E+15      -42.0316E+03 
                1.07926E+15      -42.0313E+03 
                1.09186E+15      -42.0308E+03 
                1.09817E+15      -42.0305E+03 
                1.11078E+15      -42.03E+03   
                1.1155E+15       -42.0298E+03 
                1.12496E+15      -42.0294E+03 
                1.14387E+15      -42.0287E+03 
                1.15096E+15      -42.0284E+03 
                1.16515E+15      -42.0278E+03 
                1.17047E+15      -42.0276E+03 
                1.1811E+15       -42.0273E+03 
                1.18509E+15      -42.0271E+03 
                1.19307E+15      -42.0269E+03 
                1.19606E+15      -42.0268E+03 
                1.20205E+15      -42.0266E+03 
                1.21401E+15      -42.0262E+03 
                1.2185E+15       -42.026E+03  
                1.22074E+15      -42.0259E+03 
                1.22523E+15      -42.0258E+03 
                1.23196E+15      -42.0256E+03 
                1.24206E+15      -42.0252E+03 
                1.25216E+15      -42.0249E+03 
                1.26226E+15      -42.0246E+03 
                1.2774E+15       -42.0241E+03 
                1.30012E+15      -42.0234E+03 
                1.30864E+15      -42.0232E+03 
                1.32568E+15      -42.0227E+03 
                1.3342E+15       -42.0225E+03 
                1.35124E+15      -42.0221E+03 
                1.3768E+15       -42.0214E+03 
                1.38638E+15      -42.0211E+03 
                1.40555E+15      -42.0206E+03 
                1.41274E+15      -42.0205E+03 
                1.42712E+15      -42.0201E+03 
                1.44869E+15      -42.0196E+03 
                1.45677E+15      -42.0194E+03 
                1.4689E+15       -42.0191E+03 
                1.47497E+15      -42.019E+03  
                1.4871E+15       -42.0187E+03 
                1.49316E+15      -42.0186E+03 
                1.5053E+15       -42.0183E+03 
                1.52349E+15      -42.0179E+03 
                1.53031E+15      -42.0178E+03 
                1.54396E+15      -42.0175E+03 
                1.57126E+15      -42.017E+03  
                1.58149E+15      -42.0168E+03 
                1.60196E+15      -42.0164E+03 
                1.6122E+15       -42.0162E+03 
                1.63267E+15      -42.0159E+03 
                1.64034E+15      -42.0157E+03 
                1.6557E+15       -42.0155E+03 
                1.66337E+15      -42.0153E+03 
                1.67873E+15      -42.015E+03  
                1.70943E+15      -42.0146E+03 
                1.72095E+15      -42.0144E+03 
                1.74398E+15      -42.0141E+03 
                1.77852E+15      -42.0136E+03 
                1.83034E+15      -42.0129E+03 
                1.84329E+15      -42.0128E+03 
                1.85624E+15      -42.0126E+03 
                1.88215E+15      -42.0123E+03 
                1.93397E+15      -42.0118E+03 
                1.9534E+15       -42.0116E+03 
                1.99226E+15      -42.0112E+03 
                2.06998E+15      -42.0104E+03 
                2.14771E+15      -42.0096E+03 
                2.16714E+15      -42.0094E+03 
                2.206E+15        -42.0091E+03 
                2.28372E+15      -42.0085E+03 
                2.30872E+15      -42.0083E+03 
                2.34623E+15      -42.008E+03  
                2.42123E+15      -42.0074E+03 
                2.52123E+15      -42.0067E+03 
                2.62123E+15      -42.0061E+03 
                2.72123E+15      -42.0055E+03 
                2.82123E+15      -42.005E+03  
                2.92123E+15      -42.0045E+03 
                3.02123E+15      -42.004E+03  
                3.12123E+15      -42.0036E+03 
                3.22123E+15      -42.0032E+03 
                3.32123E+15      -42.0028E+03 
                3.34623E+15      -42.0027E+03 
                3.39623E+15      -42.0026E+03 
                3.41498E+15      -42.0025E+03 
                3.42201E+15      -42.0025E+03 
                3.43607E+15      -42.0024E+03 
                3.44134E+15      -42.0024E+03 
                3.44925E+15      -42.0024E+03 
                3.46112E+15      -42.0023E+03 
                3.47891E+15      -42.0022E+03 
                3.49671E+15      -42.0021E+03 
                3.51451E+15      -42.0021E+03 
                3.54121E+15      -42.002E+03  
                3.58125E+15      -42.0018E+03 
                3.59627E+15      -42.0017E+03 
                3.6263E+15       -42.0016E+03 
                3.67136E+15      -42.0014E+03 
                3.73893E+15      -42.0012E+03 
                3.83893E+15      -42.0009E+03 
                3.93893E+15      -42.0006E+03 
                4.03893E+15      -42.0003E+03 
                4.13893E+15      -42.E+03     
                4.23893E+15      -41.9998E+03 
                4.33893E+15      -41.9995E+03 
                4.43893E+15      -41.9993E+03 
                4.53893E+15      -41.999E+03  
                4.63893E+15      -41.9989E+03 
                4.73893E+15      -41.9986E+03 
                4.83893E+15      -41.9985E+03 
                4.93893E+15      -41.9983E+03 
                5.03893E+15      -41.9981E+03 
                5.13893E+15      -41.998E+03  
                5.23893E+15      -41.9978E+03 
                5.33893E+15      -41.9977E+03 
                5.43893E+15      -41.9975E+03 
                5.53893E+15      -41.9974E+03 
                5.63893E+15      -41.9972E+03 
                5.73893E+15      -41.9971E+03 
                5.83893E+15      -41.997E+03  
                5.93893E+15      -41.9969E+03 
                6.03893E+15      -41.9967E+03 
                6.13893E+15      -41.9966E+03 
                6.23893E+15      -41.9965E+03 
                6.33893E+15      -41.9964E+03 
                6.43893E+15      -41.9963E+03 
                6.53893E+15      -41.9963E+03 
                6.63893E+15      -41.9961E+03 
                6.73893E+15      -41.996E+03  
                6.83893E+15      -41.9959E+03 
                6.93893E+15      -41.9959E+03 
                7.03893E+15      -41.9958E+03 
                7.13893E+15      -41.9957E+03 
                7.23893E+15      -41.9956E+03 
                7.33893E+15      -41.9955E+03 
                7.43893E+15      -41.9954E+03 
                7.53893E+15      -41.9954E+03 
                7.63893E+15      -41.9953E+03 
                7.73893E+15      -41.9952E+03 
                7.83893E+15      -41.9952E+03 
                7.93893E+15      -41.9951E+03 
                8.03893E+15      -41.995E+03  
                8.13893E+15      -41.995E+03  
                8.23893E+15      -41.9949E+03 
                8.33893E+15      -41.9948E+03 
                8.43893E+15      -41.9948E+03 
                8.53893E+15      -41.9947E+03 
                8.63893E+15      -41.9947E+03 
                8.73893E+15      -41.9946E+03 
                8.83893E+15      -41.9946E+03 
                8.93893E+15      -41.9945E+03 
                9.03893E+15      -41.9945E+03 
                9.13893E+15      -41.9944E+03 
                9.23893E+15      -41.9944E+03 
                9.33893E+15      -41.9943E+03 
                9.43893E+15      -41.9943E+03 
                9.53893E+15      -41.9942E+03 
                9.63893E+15      -41.9941E+03 
                9.73893E+15      -41.9941E+03 
                9.83893E+15      -41.994E+03  
                9.93893E+15      -41.994E+03  
               10.E+15           -41.994E+03  




