
                  X               _temp_91    

                0.                27.5324E-03 
                1.E+06            50.1957E-03 
                2.E+06            50.1975E-03 
                3.E+06            50.1975E-03 
                5.E+06            50.1975E-03 
                9.E+06            50.1975E-03 
               17.E+06            50.1975E-03 
               33.E+06            50.1975E-03 
               65.E+06            50.1975E-03 
              129.E+06            50.1974E-03 
              257.E+06            50.1973E-03 
              513.E+06            50.197E-03  
                1.025E+09         50.1966E-03 
                2.049E+09         50.1958E-03 
                4.097E+09         50.1942E-03 
                8.193E+09         50.1912E-03 
               13.7648E+09        50.1873E-03 
               19.3367E+09        50.1833E-03 
               24.9085E+09        50.1794E-03 
               33.9546E+09        50.173E-03  
               43.0006E+09        50.1666E-03 
               52.0467E+09        50.1603E-03 
               69.5279E+09        50.1481E-03 
               87.009E+09         50.136E-03  
              104.49E+09          50.1239E-03 
              131.114E+09         50.1057E-03 
              157.737E+09         50.0876E-03 
              184.361E+09         50.0696E-03 
              222.815E+09         50.0438E-03 
              261.269E+09         50.0182E-03 
              299.723E+09         49.9929E-03 
              361.38E+09          49.9528E-03 
              423.036E+09         49.9134E-03 
              484.693E+09         49.8745E-03 
              576.164E+09         49.818E-03  
              667.636E+09         49.7627E-03 
              759.108E+09         49.7085E-03 
              885.03E+09          49.6361E-03 
                1.01095E+12       49.5657E-03 
                1.13688E+12       49.4973E-03 
                1.32245E+12       49.4005E-03 
                1.50803E+12       49.3075E-03 
                1.6936E+12        49.2183E-03 
                1.99314E+12       49.0831E-03 
                2.29267E+12       48.956E-03  
                2.5922E+12        48.8366E-03 
                2.70452E+12       48.7929E-03 
                2.92917E+12       48.7093E-03 
                3.37847E+12       48.5563E-03 
                4.00431E+12       48.3668E-03 
                4.63016E+12       48.1979E-03 
                5.256E+12         48.0468E-03 
                5.49069E+12       47.9926E-03 
                5.96008E+12       47.8927E-03 
                6.13609E+12       47.8564E-03 
                6.2241E+12        47.8385E-03 
                6.40012E+12       47.8039E-03 
                6.66415E+12       47.7543E-03 
                7.06019E+12       47.6847E-03 
                7.65425E+12       47.59E-03   
                8.54535E+12       47.4663E-03 
                8.87951E+12       47.4223E-03 
                9.54783E+12       47.3428E-03 
               10.5503E+12        47.2397E-03 
               10.9262E+12        47.2032E-03 
               11.6781E+12        47.1375E-03 
               11.96E+12          47.1139E-03 
               12.5239E+12        47.0702E-03 
               13.3698E+12        47.0118E-03 
               13.687E+12         46.9909E-03 
               14.1628E+12        46.9615E-03 
               14.8764E+12        46.9213E-03 
               15.947E+12         46.8688E-03 
               17.5527E+12        46.8041E-03 
               18.1549E+12        46.7816E-03 
               19.0582E+12        46.7516E-03 
               20.413E+12         46.7134E-03 
               20.9211E+12        46.7E-03    
               21.1751E+12        46.6935E-03 
               21.3022E+12        46.6903E-03 
               21.5562E+12        46.6841E-03 
               21.9373E+12        46.6753E-03 
               22.5089E+12        46.6631E-03 
               23.3662E+12        46.6466E-03 
               24.6523E+12        46.6256E-03 
               25.9384E+12        46.6079E-03 
               27.2245E+12        46.593E-03  
               29.1536E+12        46.5759E-03 
               29.877E+12         46.5702E-03 
               31.3238E+12        46.5611E-03 
               31.8664E+12        46.558E-03  
               32.9515E+12        46.553E-03  
               34.5792E+12        46.5476E-03 
               37.0207E+12        46.5436E-03 
               39.4623E+12        46.543E-03  
               40.0726E+12        46.543E-03  
               41.2934E+12        46.5438E-03 
               41.7512E+12        46.5443E-03 
               42.6668E+12        46.5455E-03 
               43.0101E+12        46.546E-03  
               43.6968E+12        46.5472E-03 
               45.0701E+12        46.5503E-03 
               47.1302E+12        46.5566E-03 
               49.1902E+12        46.5643E-03 
               49.7052E+12        46.5663E-03 
               50.7353E+12        46.5706E-03 
               52.2803E+12        46.5779E-03 
               53.8253E+12        46.5858E-03 
               55.3704E+12        46.5944E-03 
               55.9497E+12        46.5978E-03 
               57.1085E+12        46.6048E-03 
               57.5431E+12        46.6075E-03 
               58.4121E+12        46.6131E-03 
               59.7158E+12        46.622E-03  
               60.2046E+12        46.6253E-03 
               61.1823E+12        46.6324E-03 
               62.6489E+12        46.6435E-03 
               63.1989E+12        46.6478E-03 
               64.0238E+12        46.6543E-03 
               65.2612E+12        46.6646E-03 
               65.7253E+12        46.6685E-03 
               66.6533E+12        46.6765E-03 
               67.0014E+12        46.6796E-03 
               67.6974E+12        46.6858E-03 
               67.9584E+12        46.6882E-03 
               68.4805E+12        46.6929E-03 
               69.5245E+12        46.7028E-03 
               69.9161E+12        46.7065E-03 
               70.6991E+12        46.7141E-03 
               71.8737E+12        46.7258E-03 
               72.3142E+12        46.7303E-03 
               73.1951E+12        46.7395E-03 
               73.5255E+12        46.7429E-03 
               74.1862E+12        46.7499E-03 
               75.5076E+12        46.7644E-03 
               76.0031E+12        46.7699E-03 
               76.9942E+12        46.7811E-03 
               78.4807E+12        46.7984E-03 
               79.0382E+12        46.805E-03  
               80.1531E+12        46.8185E-03 
               80.5713E+12        46.8236E-03 
               81.4074E+12        46.834E-03  
               83.0798E+12        46.8554E-03 
               83.498E+12         46.8608E-03 
               83.9161E+12        46.8662E-03 
               84.7523E+12        46.8772E-03 
               86.0066E+12        46.8941E-03 
               87.888E+12         46.9202E-03 
               88.3584E+12        46.9267E-03 
               88.8287E+12        46.9334E-03 
               89.7695E+12        46.9468E-03 
               91.1806E+12        46.9674E-03 
               91.7097E+12        46.9751E-03 
               91.9743E+12        46.979E-03  
               92.5035E+12        46.9869E-03 
               92.7019E+12        46.9899E-03 
               93.0988E+12        46.9958E-03 
               93.8925E+12        47.0078E-03 
               95.0831E+12        47.0261E-03 
               95.5296E+12        47.033E-03  
               96.4225E+12        47.0469E-03 
               97.762E+12         47.0682E-03 
               98.2643E+12        47.0762E-03 
               99.2688E+12        47.0924E-03 
              101.278E+12         47.1255E-03 
              102.031E+12         47.138E-03  
              103.538E+12         47.1634E-03 
              104.103E+12         47.173E-03  
              105.233E+12         47.1923E-03 
              107.494E+12         47.2317E-03 
              108.341E+12         47.2466E-03 
              110.037E+12         47.2768E-03 
              110.672E+12         47.2881E-03 
              111.944E+12         47.3111E-03 
              112.579E+12         47.3226E-03 
              113.851E+12         47.3458E-03 
              114.328E+12         47.3545E-03 
              115.281E+12         47.3721E-03 
              116.712E+12         47.3987E-03 
              118.857E+12         47.4391E-03 
              119.393E+12         47.4492E-03 
              119.93E+12          47.4593E-03 
              121.003E+12         47.4797E-03 
              123.148E+12         47.5209E-03 
              123.953E+12         47.5364E-03 
              125.562E+12         47.5676E-03 
              126.165E+12         47.5793E-03 
              127.372E+12         47.6028E-03 
              127.825E+12         47.6117E-03 
              128.73E+12          47.6294E-03 
              129.635E+12         47.6472E-03 
              130.54E+12          47.6651E-03 
              131.898E+12         47.6919E-03 
              132.407E+12         47.702E-03  
              133.425E+12         47.7222E-03 
              134.953E+12         47.7527E-03 
              135.525E+12         47.7641E-03 
              136.671E+12         47.787E-03  
              138.389E+12         47.8215E-03 
              138.819E+12         47.8301E-03 
              139.249E+12         47.8388E-03 
              140.108E+12         47.8561E-03 
              141.396E+12         47.882E-03  
              141.88E+12          47.8918E-03 
              142.846E+12         47.9113E-03 
              144.779E+12         47.9504E-03 
              145.504E+12         47.9651E-03 
              146.954E+12         47.9945E-03 
              147.498E+12         48.0055E-03 
              148.585E+12         48.0275E-03 
              148.993E+12         48.0358E-03 
              149.146E+12         48.0389E-03 
              149.452E+12         48.0451E-03 
              149.567E+12         48.0474E-03 
              149.796E+12         48.052E-03  
              150.14E+12          48.059E-03  
              150.656E+12         48.0695E-03 
              151.43E+12          48.0852E-03 
              152.591E+12         48.1088E-03 
              153.027E+12         48.1176E-03 
              153.68E+12          48.1308E-03 
              154.66E+12          48.1507E-03 
              156.129E+12         48.1805E-03 
              156.68E+12          48.1917E-03 
              157.783E+12         48.214E-03  
              159.436E+12         48.2474E-03 
              161.916E+12         48.2975E-03 
              162.846E+12         48.3162E-03 
              164.706E+12         48.3536E-03 
              167.496E+12         48.4095E-03 
              168.542E+12         48.4305E-03 
              170.635E+12         48.4722E-03 
              174.82E+12          48.555E-03  
              175.866E+12         48.5756E-03 
              176.912E+12         48.5962E-03 
              179.005E+12         48.6373E-03 
              182.144E+12         48.6984E-03 
              183.321E+12         48.7212E-03 
              185.675E+12         48.7666E-03 
              186.558E+12         48.7836E-03 
              188.323E+12         48.8174E-03 
              190.971E+12         48.8678E-03 
              191.965E+12         48.8866E-03 
              193.951E+12         48.9241E-03 
              194.944E+12         48.9428E-03 
              196.93E+12          48.9798E-03 
              197.923E+12         48.9983E-03 
              199.91E+12          49.0351E-03 
              200.096E+12         49.0385E-03 
              200.375E+12         49.0437E-03 
              200.934E+12         49.054E-03  
              201.772E+12         49.0694E-03 
              203.029E+12         49.0924E-03 
              204.914E+12         49.1267E-03 
              205.621E+12         49.1395E-03 
              205.975E+12         49.1459E-03 
              206.682E+12         49.1587E-03 
              207.035E+12         49.1651E-03 
              207.212E+12         49.1683E-03 
              207.565E+12         49.1747E-03 
              208.096E+12         49.1842E-03 
              208.891E+12         49.1985E-03 
              209.189E+12         49.2038E-03 
              209.786E+12         49.2145E-03 
              210.681E+12         49.2305E-03 
              212.023E+12         49.2543E-03 
              214.036E+12         49.2897E-03 
              214.791E+12         49.3029E-03 
              216.301E+12         49.3293E-03 
              219.321E+12         49.3814E-03 
              220.454E+12         49.4008E-03 
              222.719E+12         49.4394E-03 
              226.116E+12         49.4964E-03 
              227.39E+12          49.5177E-03 
              229.939E+12         49.5598E-03 
              233.761E+12         49.6219E-03 
              235.194E+12         49.645E-03  
              238.061E+12         49.6907E-03 
              239.136E+12         49.7078E-03 
              241.286E+12         49.7416E-03 
              244.511E+12         49.7916E-03 
              245.72E+12          49.8103E-03 
              248.139E+12         49.8472E-03 
              251.767E+12         49.9016E-03 
              253.128E+12         49.9218E-03 
              255.849E+12         49.9619E-03 
              256.869E+12         49.9768E-03 
              258.91E+12          50.0064E-03 
              262.992E+12         50.0645E-03 
              264.522E+12         50.0861E-03 
              267.583E+12         50.1287E-03 
              268.731E+12         50.1446E-03 
              271.027E+12         50.176E-03  
              274.471E+12         50.2224E-03 
              279.637E+12         50.2901E-03 
              281.574E+12         50.3153E-03 
              282.301E+12         50.3247E-03 
              283.754E+12         50.3434E-03 
              286.659E+12         50.3802E-03 
              287.749E+12         50.3939E-03 
              289.928E+12         50.4211E-03 
              290.746E+12         50.4312E-03 
              292.38E+12          50.4513E-03 
              295.649E+12         50.4909E-03 
              296.875E+12         50.5056E-03 
              299.327E+12         50.5347E-03 
              300.246E+12         50.5456E-03 
              302.085E+12         50.5671E-03 
              305.763E+12         50.6094E-03 
              307.142E+12         50.6251E-03 
              309.9E+12           50.6561E-03 
              314.037E+12         50.7016E-03 
              315.589E+12         50.7185E-03 
              318.692E+12         50.7518E-03 
              323.346E+12         50.8006E-03 
              328.001E+12         50.8482E-03 
              332.655E+12         50.8946E-03 
              334.401E+12         50.9118E-03 
              337.891E+12         50.9457E-03 
              339.201E+12         50.9583E-03 
              341.819E+12         50.9831E-03 
              347.055E+12         51.0314E-03 
              349.019E+12         51.0494E-03 
              352.946E+12         51.0845E-03 
              354.909E+12         51.1019E-03 
              358.837E+12         51.1359E-03 
              364.727E+12         51.1853E-03 
              370.618E+12         51.2331E-03 
              376.509E+12         51.2794E-03 
              378.718E+12         51.2966E-03 
              383.136E+12         51.3301E-03 
              391.973E+12         51.394E-03  
              395.286E+12         51.4175E-03 
              401.913E+12         51.4628E-03 
              404.399E+12         51.4796E-03 
              409.369E+12         51.5122E-03 
              416.825E+12         51.5591E-03 
              418.689E+12         51.5707E-03 
              420.552E+12         51.5822E-03 
              424.28E+12          51.6047E-03 
              425.678E+12         51.6131E-03 
              427.775E+12         51.6255E-03 
              431.969E+12         51.6498E-03 
              438.259E+12         51.6848E-03 
              444.55E+12          51.7187E-03 
              450.841E+12         51.7514E-03 
              453.2E+12           51.7635E-03 
              457.918E+12         51.787E-03  
              467.354E+12         51.8317E-03 
              470.892E+12         51.8481E-03 
              477.969E+12         51.8796E-03 
              488.585E+12         51.924E-03  
              491.239E+12         51.935E-03  
              493.892E+12         51.9458E-03 
              499.2E+12           51.9666E-03 
              501.854E+12         51.9769E-03 
              503.181E+12         51.982E-03  
              505.835E+12         51.9921E-03 
              509.816E+12         52.0068E-03 
              515.787E+12         52.0281E-03 
              518.026E+12         52.036E-03  
              522.505E+12         52.0513E-03 
              531.461E+12         52.0805E-03 
              544.897E+12         52.1208E-03 
              549.935E+12         52.1355E-03 
              560.011E+12         52.1631E-03 
              575.126E+12         52.2009E-03 
              580.794E+12         52.2146E-03 
              589.296E+12         52.234E-03  
              592.484E+12         52.2412E-03 
              598.86E+12          52.2549E-03 
              601.252E+12         52.26E-03   
              606.034E+12         52.2698E-03 
              613.208E+12         52.2838E-03 
              623.968E+12         52.3035E-03 
              628.003E+12         52.3107E-03 
              630.021E+12         52.3142E-03 
              634.056E+12         52.3211E-03 
              640.109E+12         52.331E-03  
              642.378E+12         52.3347E-03 
              646.918E+12         52.3417E-03 
              648.62E+12          52.3444E-03 
              652.025E+12         52.3495E-03 
              653.727E+12         52.352E-03  
              657.132E+12         52.357E-03  
              662.239E+12         52.3641E-03 
              669.899E+12         52.3742E-03 
              681.39E+12          52.3882E-03 
              698.626E+12         52.4067E-03 
              705.089E+12         52.4133E-03 
              718.016E+12         52.4251E-03 
              724.479E+12         52.4307E-03 
              737.406E+12         52.4407E-03 
              743.87E+12          52.4454E-03 
              756.797E+12         52.4538E-03 
              776.187E+12         52.4641E-03 
              783.459E+12         52.4677E-03 
              798.002E+12         52.4737E-03 
              805.273E+12         52.4765E-03 
              819.816E+12         52.4809E-03 
              825.269E+12         52.4825E-03 
              827.996E+12         52.4832E-03 
              829.36E+12          52.4836E-03 
              832.086E+12         52.4843E-03 
              833.109E+12         52.4845E-03 
              835.154E+12         52.485E-03  
              838.222E+12         52.4857E-03 
              839.372E+12         52.4859E-03 
              841.097E+12         52.4863E-03 
              843.686E+12         52.4868E-03 
              844.656E+12         52.487E-03  
              846.598E+12         52.4874E-03 
              847.568E+12         52.4876E-03 
              848.054E+12         52.4876E-03 
              849.024E+12         52.4878E-03 
              849.51E+12          52.4879E-03 
              850.48E+12          52.4881E-03 
              851.451E+12         52.4882E-03 
              852.421E+12         52.4884E-03 
              853.877E+12         52.4886E-03 
              856.061E+12         52.4889E-03 
              859.337E+12         52.4894E-03 
              864.251E+12         52.49E-03   
              871.621E+12         52.4906E-03 
              874.385E+12         52.4909E-03 
              879.913E+12         52.4912E-03 
              888.205E+12         52.4914E-03 
              900.643E+12         52.4913E-03 
              905.307E+12         52.4912E-03 
              912.304E+12         52.4909E-03 
              922.798E+12         52.4901E-03 
              933.293E+12         52.489E-03  
              943.787E+12         52.4876E-03 
              947.723E+12         52.487E-03  
              955.594E+12         52.4857E-03 
              958.545E+12         52.4852E-03 
              964.448E+12         52.4841E-03 
              967.4E+12           52.4836E-03 
              973.303E+12         52.4824E-03 
              982.158E+12         52.4804E-03 
              995.44E+12          52.477E-03  
                1.00042E+15       52.4757E-03 
                1.01038E+15       52.4729E-03 
                1.02532E+15       52.4683E-03 
                1.04774E+15       52.4606E-03 
                1.05614E+15       52.4575E-03 
                1.07295E+15       52.4511E-03 
                1.07926E+15       52.4486E-03 
                1.09186E+15       52.4435E-03 
                1.09817E+15       52.4409E-03 
                1.11078E+15       52.4354E-03 
                1.1155E+15        52.4334E-03 
                1.12496E+15       52.4291E-03 
                1.14387E+15       52.4203E-03 
                1.15096E+15       52.417E-03  
                1.16515E+15       52.41E-03   
                1.17047E+15       52.4074E-03 
                1.1811E+15        52.4021E-03 
                1.18509E+15       52.4001E-03 
                1.19307E+15       52.396E-03  
                1.19606E+15       52.3945E-03 
                1.20205E+15       52.3914E-03 
                1.21401E+15       52.3851E-03 
                1.2185E+15        52.3827E-03 
                1.22074E+15       52.3815E-03 
                1.22523E+15       52.3791E-03 
                1.23196E+15       52.3755E-03 
                1.24206E+15       52.37E-03   
                1.25216E+15       52.3645E-03 
                1.26226E+15       52.3589E-03 
                1.2774E+15        52.3503E-03 
                1.30012E+15       52.3373E-03 
                1.30864E+15       52.3324E-03 
                1.32568E+15       52.3224E-03 
                1.3342E+15        52.3175E-03 
                1.35124E+15       52.3074E-03 
                1.3768E+15        52.292E-03  
                1.38638E+15       52.2863E-03 
                1.40555E+15       52.2747E-03 
                1.41274E+15       52.2703E-03 
                1.42712E+15       52.2615E-03 
                1.44869E+15       52.2483E-03 
                1.45677E+15       52.2433E-03 
                1.4689E+15        52.2358E-03 
                1.47497E+15       52.2321E-03 
                1.4871E+15        52.2246E-03 
                1.49316E+15       52.2208E-03 
                1.5053E+15        52.2133E-03 
                1.52349E+15       52.202E-03  
                1.53031E+15       52.1977E-03 
                1.54396E+15       52.1892E-03 
                1.57126E+15       52.1722E-03 
                1.58149E+15       52.1658E-03 
                1.60196E+15       52.1531E-03 
                1.6122E+15        52.1467E-03 
                1.63267E+15       52.1339E-03 
                1.64034E+15       52.1292E-03 
                1.6557E+15        52.1196E-03 
                1.66337E+15       52.1148E-03 
                1.67873E+15       52.1053E-03 
                1.70943E+15       52.0863E-03 
                1.72095E+15       52.0792E-03 
                1.74398E+15       52.065E-03  
                1.77852E+15       52.0439E-03 
                1.83034E+15       52.0125E-03 
                1.84329E+15       52.0046E-03 
                1.85624E+15       51.9968E-03 
                1.88215E+15       51.9813E-03 
                1.93397E+15       51.9505E-03 
                1.9534E+15        51.939E-03  
                1.99226E+15       51.9164E-03 
                2.06998E+15       51.8719E-03 
                2.14771E+15       51.8284E-03 
                2.16714E+15       51.8175E-03 
                2.206E+15         51.7962E-03 
                2.28372E+15       51.7544E-03 
                2.30872E+15       51.7411E-03 
                2.34623E+15       51.7213E-03 
                2.42123E+15       51.6827E-03 
                2.52123E+15       51.6329E-03 
                2.62123E+15       51.5846E-03 
                2.72123E+15       51.5379E-03 
                2.82123E+15       51.4927E-03 
                2.92123E+15       51.449E-03  
                3.02123E+15       51.4066E-03 
                3.12123E+15       51.3656E-03 
                3.22123E+15       51.3258E-03 
                3.32123E+15       51.2874E-03 
                3.34623E+15       51.2778E-03 
                3.39623E+15       51.259E-03  
                3.41498E+15       51.252E-03  
                3.42201E+15       51.2494E-03 
                3.43607E+15       51.2442E-03 
                3.44134E+15       51.2422E-03 
                3.44925E+15       51.2393E-03 
                3.46112E+15       51.2349E-03 
                3.47891E+15       51.2284E-03 
                3.49671E+15       51.2219E-03 
                3.51451E+15       51.2155E-03 
                3.54121E+15       51.2059E-03 
                3.58125E+15       51.1917E-03 
                3.59627E+15       51.1865E-03 
                3.6263E+15        51.176E-03  
                3.67136E+15       51.1604E-03 
                3.73893E+15       51.1376E-03 
                3.83893E+15       51.1049E-03 
                3.93893E+15       51.0732E-03 
                4.03893E+15       51.0423E-03 
                4.13893E+15       51.0124E-03 
                4.23893E+15       50.9833E-03 
                4.33893E+15       50.955E-03  
                4.43893E+15       50.9274E-03 
                4.53893E+15       50.9007E-03 
                4.63893E+15       50.8746E-03 
                4.73893E+15       50.8492E-03 
                4.83893E+15       50.8246E-03 
                4.93893E+15       50.8005E-03 
                5.03893E+15       50.7771E-03 
                5.13893E+15       50.7543E-03 
                5.23893E+15       50.732E-03  
                5.33893E+15       50.7103E-03 
                5.43893E+15       50.6892E-03 
                5.53893E+15       50.6685E-03 
                5.63893E+15       50.6484E-03 
                5.73893E+15       50.6287E-03 
                5.83893E+15       50.6095E-03 
                5.93893E+15       50.5908E-03 
                6.03893E+15       50.5725E-03 
                6.13893E+15       50.5546E-03 
                6.23893E+15       50.5371E-03 
                6.33893E+15       50.52E-03   
                6.43893E+15       50.5034E-03 
                6.53893E+15       50.487E-03  
                6.63893E+15       50.4711E-03 
                6.73893E+15       50.4554E-03 
                6.83893E+15       50.4401E-03 
                6.93893E+15       50.4252E-03 
                7.03893E+15       50.4106E-03 
                7.13893E+15       50.3962E-03 
                7.23893E+15       50.3822E-03 
                7.33893E+15       50.3684E-03 
                7.43893E+15       50.3549E-03 
                7.53893E+15       50.3418E-03 
                7.63893E+15       50.3288E-03 
                7.73893E+15       50.3162E-03 
                7.83893E+15       50.3037E-03 
                7.93893E+15       50.2916E-03 
                8.03893E+15       50.2796E-03 
                8.13893E+15       50.2679E-03 
                8.23893E+15       50.2564E-03 
                8.33893E+15       50.2452E-03 
                8.43893E+15       50.2341E-03 
                8.53893E+15       50.2233E-03 
                8.63893E+15       50.2127E-03 
                8.73893E+15       50.2022E-03 
                8.83893E+15       50.192E-03  
                8.93893E+15       50.1819E-03 
                9.03893E+15       50.172E-03  
                9.13893E+15       50.1623E-03 
                9.23893E+15       50.1528E-03 
                9.33893E+15       50.1434E-03 
                9.43893E+15       50.1342E-03 
                9.53893E+15       50.1252E-03 
                9.63893E+15       50.1163E-03 
                9.73893E+15       50.1076E-03 
                9.83893E+15       50.099E-03  
                9.93893E+15       50.0906E-03 
               10.E+15            50.0855E-03 




