
                  X              _temp_1576   

                0.               -38.946E+03  
                1.E+06           -42.107E+03  
                2.E+06           -42.1162E+03 
                3.E+06           -42.1252E+03 
                5.E+06           -42.1434E+03 
                9.E+06           -42.1791E+03 
               17.E+06           -42.2486E+03 
               33.E+06           -42.3815E+03 
               65.E+06           -42.6248E+03 
              129.E+06           -43.0332E+03 
              257.E+06           -43.6092E+03 
              513.E+06           -44.1888E+03 
                1.025E+09        -44.509E+03  
                2.049E+09        -44.5814E+03 
                4.097E+09        -44.5751E+03 
                8.193E+09        -44.5485E+03 
               15.8595E+09       -44.5105E+03 
               23.526E+09        -44.4819E+03 
               31.1925E+09       -44.4603E+03 
               40.9144E+09       -44.4407E+03 
               50.6363E+09       -44.4266E+03 
               60.3582E+09       -44.4165E+03 
               70.0801E+09       -44.4093E+03 
               82.0782E+09       -44.4033E+03 
               94.0763E+09       -44.3993E+03 
              106.074E+09        -44.3967E+03 
              118.072E+09        -44.395E+03  
              133.295E+09        -44.3937E+03 
              148.518E+09        -44.393E+03  
              163.74E+09         -44.3926E+03 
              182.23E+09         -44.3924E+03 
              200.72E+09         -44.3923E+03 
              219.21E+09         -44.3923E+03 
              241.693E+09        -44.3922E+03 
              264.176E+09        -44.3923E+03 
              286.66E+09         -44.3923E+03 
              313.835E+09        -44.3922E+03 
              341.011E+09        -44.3921E+03 
              368.187E+09        -44.3919E+03 
              395.363E+09        -44.3918E+03 
              429.307E+09        -44.3916E+03 
              463.251E+09        -44.3914E+03 
              497.195E+09        -44.3911E+03 
              531.139E+09        -44.3909E+03 
              573.921E+09        -44.3905E+03 
              616.702E+09        -44.3902E+03 
              659.484E+09        -44.3898E+03 
              702.265E+09        -44.3895E+03 
              755.76E+09         -44.3892E+03 
              809.255E+09        -44.3888E+03 
              862.749E+09        -44.3885E+03 
              916.244E+09        -44.3881E+03 
              983.89E+09         -44.3877E+03 
                1.05154E+12      -44.3874E+03 
                1.11918E+12      -44.387E+03  
                1.20135E+12      -44.3865E+03 
                1.28352E+12      -44.386E+03  
                1.36569E+12      -44.3854E+03 
                1.46642E+12      -44.3848E+03 
                1.56715E+12      -44.3841E+03 
                1.66788E+12      -44.3835E+03 
                1.76862E+12      -44.3829E+03 
                1.89429E+12      -44.3822E+03 
                2.01997E+12      -44.3814E+03 
                2.14564E+12      -44.3805E+03 
                2.27132E+12      -44.3795E+03 
                2.39699E+12      -44.3786E+03 
                2.52267E+12      -44.3776E+03 
                2.64834E+12      -44.3767E+03 
                2.80411E+12      -44.3754E+03 
                2.84305E+12      -44.3751E+03 
                2.92094E+12      -44.3745E+03 
                2.95015E+12      -44.3742E+03 
                3.00856E+12      -44.3736E+03 
                3.09618E+12      -44.3727E+03 
                3.22761E+12      -44.3711E+03 
                3.39671E+12      -44.369E+03  
                3.5658E+12       -44.3671E+03 
                3.7349E+12       -44.3653E+03 
                3.9502E+12       -44.3631E+03 
                4.1655E+12       -44.3609E+03 
                4.3808E+12       -44.3586E+03 
                4.6855E+12       -44.3554E+03 
                4.9902E+12       -44.352E+03  
                5.29491E+12      -44.3488E+03 
                5.40601E+12      -44.3476E+03 
                5.62821E+12      -44.3452E+03 
                5.96151E+12      -44.3417E+03 
                6.0865E+12       -44.3404E+03 
                6.33648E+12      -44.3379E+03 
                6.71144E+12      -44.3341E+03 
                7.27389E+12      -44.3287E+03 
                7.45475E+12      -44.3269E+03 
                7.72603E+12      -44.3243E+03 
                8.13296E+12      -44.3204E+03 
                8.74335E+12      -44.3147E+03 
                8.95779E+12      -44.3128E+03 
                9.27945E+12      -44.3098E+03 
                9.92276E+12      -44.304E+03  
               10.1573E+12       -44.3019E+03 
               10.6265E+12       -44.2977E+03 
               10.8024E+12       -44.2962E+03 
               11.1543E+12       -44.2931E+03 
               11.2862E+12       -44.292E+03  
               11.5501E+12       -44.2897E+03 
               11.6491E+12       -44.2888E+03 
               11.7975E+12       -44.2877E+03 
               12.0202E+12       -44.2859E+03 
               12.3542E+12       -44.2834E+03 
               12.8552E+12       -44.2799E+03 
               13.043E+12        -44.2785E+03 
               13.4188E+12       -44.2759E+03 
               13.9824E+12       -44.2721E+03 
               14.1937E+12       -44.2707E+03 
               14.6165E+12       -44.2679E+03 
               15.4619E+12       -44.2624E+03 
               15.7566E+12       -44.2606E+03 
               16.3459E+12       -44.257E+03  
               17.2299E+12       -44.2519E+03 
               17.4509E+12       -44.2507E+03 
               17.6719E+12       -44.2495E+03 
               18.0034E+12       -44.2478E+03 
               18.1277E+12       -44.2471E+03 
               18.3764E+12       -44.2458E+03 
               18.4696E+12       -44.2454E+03 
               18.6561E+12       -44.2443E+03 
               19.029E+12        -44.2425E+03 
               19.5884E+12       -44.2396E+03 
               20.1478E+12       -44.2367E+03 
               20.7072E+12       -44.234E+03  
               20.917E+12        -44.2329E+03 
               21.3366E+12       -44.231E+03  
               21.9659E+12       -44.2282E+03 
               22.2019E+12       -44.2272E+03 
               22.6739E+12       -44.2252E+03 
               23.3819E+12       -44.2224E+03 
               23.6474E+12       -44.2214E+03 
               24.1784E+12       -44.2194E+03 
               24.3776E+12       -44.2187E+03 
               24.7758E+12       -44.2174E+03 
               24.9749E+12       -44.2167E+03 
               25.3732E+12       -44.2154E+03 
               25.9706E+12       -44.2135E+03 
               26.1946E+12       -44.2128E+03 
               26.6426E+12       -44.2115E+03 
               26.8666E+12       -44.2109E+03 
               27.3147E+12       -44.2096E+03 
               27.9867E+12       -44.2079E+03 
               28.2388E+12       -44.2073E+03 
               28.7428E+12       -44.206E+03  
               29.7509E+12       -44.2037E+03 
               30.1289E+12       -44.2029E+03 
               30.6959E+12       -44.2017E+03 
               31.5465E+12       -44.1998E+03 
               31.8655E+12       -44.199E+03  
               32.5034E+12       -44.1973E+03 
               33.4603E+12       -44.1946E+03 
               33.8191E+12       -44.1935E+03 
               34.5368E+12       -44.191E+03  
               34.8059E+12       -44.1901E+03 
               35.3442E+12       -44.1882E+03 
               36.4207E+12       -44.1839E+03 
               36.6898E+12       -44.1826E+03 
               36.9589E+12       -44.1814E+03 
               37.4972E+12       -44.1788E+03 
               37.699E+12        -44.1778E+03 
               38.1027E+12       -44.1757E+03 
               38.7082E+12       -44.1722E+03 
               39.6165E+12       -44.1666E+03 
               39.9571E+12       -44.1643E+03 
               40.6384E+12       -44.1595E+03 
               41.6602E+12       -44.152E+03  
               42.682E+12        -44.1437E+03 
               42.9375E+12       -44.1414E+03 
               43.4484E+12       -44.1368E+03 
               44.2148E+12       -44.1292E+03 
               44.5022E+12       -44.1262E+03 
               44.9332E+12       -44.1215E+03 
               45.5799E+12       -44.1142E+03 
               46.5498E+12       -44.1025E+03 
               46.9135E+12       -44.0978E+03 
               47.641E+12        -44.0882E+03 
               47.9138E+12       -44.0844E+03 
               48.4594E+12       -44.0769E+03 
               49.5506E+12       -44.0615E+03 
               49.9598E+12       -44.0553E+03 
               50.7782E+12       -44.0432E+03 
               51.0851E+12       -44.0385E+03 
               51.5454E+12       -44.0315E+03 
               51.718E+12        -44.0288E+03 
               52.0633E+12       -44.0235E+03 
               52.5812E+12       -44.0156E+03 
               53.358E+12        -44.0036E+03 
               53.6493E+12       -43.999E+03  
               54.2319E+12       -43.9898E+03 
               54.4504E+12       -43.9864E+03 
               54.7782E+12       -43.9812E+03 
               55.2697E+12       -43.9734E+03 
               55.4541E+12       -43.9704E+03 
               55.7306E+12       -43.966E+03  
               56.1454E+12       -43.9594E+03 
               56.3009E+12       -43.957E+03  
               56.5342E+12       -43.9533E+03 
               56.8842E+12       -43.9478E+03 
               57.4092E+12       -43.9399E+03 
               58.1966E+12       -43.9285E+03 
               59.3777E+12       -43.9123E+03 
               59.8207E+12       -43.9061E+03 
               60.7065E+12       -43.8946E+03 
               62.0353E+12       -43.8785E+03 
               62.5336E+12       -43.8724E+03 
               63.5302E+12       -43.8609E+03 
               63.9039E+12       -43.8566E+03 
               64.4645E+12       -43.8502E+03 
               65.5856E+12       -43.838E+03  
               66.0061E+12       -43.8333E+03 
               66.6367E+12       -43.8265E+03 
               67.5827E+12       -43.8162E+03 
               69.0017E+12       -43.8011E+03 
               69.3564E+12       -43.7972E+03 
               69.7112E+12       -43.7932E+03 
               70.4207E+12       -43.7855E+03 
               71.4849E+12       -43.7736E+03 
               73.0813E+12       -43.7555E+03 
               73.6799E+12       -43.7484E+03 
               74.8771E+12       -43.734E+03  
               75.3261E+12       -43.7284E+03 
               76.2241E+12       -43.7167E+03 
               76.5608E+12       -43.7122E+03 
               77.2342E+12       -43.7027E+03 
               77.4868E+12       -43.6991E+03 
               77.5815E+12       -43.6977E+03 
               77.7236E+12       -43.6955E+03 
               77.7768E+12       -43.6947E+03 
               77.8567E+12       -43.6935E+03 
               77.9766E+12       -43.6916E+03 
               78.1564E+12       -43.6887E+03 
               78.4261E+12       -43.6842E+03 
               78.8306E+12       -43.6777E+03 
               79.4374E+12       -43.6682E+03 
               80.3476E+12       -43.6547E+03 
               81.7129E+12       -43.6352E+03 
               82.2249E+12       -43.6279E+03 
               83.2488E+12       -43.6138E+03 
               84.7848E+12       -43.5935E+03 
               85.3608E+12       -43.5858E+03 
               86.5127E+12       -43.5707E+03 
               87.0887E+12       -43.5632E+03 
               88.2407E+12       -43.5483E+03 
               88.8167E+12       -43.5409E+03 
               89.1047E+12       -43.5372E+03 
               89.6806E+12       -43.5297E+03 
               89.9686E+12       -43.526E+03  
               90.1126E+12       -43.5242E+03 
               90.4006E+12       -43.5207E+03 
               90.6886E+12       -43.5172E+03 
               90.9766E+12       -43.5137E+03 
               91.4086E+12       -43.5083E+03 
               92.0566E+12       -43.5001E+03 
               93.0285E+12       -43.4876E+03 
               94.4865E+12       -43.4688E+03 
               95.0332E+12       -43.4617E+03 
               96.1267E+12       -43.4473E+03 
               97.7669E+12       -43.4259E+03 
               98.382E+12        -43.4177E+03 
               99.6121E+12       -43.4014E+03 
              101.457E+12        -43.3768E+03 
              103.303E+12        -43.3523E+03 
              105.148E+12        -43.328E+03  
              105.84E+12         -43.3187E+03 
              106.186E+12        -43.3142E+03 
              106.878E+12        -43.3051E+03 
              107.224E+12        -43.3004E+03 
              107.916E+12        -43.2913E+03 
              108.608E+12        -43.2822E+03 
              109.3E+12          -43.2732E+03 
              110.337E+12        -43.2596E+03 
              110.727E+12        -43.2546E+03 
              111.505E+12        -43.2445E+03 
              113.062E+12        -43.2245E+03 
              113.646E+12        -43.217E+03  
              114.522E+12        -43.2057E+03 
              115.835E+12        -43.1889E+03 
              117.806E+12        -43.1639E+03 
              119.776E+12        -43.1397E+03 
              121.747E+12        -43.116E+03  
              122.486E+12        -43.1071E+03 
              123.963E+12        -43.0896E+03 
              124.333E+12        -43.0852E+03 
              124.702E+12        -43.0808E+03 
              124.841E+12        -43.0791E+03 
              125.049E+12        -43.0766E+03 
              125.361E+12        -43.0726E+03 
              125.477E+12        -43.0712E+03 
              125.653E+12        -43.0689E+03 
              125.916E+12        -43.0655E+03 
              126.31E+12         -43.0607E+03 
              126.902E+12        -43.0537E+03 
              127.79E+12         -43.0435E+03 
              129.121E+12        -43.0283E+03 
              131.119E+12        -43.006E+03  
              134.115E+12        -42.9738E+03 
              135.238E+12        -42.9618E+03 
              136.924E+12        -42.9442E+03 
              137.555E+12        -42.9375E+03 
              138.819E+12        -42.9246E+03 
              141.347E+12        -42.8992E+03 
              141.979E+12        -42.8929E+03 
              142.611E+12        -42.8866E+03 
              143.875E+12        -42.8742E+03 
              145.771E+12        -42.856E+03  
              146.482E+12        -42.8491E+03 
              147.904E+12        -42.8357E+03 
              150.037E+12        -42.816E+03  
              153.236E+12        -42.7879E+03 
              154.436E+12        -42.7775E+03 
              154.886E+12        -42.7736E+03 
              155.561E+12        -42.7678E+03 
              155.814E+12        -42.7657E+03 
              156.32E+12         -42.7614E+03 
              157.079E+12        -42.7551E+03 
              158.218E+12        -42.7456E+03 
              159.926E+12        -42.7316E+03 
              160.567E+12        -42.7264E+03 
              161.848E+12        -42.7163E+03 
              164.411E+12        -42.6966E+03 
              165.371E+12        -42.6894E+03 
              167.293E+12        -42.6754E+03 
              170.176E+12        -42.6552E+03 
              171.257E+12        -42.6479E+03 
              173.419E+12        -42.6333E+03 
              174.23E+12         -42.6279E+03 
              175.851E+12        -42.6173E+03 
              178.283E+12        -42.6019E+03 
              179.196E+12        -42.5961E+03 
              181.02E+12         -42.585E+03  
              183.756E+12        -42.5688E+03 
              187.86E+12         -42.5457E+03 
              189.4E+12          -42.5372E+03 
              190.169E+12        -42.533E+03  
              191.708E+12        -42.5247E+03 
              194.787E+12        -42.5084E+03 
              195.941E+12        -42.5024E+03 
              198.25E+12         -42.4907E+03 
              201.713E+12        -42.4735E+03 
              203.012E+12        -42.4672E+03 
              205.609E+12        -42.4548E+03 
              206.583E+12        -42.4502E+03 
              208.531E+12        -42.4411E+03 
              211.453E+12        -42.4278E+03 
              215.836E+12        -42.4086E+03 
              217.48E+12         -42.4016E+03 
              220.767E+12        -42.3879E+03 
              225.698E+12        -42.3683E+03 
              227.547E+12        -42.3611E+03 
              230.32E+12         -42.3505E+03 
              231.361E+12        -42.3465E+03 
              233.441E+12        -42.3388E+03 
              234.481E+12        -42.3349E+03 
              236.561E+12        -42.3275E+03 
              239.681E+12        -42.3165E+03 
              240.852E+12        -42.3124E+03 
              243.192E+12        -42.3043E+03 
              246.702E+12        -42.2922E+03 
              248.019E+12        -42.2878E+03 
              250.651E+12        -42.279E+03  
              254.601E+12        -42.2658E+03 
              255.588E+12        -42.2624E+03 
              256.575E+12        -42.2592E+03 
              258.55E+12         -42.2525E+03 
              261.512E+12        -42.2426E+03 
              265.954E+12        -42.2281E+03 
              267.62E+12         -42.2228E+03 
              270.953E+12        -42.2123E+03 
              272.202E+12        -42.2084E+03 
              274.701E+12        -42.2007E+03 
              279.699E+12        -42.186E+03  
              281.574E+12        -42.1806E+03 
              285.322E+12        -42.1702E+03 
              286.728E+12        -42.1663E+03 
              289.539E+12        -42.159E+03  
              290.594E+12        -42.1562E+03 
              292.175E+12        -42.1522E+03 
              294.547E+12        -42.1461E+03 
              298.106E+12        -42.137E+03  
              299.44E+12         -42.1337E+03 
              301.441E+12        -42.1287E+03 
              304.444E+12        -42.1216E+03 
              308.947E+12        -42.1116E+03 
              310.636E+12        -42.1081E+03 
              314.014E+12        -42.1012E+03 
              315.28E+12         -42.0988E+03 
              317.813E+12        -42.094E+03  
              322.88E+12         -42.0852E+03 
              324.146E+12        -42.0831E+03 
              325.413E+12        -42.0811E+03 
              327.946E+12        -42.0771E+03 
              333.012E+12        -42.0698E+03 
              340.612E+12        -42.0599E+03 
              342.512E+12        -42.0575E+03 
              344.412E+12        -42.0551E+03 
              348.211E+12        -42.0506E+03 
              353.911E+12        -42.0443E+03 
              356.048E+12        -42.0419E+03 
              360.323E+12        -42.0374E+03 
              366.735E+12        -42.0311E+03 
              376.353E+12        -42.0223E+03 
              378.758E+12        -42.0203E+03 
              381.163E+12        -42.0183E+03 
              385.972E+12        -42.0145E+03 
              393.185E+12        -42.0092E+03 
              395.89E+12         -42.0073E+03 
              401.3E+12          -42.0037E+03 
              409.416E+12        -41.9986E+03 
              412.459E+12        -41.9969E+03 
              418.546E+12        -41.9936E+03 
              420.828E+12        -41.9924E+03 
              425.393E+12        -41.9901E+03 
              432.24E+12         -41.987E+03  
              442.511E+12        -41.9827E+03 
              457.917E+12        -41.9777E+03 
              461.769E+12        -41.9766E+03 
              465.621E+12        -41.9756E+03 
              473.324E+12        -41.9737E+03 
              488.73E+12         -41.9707E+03 
              494.508E+12        -41.9697E+03 
              506.063E+12        -41.968E+03  
              523.395E+12        -41.9659E+03 
              529.894E+12        -41.9652E+03 
              542.893E+12        -41.9641E+03 
              562.392E+12        -41.9626E+03 
              569.704E+12        -41.9621E+03 
              584.328E+12        -41.9612E+03 
              606.264E+12        -41.96E+03   
              614.49E+12         -41.9597E+03 
              630.943E+12        -41.9589E+03 
              663.847E+12        -41.9574E+03 
              676.186E+12        -41.9569E+03 
              700.864E+12        -41.956E+03  
              713.203E+12        -41.9554E+03 
              737.881E+12        -41.9545E+03 
              774.898E+12        -41.9532E+03 
              811.915E+12        -41.9519E+03 
              821.17E+12         -41.9516E+03 
              839.678E+12        -41.951E+03  
              876.695E+12        -41.9499E+03 
              880.166E+12        -41.9498E+03 
              885.371E+12        -41.9496E+03 
              887.974E+12        -41.9495E+03 
              889.275E+12        -41.9495E+03 
              891.878E+12        -41.9494E+03 
              895.782E+12        -41.9493E+03 
              901.638E+12        -41.9491E+03 
              910.423E+12        -41.9489E+03 
              919.207E+12        -41.9486E+03 
              927.992E+12        -41.9484E+03 
              941.168E+12        -41.948E+03  
              967.521E+12        -41.9474E+03 
                1.00705E+15      -41.9464E+03 
                1.02187E+15      -41.9461E+03 
                1.04411E+15      -41.9456E+03 
                1.07746E+15      -41.9449E+03 
                1.08997E+15      -41.9447E+03 
                1.11498E+15      -41.9442E+03 
                1.16501E+15      -41.9434E+03 
                1.17752E+15      -41.9432E+03 
                1.19003E+15      -41.943E+03  
                1.21504E+15      -41.9426E+03 
                1.22755E+15      -41.9424E+03 
                1.25257E+15      -41.9421E+03 
                1.29009E+15      -41.9416E+03 
                1.30416E+15      -41.9414E+03 
                1.3323E+15       -41.9411E+03 
                1.34285E+15      -41.941E+03  
                1.34681E+15      -41.941E+03  
                1.35473E+15      -41.9409E+03 
                1.3666E+15       -41.9407E+03 
                1.37105E+15      -41.9407E+03 
                1.37773E+15      -41.9406E+03 
                1.38775E+15      -41.9405E+03 
                1.3915E+15       -41.9405E+03 
                1.39902E+15      -41.9404E+03 
                1.41028E+15      -41.9403E+03 
                1.41451E+15      -41.9403E+03 
                1.42085E+15      -41.9403E+03 
                1.42323E+15      -41.9402E+03 
                1.42798E+15      -41.9402E+03 
                1.43036E+15      -41.9402E+03 
                1.43511E+15      -41.9401E+03 
                1.4369E+15       -41.9401E+03 
                1.44046E+15      -41.9401E+03 
                1.44581E+15      -41.94E+03   
                1.45383E+15      -41.94E+03   
                1.46587E+15      -41.9398E+03 
                1.48392E+15      -41.9397E+03 
                1.511E+15        -41.9395E+03 
                1.55161E+15      -41.9392E+03 
                1.56684E+15      -41.9391E+03 
                1.5973E+15       -41.939E+03  
                1.643E+15        -41.9387E+03 
                1.66013E+15      -41.9386E+03 
                1.66656E+15      -41.9386E+03 
                1.67619E+15      -41.9385E+03 
                1.69065E+15      -41.9385E+03 
                1.69607E+15      -41.9384E+03 
                1.70692E+15      -41.9384E+03 
                1.72318E+15      -41.9383E+03 
                1.74758E+15      -41.9382E+03 
                1.78417E+15      -41.9381E+03 
                1.83907E+15      -41.9378E+03 
                1.85965E+15      -41.9378E+03 
                1.90082E+15      -41.9376E+03 
                1.91626E+15      -41.9376E+03 
                1.92205E+15      -41.9376E+03 
                1.93363E+15      -41.9375E+03 
                1.93797E+15      -41.9375E+03 
                1.94665E+15      -41.9375E+03 
                1.95968E+15      -41.9375E+03 
                1.97922E+15      -41.9374E+03 
                2.00853E+15      -41.9374E+03 
                2.05249E+15      -41.9373E+03 
                2.11844E+15      -41.9371E+03 
                2.21736E+15      -41.937E+03  
                2.31736E+15      -41.9368E+03 
                2.41736E+15      -41.9367E+03 
                2.51736E+15      -41.9366E+03 
                2.61736E+15      -41.9366E+03 
                2.71736E+15      -41.9365E+03 
                2.81736E+15      -41.9364E+03 
                2.91736E+15      -41.9364E+03 
                3.01736E+15      -41.9363E+03 
                3.11736E+15      -41.9363E+03 
                3.21736E+15      -41.9363E+03 
                3.31736E+15      -41.9363E+03 
                3.41736E+15      -41.9362E+03 
                3.51736E+15      -41.9362E+03 
                3.61736E+15      -41.9362E+03 
                3.71736E+15      -41.9362E+03 
                3.81736E+15      -41.9362E+03 
                3.91736E+15      -41.9362E+03 
                4.E+15           -41.9362E+03 




