                0.                27.667E-03  
                1.E+06            50.6889E-03 
                2.E+06            50.6906E-03 
                3.E+06            50.6906E-03 
                5.E+06            50.6906E-03 
                9.E+06            50.6906E-03 
               17.E+06            50.6906E-03 
               33.E+06            50.6906E-03 
               65.E+06            50.6906E-03 
              129.E+06            50.6905E-03 
              257.E+06            50.6904E-03 
              513.E+06            50.6903E-03 
                1.025E+09         50.6899E-03 
                2.049E+09         50.6892E-03 
                4.097E+09         50.6879E-03 
                8.193E+09         50.6856E-03 
               15.8595E+09        50.6813E-03 
               23.526E+09         50.6771E-03 
               31.1925E+09        50.6728E-03 
               40.9144E+09        50.6675E-03 
               50.6363E+09        50.6622E-03 
               60.3582E+09        50.6569E-03 
               70.0801E+09        50.6516E-03 
               82.0782E+09        50.6452E-03 
               94.0763E+09        50.6387E-03 
              106.074E+09         50.6323E-03 
              118.072E+09         50.6259E-03 
              133.295E+09         50.6178E-03 
              148.518E+09         50.6098E-03 
              163.74E+09          50.6018E-03 
              182.23E+09          50.5921E-03 
              200.72E+09          50.5825E-03 
              219.21E+09          50.573E-03  
              241.693E+09         50.5614E-03 
              264.176E+09         50.55E-03   
              286.66E+09          50.5386E-03 
              313.835E+09         50.525E-03  
              341.011E+09         50.5115E-03 
              368.187E+09         50.4981E-03 
              395.363E+09         50.4849E-03 
              429.307E+09         50.4685E-03 
              463.251E+09         50.4523E-03 
              497.195E+09         50.4363E-03 
              531.139E+09         50.4204E-03 
              573.921E+09         50.4007E-03 
              616.702E+09         50.3813E-03 
              659.484E+09         50.3622E-03 
              702.265E+09         50.3433E-03 
              755.76E+09          50.3201E-03 
              809.255E+09         50.2973E-03 
              862.749E+09         50.2749E-03 
              916.244E+09         50.2529E-03 
              983.89E+09          50.2257E-03 
                1.05154E+12       50.1991E-03 
                1.11918E+12       50.173E-03  
                1.20135E+12       50.1422E-03 
                1.28352E+12       50.1123E-03 
                1.36569E+12       50.0831E-03 
                1.46642E+12       50.0485E-03 
                1.56715E+12       50.015E-03  
                1.66788E+12       49.9827E-03 
                1.76862E+12       49.9514E-03 
                1.89429E+12       49.9139E-03 
                2.01997E+12       49.878E-03  
                2.14564E+12       49.8435E-03 
                2.27132E+12       49.8105E-03 
                2.39699E+12       49.7788E-03 
                2.52267E+12       49.7485E-03 
                2.64834E+12       49.7194E-03 
                2.80411E+12       49.6853E-03 
                2.84305E+12       49.6769E-03 
                2.92094E+12       49.6605E-03 
                2.95015E+12       49.6544E-03 
                3.00856E+12       49.6425E-03 
                3.09618E+12       49.6252E-03 
                3.22761E+12       49.6004E-03 
                3.39671E+12       49.5704E-03 
                3.5658E+12        49.5422E-03 
                3.7349E+12        49.5156E-03 
                3.9502E+12        49.4845E-03 
                4.1655E+12        49.4558E-03 
                4.3808E+12        49.4295E-03 
                4.6855E+12        49.3966E-03 
                4.9902E+12        49.3676E-03 
                5.29491E+12       49.3424E-03 
                5.40601E+12       49.3337E-03 
                5.62821E+12       49.318E-03  
                5.96151E+12       49.2984E-03 
                6.0865E+12        49.2915E-03 
                6.33648E+12       49.2797E-03 
                6.71144E+12       49.266E-03  
                7.27389E+12       49.2533E-03 
                7.45475E+12       49.25E-03   
                7.72603E+12       49.2468E-03 
                8.13296E+12       49.2452E-03 
                8.74335E+12       49.2495E-03 
                8.95779E+12       49.2519E-03 
                9.27945E+12       49.257E-03  
                9.92276E+12       49.273E-03  
               10.1573E+12        49.2795E-03 
               10.6265E+12        49.2953E-03 
               10.8024E+12        49.3015E-03 
               11.1543E+12        49.3154E-03 
               11.2862E+12        49.3207E-03 
               11.5501E+12        49.3321E-03 
               11.6491E+12        49.3366E-03 
               11.7975E+12        49.3433E-03 
               12.0202E+12        49.3539E-03 
               12.3542E+12        49.3708E-03 
               12.8552E+12        49.3979E-03 
               13.043E+12         49.4084E-03 
               13.4188E+12        49.4302E-03 
               13.9824E+12        49.4648E-03 
               14.1937E+12        49.4781E-03 
               14.6165E+12        49.5055E-03 
               15.4619E+12        49.5636E-03 
               15.7566E+12        49.5842E-03 
               16.3459E+12        49.6267E-03 
               17.2299E+12        49.693E-03  
               17.4509E+12        49.7097E-03 
               17.6719E+12        49.7266E-03 
               18.0034E+12        49.7522E-03 
               18.1277E+12        49.7618E-03 
               18.3764E+12        49.7813E-03 
               18.4696E+12        49.7886E-03 
               18.6561E+12        49.8033E-03 
               19.029E+12         49.833E-03  
               19.5884E+12        49.8782E-03 
               20.1478E+12        49.924E-03  
               20.7072E+12        49.9702E-03 
               20.917E+12         49.9876E-03 
               21.3366E+12        50.0226E-03 
               21.9659E+12        50.0757E-03 
               22.2019E+12        50.0956E-03 
               22.6739E+12        50.1357E-03 
               23.3819E+12        50.1963E-03 
               23.6474E+12        50.2191E-03 
               24.1784E+12        50.2648E-03 
               24.3776E+12        50.282E-03  
               24.7758E+12        50.3165E-03 
               24.9749E+12        50.3337E-03 
               25.3732E+12        50.3682E-03 
               25.9706E+12        50.4202E-03 
               26.1946E+12        50.4397E-03 
               26.6426E+12        50.4788E-03 
               26.8666E+12        50.4983E-03 
               27.3147E+12        50.5374E-03 
               27.9867E+12        50.5962E-03 
               28.2388E+12        50.6183E-03 
               28.7428E+12        50.6623E-03 
               29.7509E+12        50.7505E-03 
               30.1289E+12        50.7835E-03 
               30.6959E+12        50.833E-03  
               31.5465E+12        50.9072E-03 
               31.8655E+12        50.935E-03  
               32.5034E+12        50.9905E-03 
               33.4603E+12        51.0736E-03 
               33.8191E+12        51.1047E-03 
               34.5368E+12        51.1668E-03 
               34.8059E+12        51.19E-03   
               35.3442E+12        51.2365E-03 
               36.4207E+12        51.3289E-03 
               36.6898E+12        51.352E-03  
               36.9589E+12        51.375E-03  
               37.4972E+12        51.4211E-03 
               37.699E+12         51.4383E-03 
               38.1027E+12        51.4727E-03 
               38.7082E+12        51.5243E-03 
               39.6165E+12        51.6012E-03 
               39.9571E+12        51.63E-03   
               40.6384E+12        51.6874E-03 
               41.6602E+12        51.7731E-03 
               42.682E+12         51.8583E-03 
               42.9375E+12        51.8796E-03 
               43.4484E+12        51.9221E-03 
               44.2148E+12        51.9856E-03 
               44.5022E+12        52.0093E-03 
               44.9332E+12        52.0449E-03 
               45.5799E+12        52.0981E-03 
               46.5498E+12        52.1775E-03 
               46.9135E+12        52.2073E-03 
               47.641E+12         52.2665E-03 
               47.9138E+12        52.2887E-03 
               48.4594E+12        52.3329E-03 
               49.5506E+12        52.421E-03  
               49.9598E+12        52.4539E-03 
               50.7782E+12        52.5196E-03 
               51.0851E+12        52.5442E-03 
               51.5454E+12        52.5809E-03 
               51.718E+12         52.5947E-03 
               52.0633E+12        52.6223E-03 
               52.5812E+12        52.6635E-03 
               53.358E+12         52.725E-03  
               53.6493E+12        52.7481E-03 
               54.2319E+12        52.7941E-03 
               54.4504E+12        52.8113E-03 
               54.7782E+12        52.8371E-03 
               55.2697E+12        52.8758E-03 
               55.4541E+12        52.8902E-03 
               55.7306E+12        52.9119E-03 
               56.1454E+12        52.9444E-03 
               56.3009E+12        52.9566E-03 
               56.5342E+12        52.9748E-03 
               56.8842E+12        53.0021E-03 
               57.4092E+12        53.043E-03  
               58.1966E+12        53.1041E-03 
               59.3777E+12        53.1953E-03 
               59.8207E+12        53.2294E-03 
               60.7065E+12        53.2974E-03 
               62.0353E+12        53.399E-03  
               62.5336E+12        53.437E-03  
               63.5302E+12        53.5127E-03 
               63.9039E+12        53.541E-03  
               64.4645E+12        53.5834E-03 
               65.5856E+12        53.6679E-03 
               66.0061E+12        53.6996E-03 
               66.6367E+12        53.7469E-03 
               67.5827E+12        53.8177E-03 
               69.0017E+12        53.9233E-03 
               69.3564E+12        53.9497E-03 
               69.7112E+12        53.9761E-03 
               70.4207E+12        54.0286E-03 
               71.4849E+12        54.1071E-03 
               73.0813E+12        54.2243E-03 
               73.6799E+12        54.2681E-03 
               74.8771E+12        54.3554E-03 
               75.3261E+12        54.3881E-03 
               76.2241E+12        54.4533E-03 
               76.5608E+12        54.4777E-03 
               77.2342E+12        54.5264E-03 
               77.4868E+12        54.5447E-03 
               77.5815E+12        54.5515E-03 
               77.7236E+12        54.5618E-03 
               77.7768E+12        54.5656E-03 
               77.8567E+12        54.5714E-03 
               77.9766E+12        54.5801E-03 
               78.1564E+12        54.593E-03  
               78.4261E+12        54.6125E-03 
               78.8306E+12        54.6416E-03 
               79.4374E+12        54.6851E-03 
               80.3476E+12        54.7503E-03 
               81.7129E+12        54.8476E-03 
               82.2249E+12        54.884E-03  
               83.2488E+12        54.9566E-03 
               84.7848E+12        55.0649E-03 
               85.3608E+12        55.1055E-03 
               86.5127E+12        55.1862E-03 
               87.0887E+12        55.2265E-03 
               88.2407E+12        55.3068E-03 
               88.8167E+12        55.3469E-03 
               89.1047E+12        55.3669E-03 
               89.6806E+12        55.4068E-03 
               89.9686E+12        55.4268E-03 
               90.1126E+12        55.4367E-03 
               90.4006E+12        55.4567E-03 
               90.6886E+12        55.4766E-03 
               90.9766E+12        55.4965E-03 
               91.4086E+12        55.5262E-03 
               92.0566E+12        55.5708E-03 
               93.0285E+12        55.6374E-03 
               94.4865E+12        55.7368E-03 
               95.0332E+12        55.774E-03  
               96.1267E+12        55.8481E-03 
               97.7669E+12        55.9585E-03 
               98.382E+12         55.9999E-03 
               99.6121E+12        56.0822E-03 
              101.457E+12         56.2047E-03 
              103.303E+12         56.3264E-03 
              105.148E+12         56.4472E-03 
              105.84E+12          56.4924E-03 
              106.186E+12         56.515E-03  
              106.878E+12         56.56E-03   
              107.224E+12         56.5824E-03 
              107.916E+12         56.6272E-03 
              108.608E+12         56.6719E-03 
              109.3E+12           56.7165E-03 
              110.337E+12         56.783E-03  
              110.727E+12         56.8079E-03 
              111.505E+12         56.8576E-03 
              113.062E+12         56.9562E-03 
              113.646E+12         56.9932E-03 
              114.522E+12         57.0483E-03 
              115.835E+12         57.1306E-03 
              117.806E+12         57.2529E-03 
              119.776E+12         57.3741E-03 
              121.747E+12         57.4943E-03 
              122.486E+12         57.5392E-03 
              123.963E+12         57.6284E-03 
              124.333E+12         57.6506E-03 
              124.702E+12         57.6729E-03 
              124.841E+12         57.6812E-03 
              125.049E+12         57.6937E-03 
              125.361E+12         57.7124E-03 
              125.477E+12         57.7194E-03 
              125.653E+12         57.7299E-03 
              125.916E+12         57.7456E-03 
              126.31E+12          57.7691E-03 
              126.902E+12         57.8044E-03 
              127.79E+12          57.857E-03  
              129.121E+12         57.9354E-03 
              131.119E+12         58.0519E-03 
              134.115E+12         58.224E-03  
              135.238E+12         58.2882E-03 
              136.924E+12         58.3836E-03 
              137.555E+12         58.4193E-03 
              138.819E+12         58.4902E-03 
              141.347E+12         58.6301E-03 
              141.979E+12         58.665E-03  
              142.611E+12         58.6997E-03 
              143.875E+12         58.7687E-03 
              145.771E+12         58.8712E-03 
              146.482E+12         58.9095E-03 
              147.904E+12         58.9855E-03 
              150.037E+12         59.0981E-03 
              153.236E+12         59.2641E-03 
              154.436E+12         59.3259E-03 
              154.886E+12         59.3491E-03 
              155.561E+12         59.3836E-03 
              155.814E+12         59.3966E-03 
              156.32E+12          59.4224E-03 
              157.079E+12         59.4609E-03 
              158.218E+12         59.5183E-03 
              159.926E+12         59.6037E-03 
              160.567E+12         59.6356E-03 
              161.848E+12         59.6988E-03 
              164.411E+12         59.8235E-03 
              165.371E+12         59.87E-03   
              167.293E+12         59.9619E-03 
              170.176E+12         60.0975E-03 
              171.257E+12         60.148E-03  
              173.419E+12         60.2477E-03 
              174.23E+12          60.2848E-03 
              175.851E+12         60.3585E-03 
              178.283E+12         60.4674E-03 
              179.196E+12         60.508E-03  
              181.02E+12          60.5882E-03 
              183.756E+12         60.7066E-03 
              187.86E+12          60.8797E-03 
              189.4E+12           60.9439E-03 
              190.169E+12         60.9759E-03 
              191.708E+12         61.0392E-03 
              194.787E+12         61.1634E-03 
              195.941E+12         61.2096E-03 
              198.25E+12          61.3007E-03 
              201.713E+12         61.4343E-03 
              203.012E+12         61.484E-03  
              205.609E+12         61.5816E-03 
              206.583E+12         61.618E-03  
              208.531E+12         61.6899E-03 
              211.453E+12         61.7956E-03 
              215.836E+12         61.9496E-03 
              217.48E+12          62.0067E-03 
              220.767E+12         62.1185E-03 
              225.698E+12         62.2807E-03 
              227.547E+12         62.3407E-03 
              230.32E+12          62.4291E-03 
              231.361E+12         62.462E-03  
              233.441E+12         62.5269E-03 
              234.481E+12         62.5591E-03 
              236.561E+12         62.6226E-03 
              239.681E+12         62.7159E-03 
              240.852E+12         62.7505E-03 
              243.192E+12         62.8188E-03 
              246.702E+12         62.9186E-03 
              248.019E+12         62.9558E-03 
              250.651E+12         63.0286E-03 
              254.601E+12         63.1349E-03 
              255.588E+12         63.1613E-03 
              256.575E+12         63.1875E-03 
              258.55E+12          63.2392E-03 
              261.512E+12         63.3151E-03 
              265.954E+12         63.4255E-03 
              267.62E+12          63.4664E-03 
              270.953E+12         63.5462E-03 
              272.202E+12         63.5759E-03 
              274.701E+12         63.6342E-03 
              279.699E+12         63.7467E-03 
              281.574E+12         63.7883E-03 
              285.322E+12         63.8693E-03 
              286.728E+12         63.8993E-03 
              289.539E+12         63.9582E-03 
              290.594E+12         63.9802E-03 
              292.175E+12         64.0126E-03 
              294.547E+12         64.0605E-03 
              298.106E+12         64.1305E-03 
              299.44E+12          64.1565E-03 
              301.441E+12         64.1949E-03 
              304.444E+12         64.2512E-03 
              308.947E+12         64.3329E-03 
              310.636E+12         64.3632E-03 
              314.014E+12         64.4222E-03 
              315.28E+12          64.4441E-03 
              317.813E+12         64.4871E-03 
              322.88E+12          64.5699E-03 
              324.146E+12         64.5904E-03 
              325.413E+12         64.6107E-03 
              327.946E+12         64.6505E-03 
              333.012E+12         64.7271E-03 
              340.612E+12         64.8356E-03 
              342.512E+12         64.8623E-03 
              344.412E+12         64.8886E-03 
              348.211E+12         64.9397E-03 
              353.911E+12         65.013E-03  
              356.048E+12         65.04E-03   
              360.323E+12         65.0923E-03 
              366.735E+12         65.1667E-03 
              376.353E+12         65.2702E-03 
              378.758E+12         65.2955E-03 
              381.163E+12         65.3204E-03 
              385.972E+12         65.3682E-03 
              393.185E+12         65.4357E-03 
              395.89E+12          65.4604E-03 
              401.3E+12           65.5076E-03 
              409.416E+12         65.5737E-03 
              412.459E+12         65.5979E-03 
              418.546E+12         65.6436E-03 
              420.828E+12         65.6604E-03 
              425.393E+12         65.6927E-03 
              432.24E+12          65.7381E-03 
              442.511E+12         65.8001E-03 
              457.917E+12         65.8804E-03 
              461.769E+12         65.8997E-03 
              465.621E+12         65.9183E-03 
              473.324E+12         65.9525E-03 
              488.73E+12          66.0105E-03 
              494.508E+12         66.0309E-03 
              506.063E+12         66.0663E-03 
              523.395E+12         66.1087E-03 
              529.894E+12         66.1231E-03 
              542.893E+12         66.1467E-03 
              562.392E+12         66.1713E-03 
              569.704E+12         66.1791E-03 
              584.328E+12         66.1895E-03 
              606.264E+12         66.1946E-03 
              614.49E+12          66.1951E-03 
              630.943E+12         66.1911E-03 
              663.847E+12         66.1664E-03 
              676.186E+12         66.155E-03  
              700.864E+12         66.1246E-03 
              713.203E+12         66.1076E-03 
              737.881E+12         66.0677E-03 
              774.898E+12         65.9971E-03 
              811.915E+12         65.9176E-03 
              821.17E+12          65.8973E-03 
              839.678E+12         65.8548E-03 
              876.695E+12         65.764E-03  
              880.166E+12         65.7554E-03 
              885.371E+12         65.7425E-03 
              887.974E+12         65.736E-03  
              889.275E+12         65.7327E-03 
              891.878E+12         65.7262E-03 
              895.782E+12         65.7163E-03 
              901.638E+12         65.7014E-03 
              910.423E+12         65.6788E-03 
              919.207E+12         65.656E-03  
              927.992E+12         65.6329E-03 
              941.168E+12         65.5978E-03 
              967.521E+12         65.5263E-03 
                1.00705E+15       65.4165E-03 
                1.02187E+15       65.3751E-03 
                1.04411E+15       65.3125E-03 
                1.07746E+15       65.2177E-03 
                1.08997E+15       65.1821E-03 
                1.11498E+15       65.1107E-03 
                1.16501E+15       64.9677E-03 
                1.17752E+15       64.932E-03  
                1.19003E+15       64.8962E-03 
                1.21504E+15       64.825E-03  
                1.22755E+15       64.7893E-03 
                1.25257E+15       64.7184E-03 
                1.29009E+15       64.6127E-03 
                1.30416E+15       64.5732E-03 
                1.3323E+15        64.4947E-03 
                1.34285E+15       64.4653E-03 
                1.34681E+15       64.4543E-03 
                1.35473E+15       64.4323E-03 
                1.3666E+15        64.3995E-03 
                1.37105E+15       64.3872E-03 
                1.37773E+15       64.3687E-03 
                1.38775E+15       64.3412E-03 
                1.3915E+15        64.3309E-03 
                1.39902E+15       64.3102E-03 
                1.41028E+15       64.2794E-03 
                1.41451E+15       64.2679E-03 
                1.42085E+15       64.2506E-03 
                1.42323E+15       64.2441E-03 
                1.42798E+15       64.2312E-03 
                1.43036E+15       64.2248E-03 
                1.43511E+15       64.2119E-03 
                1.4369E+15        64.207E-03  
                1.44046E+15       64.1974E-03 
                1.44581E+15       64.1829E-03 
                1.45383E+15       64.1612E-03 
                1.46587E+15       64.1289E-03 
                1.48392E+15       64.0807E-03 
                1.511E+15         64.009E-03  
                1.55161E+15       63.903E-03  
                1.56684E+15       63.8634E-03 
                1.5973E+15        63.7852E-03 
                1.643E+15         63.6699E-03 
                1.66013E+15       63.6269E-03 
                1.66656E+15       63.6108E-03 
                1.67619E+15       63.5868E-03 
                1.69065E+15       63.5509E-03 
                1.69607E+15       63.5375E-03 
                1.70692E+15       63.5108E-03 
                1.72318E+15       63.4709E-03 
                1.74758E+15       63.4118E-03 
                1.78417E+15       63.3242E-03 
                1.83907E+15       63.1957E-03 
                1.85965E+15       63.1479E-03 
                1.90082E+15       63.0538E-03 
                1.91626E+15       63.0187E-03 
                1.92205E+15       63.0056E-03 
                1.93363E+15       62.9795E-03 
                1.93797E+15       62.9697E-03 
                1.94665E+15       62.9502E-03 
                1.95968E+15       62.9211E-03 
                1.97922E+15       62.8778E-03 
                2.00853E+15       62.8136E-03 
                2.05249E+15       62.7189E-03 
                2.11844E+15       62.5805E-03 
                2.21736E+15       62.3805E-03 
                2.31736E+15       62.1858E-03 
                2.41736E+15       61.9981E-03 
                2.51736E+15       61.8172E-03 
                2.61736E+15       61.6426E-03 
                2.71736E+15       61.474E-03  
                2.81736E+15       61.3112E-03 
                2.91736E+15       61.1538E-03 
                3.01736E+15       61.0015E-03 
                3.11736E+15       60.8541E-03 
                3.21736E+15       60.7114E-03 
                3.31736E+15       60.5731E-03 
                3.41736E+15       60.439E-03  
                3.51736E+15       60.309E-03  
                3.61736E+15       60.1827E-03 
                3.71736E+15       60.0602E-03 
                3.81736E+15       59.9411E-03 
                3.91736E+15       59.8253E-03 
                4.E+15            59.7319E-03 
 